<?xml version="1.0" encoding="UTF-8"?>
<robot generator="Robot 7.0 (Python 3.12.2 on win32)" generated="2024-05-27T22:26:18.640639" rpa="false" schemaversion="5">
<suite id="s1" name="TestCase" source="E:\EXPLEO\Git Own Repo\TestCase">
<suite id="s1-s1" name="TestInformationmoduleprivacy" source="E:\EXPLEO\Git Own Repo\TestCase\TestInformationmoduleprivacy.robot">
<test id="s1-s1-t1" name="Verifying for Privacy notice page" line="15">
<kw name="Open a browser with url" owner="Genericresource" type="SETUP">
<kw name="Create Webdriver" owner="SeleniumLibrary">
<msg time="2024-05-27T22:26:19.307507" level="INFO">Creating an instance of the Chrome WebDriver.</msg>
<arg>${browser}</arg>
<doc>Creates an instance of Selenium WebDriver.</doc>
<status status="PASS" start="2024-05-27T22:26:19.306337" elapsed="2.869209"/>
</kw>
<kw name="Go To" owner="SeleniumLibrary">
<msg time="2024-05-27T22:26:22.175546" level="INFO">Opening url 'https://demowebshop.tricentis.com/'</msg>
<arg>${url}</arg>
<doc>Navigates the current browser window to the provided ``url``.</doc>
<status status="PASS" start="2024-05-27T22:26:22.175546" elapsed="31.799450"/>
</kw>
<kw name="Set Selenium Implicit Wait" owner="SeleniumLibrary">
<arg>10</arg>
<doc>Sets the implicit wait value used by Selenium.</doc>
<status status="PASS" start="2024-05-27T22:26:53.976028" elapsed="0.002088"/>
</kw>
<status status="PASS" start="2024-05-27T22:26:19.303323" elapsed="34.675821"/>
</kw>
<kw name="To assert the Privacy notice page">
<kw name="Run Keyword And Ignore Error" owner="BuiltIn">
<kw name="To click on privacy option" owner="Informationmoduleresource">
<kw name="Run Keyword And Ignore Error" owner="BuiltIn">
<kw name="Click Link" owner="SeleniumLibrary">
<msg time="2024-05-27T22:26:53.984021" level="INFO">Clicking link 'xpath://a[text()="Privacy Notice"]'.</msg>
<arg>${privacy_l}</arg>
<doc>Clicks a link identified by ``locator``.</doc>
<status status="PASS" start="2024-05-27T22:26:53.980150" elapsed="197.158292"/>
</kw>
<arg>Click Link</arg>
<arg>${privacy_l}</arg>
<doc>Runs the given keyword with the given arguments and ignores possible error.</doc>
<status status="PASS" start="2024-05-27T22:26:53.980150" elapsed="197.158292"/>
</kw>
<status status="PASS" start="2024-05-27T22:26:53.980150" elapsed="197.158292"/>
</kw>
<arg>Informationmoduleresource.To click on privacy option</arg>
<doc>Runs the given keyword with the given arguments and ignores possible error.</doc>
<status status="PASS" start="2024-05-27T22:26:53.980150" elapsed="197.158292"/>
</kw>
<kw name="Run Keyword And Ignore Error" owner="BuiltIn">
<kw name="To verify privacy page" owner="Informationmoduleresource">
<kw name="Run Keyword And Ignore Error" owner="BuiltIn">
<kw name="Element Text Should Be" owner="SeleniumLibrary">
<msg time="2024-05-27T22:30:11.139950" level="INFO">Verifying element 'xpath://div[@class="page-title"]/h1' contains exact text 'Privacy policy'.</msg>
<arg>${pagetitle}</arg>
<arg>Privacy policy</arg>
<doc>Verifies that element ``locator`` contains exact the text ``expected``.</doc>
<status status="PASS" start="2024-05-27T22:30:11.139950" elapsed="0.041013"/>
</kw>
<arg>Element Text Should Be</arg>
<arg>${pagetitle}</arg>
<arg>Privacy policy</arg>
<doc>Runs the given keyword with the given arguments and ignores possible error.</doc>
<status status="PASS" start="2024-05-27T22:30:11.139950" elapsed="0.043098"/>
</kw>
<status status="PASS" start="2024-05-27T22:30:11.139950" elapsed="0.043098"/>
</kw>
<arg>Informationmoduleresource.To verify privacy page</arg>
<doc>Runs the given keyword with the given arguments and ignores possible error.</doc>
<status status="PASS" start="2024-05-27T22:30:11.138442" elapsed="0.044606"/>
</kw>
<status status="PASS" start="2024-05-27T22:26:53.979144" elapsed="197.203904"/>
</kw>
<kw name="Close the browser" owner="Genericresource" type="TEARDOWN">
<kw name="Close Browser" owner="SeleniumLibrary">
<doc>Closes the current browser.</doc>
<status status="PASS" start="2024-05-27T22:30:11.183048" elapsed="2.410941"/>
</kw>
<status status="PASS" start="2024-05-27T22:30:11.183048" elapsed="2.410941"/>
</kw>
<tag>smoketest</tag>
<status status="PASS" start="2024-05-27T22:26:19.303323" elapsed="234.290666"/>
</test>
<doc>Test case for sitemap page</doc>
<status status="PASS" start="2024-05-27T22:26:18.705236" elapsed="234.888753"/>
</suite>
<status status="PASS" start="2024-05-27T22:26:18.671047" elapsed="234.934792"/>
</suite>
<statistics>
<total>
<stat pass="1" fail="0" skip="0">All Tests</stat>
</total>
<tag>
<stat pass="1" fail="0" skip="0">smoketest</stat>
</tag>
<suite>
<stat pass="1" fail="0" skip="0" id="s1" name="TestCase">TestCase</stat>
<stat pass="1" fail="0" skip="0" id="s1-s1" name="TestInformationmoduleprivacy">TestCase.TestInformationmoduleprivacy</stat>
</suite>
</statistics>
<errors>
</errors>
</robot>
