<?xml version="1.0" encoding="UTF-8"?>
<robot generator="Robot 7.0 (Python 3.12.2 on win32)" generated="2024-06-02T15:09:21.685377" rpa="false" schemaversion="5">
<suite id="s1" name="TestCase" source="E:\EXPLEO\Git Own Repo\TestCase">
<suite id="s1-s1" name="TestInformationmodulesitemap" source="E:\EXPLEO\Git Own Repo\TestCase\TestInformationmodulesitemap.robot">
<test id="s1-s1-t1" name="Verifying for site map page" line="15">
<kw name="Open the Browser" owner="GenericResources" type="SETUP">
<kw name="Open Browser" owner="SeleniumLibrary">
<msg time="2024-06-02T15:09:22.002257" level="INFO">Opening browser 'Chrome' to base url 'https://demowebshop.tricentis.com/'.</msg>
<arg>${url}</arg>
<arg>${browser_name}</arg>
<doc>Opens a new browser instance to the optional ``url``.</doc>
<status status="PASS" start="2024-06-02T15:09:22.002257" elapsed="4.702512"/>
</kw>
<kw name="Maximize Browser Window" owner="SeleniumLibrary">
<doc>Maximizes current browser window.</doc>
<status status="PASS" start="2024-06-02T15:09:26.704769" elapsed="0.041742"/>
</kw>
<kw name="Set Selenium Implicit Wait" owner="SeleniumLibrary">
<arg>10 seconds</arg>
<doc>Sets the implicit wait value used by Selenium.</doc>
<status status="PASS" start="2024-06-02T15:09:26.747525" elapsed="0.000000"/>
</kw>
<status status="PASS" start="2024-06-02T15:09:22.001742" elapsed="4.745783"/>
</kw>
<kw name="To assert the site map page">
<kw name="Run Keyword And Ignore Error" owner="BuiltIn">
<kw name="To click on sitemap option" owner="Informationmoduleresource">
<kw name="Click Link" owner="SeleniumLibrary">
<msg time="2024-06-02T15:09:26.755994" level="INFO">Clicking link 'xpath://a[text()="Sitemap"]'.</msg>
<arg>${sitemap_l}</arg>
<doc>Clicks a link identified by ``locator``.</doc>
<status status="PASS" start="2024-06-02T15:09:26.755994" elapsed="0.535609"/>
</kw>
<status status="PASS" start="2024-06-02T15:09:26.747525" elapsed="0.545001"/>
</kw>
<arg>Informationmoduleresource.To click on sitemap option</arg>
<doc>Runs the given keyword with the given arguments and ignores possible error.</doc>
<status status="PASS" start="2024-06-02T15:09:26.747525" elapsed="0.545001"/>
</kw>
<kw name="Run Keyword And Ignore Error" owner="BuiltIn">
<kw name="To verify sitepage" owner="Informationmoduleresource">
<kw name="Element Text Should Be" owner="SeleniumLibrary">
<msg time="2024-06-02T15:09:27.293905" level="INFO">Verifying element 'xpath://div[@class="page-title"]/h1' contains exact text 'Sitemap'.</msg>
<arg>${pagetitle}</arg>
<arg>Sitemap</arg>
<doc>Verifies that element ``locator`` contains exact the text ``expected``.</doc>
<status status="PASS" start="2024-06-02T15:09:27.292852" elapsed="0.041383"/>
</kw>
<status status="PASS" start="2024-06-02T15:09:27.292852" elapsed="0.041383"/>
</kw>
<arg>Informationmoduleresource.To verify sitepage</arg>
<doc>Runs the given keyword with the given arguments and ignores possible error.</doc>
<status status="PASS" start="2024-06-02T15:09:27.292852" elapsed="0.041383"/>
</kw>
<kw name="Run Keyword And Ignore Error" owner="BuiltIn">
<kw name="To click book option" owner="bookmoduleresource">
<try>
<branch type="TRY">
<kw name="Click Link" owner="SeleniumLibrary">
<msg time="2024-06-02T15:09:27.334235" level="INFO">Clicking link 'xpath:(//li/a)[5]'.</msg>
<arg>${book_l}</arg>
<doc>Clicks a link identified by ``locator``.</doc>
<status status="PASS" start="2024-06-02T15:09:27.334235" elapsed="0.902857"/>
</kw>
<status status="PASS" start="2024-06-02T15:09:27.334235" elapsed="0.902857"/>
</branch>
<branch type="EXCEPT">
<kw name="Log To Console" owner="BuiltIn">
<arg>Error clicking book option: ${book_l}</arg>
<doc>Logs the given message to the console.</doc>
<status status="NOT RUN" start="2024-06-02T15:09:28.237092" elapsed="0.000000"/>
</kw>
<status status="NOT RUN" start="2024-06-02T15:09:28.237092" elapsed="0.000000"/>
</branch>
<status status="PASS" start="2024-06-02T15:09:27.334235" elapsed="0.902857"/>
</try>
<status status="PASS" start="2024-06-02T15:09:27.334235" elapsed="0.902857"/>
</kw>
<arg>bookmoduleresource.To click book option</arg>
<doc>Runs the given keyword with the given arguments and ignores possible error.</doc>
<status status="PASS" start="2024-06-02T15:09:27.334235" elapsed="0.902857"/>
</kw>
<kw name="Run Keyword And Ignore Error" owner="BuiltIn">
<kw name="To click book option" owner="bookmoduleresource">
<try>
<branch type="TRY">
<kw name="Click Link" owner="SeleniumLibrary">
<msg time="2024-06-02T15:09:28.237092" level="INFO">Clicking link 'xpath:(//li/a)[5]'.</msg>
<arg>${book_l}</arg>
<doc>Clicks a link identified by ``locator``.</doc>
<status status="PASS" start="2024-06-02T15:09:28.237092" elapsed="0.581138"/>
</kw>
<status status="PASS" start="2024-06-02T15:09:28.237092" elapsed="0.581138"/>
</branch>
<branch type="EXCEPT">
<kw name="Log To Console" owner="BuiltIn">
<arg>Error clicking book option: ${book_l}</arg>
<doc>Logs the given message to the console.</doc>
<status status="NOT RUN" start="2024-06-02T15:09:28.818230" elapsed="0.000000"/>
</kw>
<status status="NOT RUN" start="2024-06-02T15:09:28.818230" elapsed="0.000000"/>
</branch>
<status status="PASS" start="2024-06-02T15:09:28.237092" elapsed="0.581138"/>
</try>
<status status="PASS" start="2024-06-02T15:09:28.237092" elapsed="0.581138"/>
</kw>
<arg>bookmoduleresource.To click book option</arg>
<doc>Runs the given keyword with the given arguments and ignores possible error.</doc>
<status status="PASS" start="2024-06-02T15:09:28.237092" elapsed="0.581138"/>
</kw>
<status status="PASS" start="2024-06-02T15:09:26.747525" elapsed="2.070705"/>
</kw>
<kw name="Close Browser Session" owner="GenericResources" type="TEARDOWN">
<kw name="Close Browser" owner="SeleniumLibrary">
<doc>Closes the current browser.</doc>
<status status="PASS" start="2024-06-02T15:09:28.818230" elapsed="2.251728"/>
</kw>
<status status="PASS" start="2024-06-02T15:09:28.818230" elapsed="2.251728"/>
</kw>
<tag>smoketest</tag>
<status status="PASS" start="2024-06-02T15:09:22.000278" elapsed="9.069680"/>
</test>
<doc>Test case for sitemap page</doc>
<status status="PASS" start="2024-06-02T15:09:21.714753" elapsed="9.355205"/>
</suite>
<status status="PASS" start="2024-06-02T15:09:21.699693" elapsed="9.370265"/>
</suite>
<statistics>
<total>
<stat pass="1" fail="0" skip="0">All Tests</stat>
</total>
<tag>
<stat pass="1" fail="0" skip="0">smoketest</stat>
</tag>
<suite>
<stat pass="1" fail="0" skip="0" id="s1" name="TestCase">TestCase</stat>
<stat pass="1" fail="0" skip="0" id="s1-s1" name="TestInformationmodulesitemap">TestCase.TestInformationmodulesitemap</stat>
</suite>
</statistics>
<errors>
</errors>
</robot>
