<?xml version="1.0" encoding="UTF-8"?>
<robot generator="Robot 7.0 (Python 3.12.2 on win32)" generated="2024-06-02T23:43:01.397435" rpa="false" schemaversion="5">
<suite id="s1" name="TestCase" source="E:\EXPLEO\Git Own Repo\TestCase">
<suite id="s1-s1" name="TestInformationmodulesitemap" source="E:\EXPLEO\Git Own Repo\TestCase\TestInformationmodulesitemap.robot">
<test id="s1-s1-t1" name="Verifying for site map page" line="15">
<kw name="Open the Browser" owner="GenericResources" type="SETUP">
<kw name="Open Browser" owner="SeleniumLibrary">
<msg time="2024-06-02T23:43:01.879494" level="INFO">Opening browser 'Chrome' to base url 'https://demowebshop.tricentis.com/'.</msg>
<arg>${url}</arg>
<arg>${browser_name}</arg>
<doc>Opens a new browser instance to the optional ``url``.</doc>
<status status="PASS" start="2024-06-02T23:43:01.879494" elapsed="5.300345"/>
</kw>
<kw name="Maximize Browser Window" owner="SeleniumLibrary">
<doc>Maximizes current browser window.</doc>
<status status="PASS" start="2024-06-02T23:43:07.180840" elapsed="0.060384"/>
</kw>
<kw name="Set Selenium Implicit Wait" owner="SeleniumLibrary">
<arg>10 seconds</arg>
<doc>Sets the implicit wait value used by Selenium.</doc>
<status status="PASS" start="2024-06-02T23:43:07.241224" elapsed="0.003000"/>
</kw>
<status status="PASS" start="2024-06-02T23:43:01.879494" elapsed="5.364730"/>
</kw>
<kw name="To assert the site map page">
<kw name="Run Keyword And Ignore Error" owner="BuiltIn">
<kw name="To click on sitemap option" owner="Informationmoduleresource">
<kw name="Click Link" owner="SeleniumLibrary">
<msg time="2024-06-02T23:43:07.246345" level="INFO">Clicking link 'xpath://a[text()="Sitemap"]'.</msg>
<arg>${sitemap_l}</arg>
<doc>Clicks a link identified by ``locator``.</doc>
<status status="PASS" start="2024-06-02T23:43:07.246345" elapsed="0.619955"/>
</kw>
<status status="PASS" start="2024-06-02T23:43:07.245225" elapsed="0.621075"/>
</kw>
<arg>Informationmoduleresource.To click on sitemap option</arg>
<doc>Runs the given keyword with the given arguments and ignores possible error.</doc>
<status status="PASS" start="2024-06-02T23:43:07.245225" elapsed="0.621075"/>
</kw>
<kw name="Run Keyword And Ignore Error" owner="BuiltIn">
<kw name="To verify sitepage" owner="Informationmoduleresource">
<kw name="Element Text Should Be" owner="SeleniumLibrary">
<msg time="2024-06-02T23:43:07.866300" level="INFO">Verifying element 'xpath://div[@class="page-title"]/h1' contains exact text 'Sitemap'.</msg>
<arg>${pagetitle}</arg>
<arg>Sitemap</arg>
<doc>Verifies that element ``locator`` contains exact the text ``expected``.</doc>
<status status="PASS" start="2024-06-02T23:43:07.866300" elapsed="0.038187"/>
</kw>
<status status="PASS" start="2024-06-02T23:43:07.866300" elapsed="0.038720"/>
</kw>
<arg>Informationmoduleresource.To verify sitepage</arg>
<doc>Runs the given keyword with the given arguments and ignores possible error.</doc>
<status status="PASS" start="2024-06-02T23:43:07.866300" elapsed="0.038720"/>
</kw>
<kw name="Run Keyword And Ignore Error" owner="BuiltIn">
<kw name="To click book option" owner="bookmoduleresource">
<try>
<branch type="TRY">
<kw name="Click Link" owner="SeleniumLibrary">
<msg time="2024-06-02T23:43:07.906037" level="INFO">Clicking link 'xpath:(//li/a)[5]'.</msg>
<arg>${book_l}</arg>
<doc>Clicks a link identified by ``locator``.</doc>
<status status="PASS" start="2024-06-02T23:43:07.906037" elapsed="1.020438"/>
</kw>
<status status="PASS" start="2024-06-02T23:43:07.906037" elapsed="1.020438"/>
</branch>
<branch type="EXCEPT">
<kw name="Log To Console" owner="BuiltIn">
<arg>Error clicking book option: ${book_l}</arg>
<doc>Logs the given message to the console.</doc>
<status status="NOT RUN" start="2024-06-02T23:43:08.926475" elapsed="0.000000"/>
</kw>
<status status="NOT RUN" start="2024-06-02T23:43:08.926475" elapsed="0.002113"/>
</branch>
<status status="PASS" start="2024-06-02T23:43:07.906037" elapsed="1.022551"/>
</try>
<status status="PASS" start="2024-06-02T23:43:07.906037" elapsed="1.022551"/>
</kw>
<arg>bookmoduleresource.To click book option</arg>
<doc>Runs the given keyword with the given arguments and ignores possible error.</doc>
<status status="PASS" start="2024-06-02T23:43:07.905020" elapsed="1.023568"/>
</kw>
<kw name="Run Keyword And Ignore Error" owner="BuiltIn">
<kw name="To click book option" owner="bookmoduleresource">
<try>
<branch type="TRY">
<kw name="Click Link" owner="SeleniumLibrary">
<msg time="2024-06-02T23:43:08.928588" level="INFO">Clicking link 'xpath:(//li/a)[5]'.</msg>
<arg>${book_l}</arg>
<doc>Clicks a link identified by ``locator``.</doc>
<status status="PASS" start="2024-06-02T23:43:08.928588" elapsed="0.620482"/>
</kw>
<status status="PASS" start="2024-06-02T23:43:08.928588" elapsed="0.620482"/>
</branch>
<branch type="EXCEPT">
<kw name="Log To Console" owner="BuiltIn">
<arg>Error clicking book option: ${book_l}</arg>
<doc>Logs the given message to the console.</doc>
<status status="NOT RUN" start="2024-06-02T23:43:09.550828" elapsed="0.000000"/>
</kw>
<status status="NOT RUN" start="2024-06-02T23:43:09.549070" elapsed="0.001758"/>
</branch>
<status status="PASS" start="2024-06-02T23:43:08.928588" elapsed="0.622240"/>
</try>
<status status="PASS" start="2024-06-02T23:43:08.928588" elapsed="0.622240"/>
</kw>
<arg>bookmoduleresource.To click book option</arg>
<doc>Runs the given keyword with the given arguments and ignores possible error.</doc>
<status status="PASS" start="2024-06-02T23:43:08.928588" elapsed="0.622240"/>
</kw>
<status status="PASS" start="2024-06-02T23:43:07.244224" elapsed="2.306604"/>
</kw>
<kw name="Close Browser Session" owner="GenericResources" type="TEARDOWN">
<kw name="Close Browser" owner="SeleniumLibrary">
<doc>Closes the current browser.</doc>
<status status="PASS" start="2024-06-02T23:43:09.551882" elapsed="2.195644"/>
</kw>
<status status="PASS" start="2024-06-02T23:43:09.551882" elapsed="2.195644"/>
</kw>
<tag>smoketest</tag>
<status status="PASS" start="2024-06-02T23:43:01.878425" elapsed="9.869101"/>
</test>
<doc>Test case for sitemap page</doc>
<status status="PASS" start="2024-06-02T23:43:01.454914" elapsed="10.292612"/>
</suite>
<status status="PASS" start="2024-06-02T23:43:01.425796" elapsed="10.324899"/>
</suite>
<statistics>
<total>
<stat pass="1" fail="0" skip="0">All Tests</stat>
</total>
<tag>
<stat pass="1" fail="0" skip="0">smoketest</stat>
</tag>
<suite>
<stat pass="1" fail="0" skip="0" id="s1" name="TestCase">TestCase</stat>
<stat pass="1" fail="0" skip="0" id="s1-s1" name="TestInformationmodulesitemap">TestCase.TestInformationmodulesitemap</stat>
</suite>
</statistics>
<errors>
</errors>
</robot>
