<?xml version="1.0" encoding="UTF-8"?>
<robot generator="Rebot 7.0 (Python 3.12.2 on win32)" generated="2024-06-02T23:43:26.477525" rpa="false" schemaversion="5">
<suite id="s1" name="TestCase" source="E:\EXPLEO\Git Own Repo\TestCase">
<suite id="s1-s1" name="TestBookmoduleaddtocart" source="E:\EXPLEO\Git Own Repo\TestCase\TestBookmoduleaddtocart.robot">
<test id="s1-s1-t1" name="To click product and select add to cart option" line="15">
<kw name="Open a browser with url" owner="Genericresource" type="SETUP">
<kw name="Create Webdriver" owner="SeleniumLibrary">
<msg time="2024-06-02T23:42:41.745664" level="INFO">Creating an instance of the Chrome WebDriver.</msg>
<arg>${browser}</arg>
<doc>Creates an instance of Selenium WebDriver.</doc>
<status status="PASS" start="2024-06-02T23:42:41.745147" elapsed="5.820788"/>
</kw>
<kw name="Go To" owner="SeleniumLibrary">
<msg time="2024-06-02T23:42:47.565935" level="INFO">Opening url 'https://demowebshop.tricentis.com/'</msg>
<arg>${url}</arg>
<doc>Navigates the current browser window to the provided ``url``.</doc>
<status status="PASS" start="2024-06-02T23:42:47.565935" elapsed="1.583610"/>
</kw>
<kw name="Set Selenium Implicit Wait" owner="SeleniumLibrary">
<arg>10</arg>
<doc>Sets the implicit wait value used by Selenium.</doc>
<status status="PASS" start="2024-06-02T23:42:49.149545" elapsed="0.016021"/>
</kw>
<status status="PASS" start="2024-06-02T23:42:41.741636" elapsed="7.423930"/>
</kw>
<kw name="To click on book option">
<kw name="To click book option" owner="bookmoduleresource">
<try>
<branch type="TRY">
<kw name="Click Link" owner="SeleniumLibrary">
<msg time="2024-06-02T23:42:49.173567" level="INFO">Clicking link 'xpath:(//li/a)[5]'.</msg>
<arg>${book_l}</arg>
<doc>Clicks a link identified by ``locator``.</doc>
<status status="PASS" start="2024-06-02T23:42:49.165566" elapsed="5.545338"/>
</kw>
<status status="PASS" start="2024-06-02T23:42:49.165566" elapsed="5.545338"/>
</branch>
<branch type="EXCEPT">
<kw name="Log To Console" owner="BuiltIn">
<arg>Error clicking book option: ${book_l}</arg>
<doc>Logs the given message to the console.</doc>
<status status="NOT RUN" start="2024-06-02T23:42:54.710904" elapsed="0.005005"/>
</kw>
<status status="NOT RUN" start="2024-06-02T23:42:54.710904" elapsed="0.005005"/>
</branch>
<status status="PASS" start="2024-06-02T23:42:49.165566" elapsed="5.550343"/>
</try>
<status status="PASS" start="2024-06-02T23:42:49.165566" elapsed="5.550343"/>
</kw>
<status status="PASS" start="2024-06-02T23:42:49.165566" elapsed="5.550343"/>
</kw>
<kw name="To verify shows book details">
<kw name="Verifiying in book page" owner="bookmoduleresource">
<try>
<branch type="TRY">
<kw name="Element Text Should Be" owner="SeleniumLibrary">
<msg time="2024-06-02T23:42:54.720416" level="INFO">Verifying element 'xpath:(//li/a)[5]' contains exact text 'BOOKS'.</msg>
<arg>${book_l}</arg>
<arg>BOOKS</arg>
<doc>Verifies that element ``locator`` contains exact the text ``expected``.</doc>
<status status="PASS" start="2024-06-02T23:42:54.720416" elapsed="0.041697"/>
</kw>
<status status="PASS" start="2024-06-02T23:42:54.720416" elapsed="0.041697"/>
</branch>
<branch type="EXCEPT">
<kw name="Log To Console" owner="BuiltIn">
<arg>Error verifying book page navigation: ${book_l}</arg>
<doc>Logs the given message to the console.</doc>
<status status="NOT RUN" start="2024-06-02T23:42:54.762113" elapsed="0.000000"/>
</kw>
<status status="NOT RUN" start="2024-06-02T23:42:54.762113" elapsed="0.002262"/>
</branch>
<status status="PASS" start="2024-06-02T23:42:54.720416" elapsed="0.043959"/>
</try>
<status status="PASS" start="2024-06-02T23:42:54.720416" elapsed="0.043959"/>
</kw>
<status status="PASS" start="2024-06-02T23:42:54.715909" elapsed="0.048466"/>
</kw>
<kw name="To select add to cart">
<kw name="click on add to card button" owner="bookmoduleresource">
<try>
<branch type="TRY">
<kw name="Click Element" owner="SeleniumLibrary">
<msg time="2024-06-02T23:42:54.765674" level="INFO">Clicking element 'xpath:(//input[@class="button-2 product-box-add-to-cart-button"])[1]'.</msg>
<arg>${addtocard_l}</arg>
<doc>Click the element identified by ``locator``.</doc>
<status status="PASS" start="2024-06-02T23:42:54.765674" elapsed="0.100183"/>
</kw>
<status status="PASS" start="2024-06-02T23:42:54.765674" elapsed="0.100183"/>
</branch>
<branch type="EXCEPT">
<kw name="Log To Console" owner="BuiltIn">
<arg>Error clicking add to cart button: ${addtocard_l}</arg>
<doc>Logs the given message to the console.</doc>
<status status="NOT RUN" start="2024-06-02T23:42:54.865857" elapsed="0.000000"/>
</kw>
<status status="NOT RUN" start="2024-06-02T23:42:54.865857" elapsed="0.001004"/>
</branch>
<status status="PASS" start="2024-06-02T23:42:54.765378" elapsed="0.101483"/>
</try>
<status status="PASS" start="2024-06-02T23:42:54.764375" elapsed="0.102486"/>
</kw>
<status status="PASS" start="2024-06-02T23:42:54.764375" elapsed="0.102870"/>
</kw>
<kw name="Close the browser" owner="Genericresource" type="TEARDOWN">
<kw name="Close Browser" owner="SeleniumLibrary">
<doc>Closes the current browser.</doc>
<status status="PASS" start="2024-06-02T23:42:54.868249" elapsed="2.194420"/>
</kw>
<status status="PASS" start="2024-06-02T23:42:54.868249" elapsed="2.194962"/>
</kw>
<tag>retest</tag>
<status status="PASS" start="2024-06-02T23:42:41.741636" elapsed="15.321575"/>
</test>
<doc>Test case for Bookmodule to click product and select add to cart option</doc>
<status status="PASS" start="2024-06-02T23:42:41.294000" elapsed="15.768938"/>
</suite>
<suite id="s1-s2" name="TestBookmoduleclickproduct" source="E:\EXPLEO\Git Own Repo\TestCase\TestBookmoduleclickproduct.robot">
<test id="s1-s2-t1" name="To verify product page" line="16">
<kw name="Open the Browser" owner="GenericResources" type="SETUP">
<kw name="Open Browser" owner="SeleniumLibrary">
<msg time="2024-06-02T23:42:41.855421" level="INFO">Opening browser 'Chrome' to base url 'https://demowebshop.tricentis.com/'.</msg>
<arg>${url}</arg>
<arg>${browser_name}</arg>
<doc>Opens a new browser instance to the optional ``url``.</doc>
<status status="PASS" start="2024-06-02T23:42:41.855421" elapsed="7.286216"/>
</kw>
<kw name="Maximize Browser Window" owner="SeleniumLibrary">
<doc>Maximizes current browser window.</doc>
<status status="PASS" start="2024-06-02T23:42:49.141637" elapsed="3.000339"/>
</kw>
<kw name="Set Selenium Implicit Wait" owner="SeleniumLibrary">
<arg>10 seconds</arg>
<doc>Sets the implicit wait value used by Selenium.</doc>
<status status="PASS" start="2024-06-02T23:42:52.141976" elapsed="0.000000"/>
</kw>
<status status="PASS" start="2024-06-02T23:42:41.853915" elapsed="10.288061"/>
</kw>
<kw name="To click on product and verify it shows product details">
<kw name="To click book option" owner="bookmoduleresource">
<try>
<branch type="TRY">
<kw name="Click Link" owner="SeleniumLibrary">
<msg time="2024-06-02T23:42:52.141976" level="INFO">Clicking link 'xpath:(//li/a)[5]'.</msg>
<arg>${book_l}</arg>
<doc>Clicks a link identified by ``locator``.</doc>
<status status="PASS" start="2024-06-02T23:42:52.141976" elapsed="1.936915"/>
</kw>
<status status="PASS" start="2024-06-02T23:42:52.141976" elapsed="1.936915"/>
</branch>
<branch type="EXCEPT">
<kw name="Log To Console" owner="BuiltIn">
<arg>Error clicking book option: ${book_l}</arg>
<doc>Logs the given message to the console.</doc>
<status status="NOT RUN" start="2024-06-02T23:42:54.078891" elapsed="0.000000"/>
</kw>
<status status="NOT RUN" start="2024-06-02T23:42:54.078891" elapsed="0.000000"/>
</branch>
<status status="PASS" start="2024-06-02T23:42:52.141976" elapsed="1.936915"/>
</try>
<status status="PASS" start="2024-06-02T23:42:52.141976" elapsed="1.936915"/>
</kw>
<kw name="click on product" owner="bookmoduleresource">
<try>
<branch type="TRY">
<kw name="Click Link" owner="SeleniumLibrary">
<msg time="2024-06-02T23:42:54.084480" level="INFO">Clicking link 'xpath:(//h2/a)[1]'.</msg>
<arg>${product_l}</arg>
<doc>Clicks a link identified by ``locator``.</doc>
<status status="PASS" start="2024-06-02T23:42:54.083405" elapsed="2.138538"/>
</kw>
<status status="PASS" start="2024-06-02T23:42:54.082258" elapsed="2.139685"/>
</branch>
<branch type="EXCEPT">
<kw name="Log To Console" owner="BuiltIn">
<arg>Error clicking product: ${product_l}</arg>
<doc>Logs the given message to the console.</doc>
<status status="NOT RUN" start="2024-06-02T23:42:56.221943" elapsed="0.000000"/>
</kw>
<status status="NOT RUN" start="2024-06-02T23:42:56.221943" elapsed="0.000000"/>
</branch>
<status status="PASS" start="2024-06-02T23:42:54.082258" elapsed="2.139685"/>
</try>
<status status="PASS" start="2024-06-02T23:42:54.082258" elapsed="2.139685"/>
</kw>
<kw name="Asserting product page" owner="bookmoduleresource">
<kw name="Element Text Should Be" owner="SeleniumLibrary">
<msg time="2024-06-02T23:42:56.221943" level="INFO">Verifying element 'xpath://div/h1' contains exact text 'Computing and Internet'.</msg>
<arg>${asserting_product}</arg>
<arg>Computing and Internet</arg>
<doc>Verifies that element ``locator`` contains exact the text ``expected``.</doc>
<status status="PASS" start="2024-06-02T23:42:56.221943" elapsed="0.037613"/>
</kw>
<status status="PASS" start="2024-06-02T23:42:56.221943" elapsed="0.037613"/>
</kw>
<status status="PASS" start="2024-06-02T23:42:52.141976" elapsed="4.119097"/>
</kw>
<kw name="Close Browser Session" owner="GenericResources" type="TEARDOWN">
<kw name="Close Browser" owner="SeleniumLibrary">
<doc>Closes the current browser.</doc>
<status status="PASS" start="2024-06-02T23:42:56.261590" elapsed="2.234247"/>
</kw>
<status status="PASS" start="2024-06-02T23:42:56.261073" elapsed="2.234764"/>
</kw>
<tag>smoketest</tag>
<status status="PASS" start="2024-06-02T23:42:41.847398" elapsed="16.648439"/>
</test>
<doc>Test case for Bookmodule</doc>
<status status="PASS" start="2024-06-02T23:42:41.351254" elapsed="17.144583"/>
</suite>
<suite id="s1-s3" name="TestBookmoduledisplay" source="E:\EXPLEO\Git Own Repo\TestCase\TestBookmoduledisplay.robot">
<test id="s1-s3-t1" name="To verify display option" line="14">
<kw name="Open the Browser" owner="GenericResources" type="SETUP">
<kw name="Open Browser" owner="SeleniumLibrary">
<msg time="2024-06-02T23:42:42.064537" level="INFO">Opening browser 'Chrome' to base url 'https://demowebshop.tricentis.com/'.</msg>
<arg>${url}</arg>
<arg>${browser_name}</arg>
<doc>Opens a new browser instance to the optional ``url``.</doc>
<status status="PASS" start="2024-06-02T23:42:42.064537" elapsed="7.101029"/>
</kw>
<kw name="Maximize Browser Window" owner="SeleniumLibrary">
<doc>Maximizes current browser window.</doc>
<status status="PASS" start="2024-06-02T23:42:49.165566" elapsed="4.594746"/>
</kw>
<kw name="Set Selenium Implicit Wait" owner="SeleniumLibrary">
<arg>10 seconds</arg>
<doc>Sets the implicit wait value used by Selenium.</doc>
<status status="PASS" start="2024-06-02T23:42:53.760312" elapsed="0.035599"/>
</kw>
<status status="PASS" start="2024-06-02T23:42:42.064537" elapsed="11.731374"/>
</kw>
<kw name="To verify 4 books display by selecting 4 option in the field">
<kw name="To click book option" owner="bookmoduleresource">
<try>
<branch type="TRY">
<kw name="Click Link" owner="SeleniumLibrary">
<msg time="2024-06-02T23:42:53.799429" level="INFO">Clicking link 'xpath:(//li/a)[5]'.</msg>
<arg>${book_l}</arg>
<doc>Clicks a link identified by ``locator``.</doc>
<status status="PASS" start="2024-06-02T23:42:53.799429" elapsed="1.860320"/>
</kw>
<status status="PASS" start="2024-06-02T23:42:53.799429" elapsed="1.860320"/>
</branch>
<branch type="EXCEPT">
<kw name="Log To Console" owner="BuiltIn">
<arg>Error clicking book option: ${book_l}</arg>
<doc>Logs the given message to the console.</doc>
<status status="NOT RUN" start="2024-06-02T23:42:55.659749" elapsed="0.000000"/>
</kw>
<status status="NOT RUN" start="2024-06-02T23:42:55.659749" elapsed="0.000000"/>
</branch>
<status status="PASS" start="2024-06-02T23:42:53.795911" elapsed="1.863838"/>
</try>
<status status="PASS" start="2024-06-02T23:42:53.795911" elapsed="1.869219"/>
</kw>
<kw name="click on display" owner="bookmoduleresource">
<try>
<branch type="TRY">
<kw name="Select From List By Index" owner="SeleniumLibrary">
<msg time="2024-06-02T23:42:55.665130" level="INFO">Selecting options from selection list 'id:products-pagesize' by index 0.</msg>
<arg>${display_l}</arg>
<arg>0</arg>
<doc>Selects options from selection list ``locator`` by ``indexes``.</doc>
<status status="PASS" start="2024-06-02T23:42:55.665130" elapsed="0.877556"/>
</kw>
<status status="PASS" start="2024-06-02T23:42:55.665130" elapsed="0.877556"/>
</branch>
<branch type="EXCEPT">
<kw name="Log To Console" owner="BuiltIn">
<arg>Error clicking display option: ${display_l}</arg>
<doc>Logs the given message to the console.</doc>
<status status="NOT RUN" start="2024-06-02T23:42:56.542686" elapsed="0.000000"/>
</kw>
<status status="NOT RUN" start="2024-06-02T23:42:56.542686" elapsed="0.000000"/>
</branch>
<status status="PASS" start="2024-06-02T23:42:55.665130" elapsed="0.877556"/>
</try>
<status status="PASS" start="2024-06-02T23:42:55.665130" elapsed="0.877556"/>
</kw>
<kw name="Count Products and Verify Display Limit" owner="bookmoduleresource">
<kw name="Get Element Count" owner="SeleniumLibrary">
<msg time="2024-06-02T23:42:56.564147" level="INFO">${product_count} = 4</msg>
<var>${product_count}</var>
<arg>${productitle_l}</arg>
<doc>Returns the number of elements matching ``locator``.</doc>
<status status="PASS" start="2024-06-02T23:42:56.542686" elapsed="0.021461"/>
</kw>
<kw name="Should Be True" owner="BuiltIn">
<arg>${product_count} &lt;= 4</arg>
<doc>Fails if the given condition is not true.</doc>
<status status="PASS" start="2024-06-02T23:42:56.564147" elapsed="0.000000"/>
</kw>
<status status="PASS" start="2024-06-02T23:42:56.542686" elapsed="0.021461"/>
</kw>
<status status="PASS" start="2024-06-02T23:42:53.795911" elapsed="2.768236"/>
</kw>
<kw name="Close Browser Session" owner="GenericResources" type="TEARDOWN">
<kw name="Close Browser" owner="SeleniumLibrary">
<doc>Closes the current browser.</doc>
<status status="PASS" start="2024-06-02T23:42:56.567312" elapsed="2.243475"/>
</kw>
<status status="PASS" start="2024-06-02T23:42:56.567312" elapsed="2.243475"/>
</kw>
<tag>smoketest</tag>
<status status="PASS" start="2024-06-02T23:42:42.061528" elapsed="16.749259"/>
</test>
<doc>Test case for Bookmodule To verify 4 books display by selecting 4 option in the field</doc>
<status status="PASS" start="2024-06-02T23:42:41.380177" elapsed="17.430610"/>
</suite>
<suite id="s1-s4" name="TestBookmoduleremovefilter" source="E:\EXPLEO\Git Own Repo\TestCase\TestBookmoduleremovefilter.robot">
<test id="s1-s4-t1" name="To verify for removing filter price option" line="14">
<kw name="Open the Browser" owner="GenericResources" type="SETUP">
<kw name="Open Browser" owner="SeleniumLibrary">
<msg time="2024-06-02T23:42:41.699951" level="INFO">Opening browser 'Chrome' to base url 'https://demowebshop.tricentis.com/'.</msg>
<arg>${url}</arg>
<arg>${browser_name}</arg>
<doc>Opens a new browser instance to the optional ``url``.</doc>
<status status="PASS" start="2024-06-02T23:42:41.699951" elapsed="9.927473"/>
</kw>
<kw name="Maximize Browser Window" owner="SeleniumLibrary">
<doc>Maximizes current browser window.</doc>
<status status="PASS" start="2024-06-02T23:42:51.627424" elapsed="0.312862"/>
</kw>
<kw name="Set Selenium Implicit Wait" owner="SeleniumLibrary">
<arg>10 seconds</arg>
<doc>Sets the implicit wait value used by Selenium.</doc>
<status status="PASS" start="2024-06-02T23:42:51.940286" elapsed="0.000000"/>
</kw>
<status status="PASS" start="2024-06-02T23:42:41.699951" elapsed="10.240335"/>
</kw>
<kw name="To verify remove filter option">
<kw name="To click book option" owner="bookmoduleresource">
<try>
<branch type="TRY">
<kw name="Click Link" owner="SeleniumLibrary">
<msg time="2024-06-02T23:42:51.940286" level="INFO">Clicking link 'xpath:(//li/a)[5]'.</msg>
<arg>${book_l}</arg>
<doc>Clicks a link identified by ``locator``.</doc>
<status status="PASS" start="2024-06-02T23:42:51.940286" elapsed="2.437926"/>
</kw>
<status status="PASS" start="2024-06-02T23:42:51.940286" elapsed="2.437926"/>
</branch>
<branch type="EXCEPT">
<kw name="Log To Console" owner="BuiltIn">
<arg>Error clicking book option: ${book_l}</arg>
<doc>Logs the given message to the console.</doc>
<status status="NOT RUN" start="2024-06-02T23:42:54.378212" elapsed="0.000000"/>
</kw>
<status status="NOT RUN" start="2024-06-02T23:42:54.378212" elapsed="0.000000"/>
</branch>
<status status="PASS" start="2024-06-02T23:42:51.940286" elapsed="2.437926"/>
</try>
<status status="PASS" start="2024-06-02T23:42:51.940286" elapsed="2.437926"/>
</kw>
<kw name="click on filter button" owner="bookmoduleresource">
<try>
<branch type="TRY">
<kw name="Click Element" owner="SeleniumLibrary">
<msg time="2024-06-02T23:42:54.378212" level="INFO">Clicking element '(//span[text()="50.00"])[2]'.</msg>
<arg>${pricefilter_l}</arg>
<doc>Click the element identified by ``locator``.</doc>
<status status="PASS" start="2024-06-02T23:42:54.378212" elapsed="1.197476"/>
</kw>
<status status="PASS" start="2024-06-02T23:42:54.378212" elapsed="1.197476"/>
</branch>
<branch type="EXCEPT">
<kw name="Log To Console" owner="BuiltIn">
<arg>Error clicking filter button: ${pricefilter_l}</arg>
<doc>Logs the given message to the console.</doc>
<status status="NOT RUN" start="2024-06-02T23:42:55.575688" elapsed="0.000000"/>
</kw>
<status status="NOT RUN" start="2024-06-02T23:42:55.575688" elapsed="0.000000"/>
</branch>
<status status="PASS" start="2024-06-02T23:42:54.378212" elapsed="1.197476"/>
</try>
<status status="PASS" start="2024-06-02T23:42:54.378212" elapsed="1.197476"/>
</kw>
<kw name="click on remove filter" owner="bookmoduleresource">
<try>
<branch type="TRY">
<kw name="Click Element" owner="SeleniumLibrary">
<msg time="2024-06-02T23:42:55.583774" level="INFO">Clicking element 'xpath://a[text()="Remove Filter"]'.</msg>
<arg>${removefilter_l}</arg>
<doc>Click the element identified by ``locator``.</doc>
<status status="PASS" start="2024-06-02T23:42:55.575688" elapsed="0.826461"/>
</kw>
<status status="PASS" start="2024-06-02T23:42:55.575688" elapsed="0.826461"/>
</branch>
<branch type="EXCEPT">
<kw name="Log To Console" owner="BuiltIn">
<arg>Error clicking remove filter: ${removefilter_l}</arg>
<doc>Logs the given message to the console.</doc>
<status status="NOT RUN" start="2024-06-02T23:42:56.402149" elapsed="0.000000"/>
</kw>
<status status="NOT RUN" start="2024-06-02T23:42:56.402149" elapsed="0.007010"/>
</branch>
<status status="PASS" start="2024-06-02T23:42:55.575688" elapsed="0.833471"/>
</try>
<status status="PASS" start="2024-06-02T23:42:55.575688" elapsed="0.833471"/>
</kw>
<kw name="Asserting remove filter option" owner="bookmoduleresource">
<try>
<branch type="TRY">
<kw name="Element Text Should Be" owner="SeleniumLibrary">
<msg time="2024-06-02T23:42:56.410167" level="INFO">Verifying element '(//span[text()="50.00"])[2]' contains exact text '50.00'.</msg>
<arg>${pricefilter_l}</arg>
<arg>50.00</arg>
<doc>Verifies that element ``locator`` contains exact the text ``expected``.</doc>
<status status="PASS" start="2024-06-02T23:42:56.410167" elapsed="0.032137"/>
</kw>
<status status="PASS" start="2024-06-02T23:42:56.410167" elapsed="0.034079"/>
</branch>
<branch type="EXCEPT">
<kw name="Log To Console" owner="BuiltIn">
<arg>Error asserting remove filter option: ${pricefilter_l}</arg>
<doc>Logs the given message to the console.</doc>
<status status="NOT RUN" start="2024-06-02T23:42:56.444246" elapsed="0.000000"/>
</kw>
<status status="NOT RUN" start="2024-06-02T23:42:56.444246" elapsed="0.000000"/>
</branch>
<status status="PASS" start="2024-06-02T23:42:56.410167" elapsed="0.034079"/>
</try>
<status status="PASS" start="2024-06-02T23:42:56.409159" elapsed="0.035087"/>
</kw>
<status status="PASS" start="2024-06-02T23:42:51.940286" elapsed="4.503960"/>
</kw>
<kw name="Close Browser Session" owner="GenericResources" type="TEARDOWN">
<kw name="Close Browser" owner="SeleniumLibrary">
<doc>Closes the current browser.</doc>
<status status="PASS" start="2024-06-02T23:42:56.444246" elapsed="2.235081"/>
</kw>
<status status="PASS" start="2024-06-02T23:42:56.444246" elapsed="2.235585"/>
</kw>
<tag>Regressiontest</tag>
<status status="PASS" start="2024-06-02T23:42:41.699951" elapsed="16.979880"/>
</test>
<status status="PASS" start="2024-06-02T23:42:41.278738" elapsed="17.401093"/>
</suite>
<suite id="s1-s5" name="TestBookmodulesortby" source="E:\EXPLEO\Git Own Repo\TestCase\TestBookmodulesortby.robot">
<test id="s1-s5-t1" name="To verify sorting functionality" line="13">
<kw name="Open the Browser" owner="GenericResources" type="SETUP">
<kw name="Open Browser" owner="SeleniumLibrary">
<msg time="2024-06-02T23:42:41.709972" level="INFO">Opening browser 'Chrome' to base url 'https://demowebshop.tricentis.com/'.</msg>
<arg>${url}</arg>
<arg>${browser_name}</arg>
<doc>Opens a new browser instance to the optional ``url``.</doc>
<status status="PASS" start="2024-06-02T23:42:41.709972" elapsed="9.586902"/>
</kw>
<kw name="Maximize Browser Window" owner="SeleniumLibrary">
<doc>Maximizes current browser window.</doc>
<status status="PASS" start="2024-06-02T23:42:51.296874" elapsed="0.359384"/>
</kw>
<kw name="Set Selenium Implicit Wait" owner="SeleniumLibrary">
<arg>10 seconds</arg>
<doc>Sets the implicit wait value used by Selenium.</doc>
<status status="PASS" start="2024-06-02T23:42:51.656258" elapsed="0.003726"/>
</kw>
<status status="PASS" start="2024-06-02T23:42:41.699951" elapsed="9.960033"/>
</kw>
<kw name="To verify sorting by selecting &quot;A-Z&quot; option">
<kw name="To click book option" owner="bookmoduleresource">
<try>
<branch type="TRY">
<kw name="Click Link" owner="SeleniumLibrary">
<msg time="2024-06-02T23:42:51.663509" level="INFO">Clicking link 'xpath:(//li/a)[5]'.</msg>
<arg>${book_l}</arg>
<doc>Clicks a link identified by ``locator``.</doc>
<status status="PASS" start="2024-06-02T23:42:51.662999" elapsed="2.463272"/>
</kw>
<status status="PASS" start="2024-06-02T23:42:51.659984" elapsed="2.466287"/>
</branch>
<branch type="EXCEPT">
<kw name="Log To Console" owner="BuiltIn">
<arg>Error clicking book option: ${book_l}</arg>
<doc>Logs the given message to the console.</doc>
<status status="NOT RUN" start="2024-06-02T23:42:54.128287" elapsed="0.000000"/>
</kw>
<status status="NOT RUN" start="2024-06-02T23:42:54.126271" elapsed="0.002016"/>
</branch>
<status status="PASS" start="2024-06-02T23:42:51.659984" elapsed="2.468817"/>
</try>
<status status="PASS" start="2024-06-02T23:42:51.659984" elapsed="2.468817"/>
</kw>
<kw name="click on sortbyoption" owner="bookmoduleresource">
<try>
<branch type="TRY">
<kw name="Select From List By Index" owner="SeleniumLibrary">
<msg time="2024-06-02T23:42:54.130941" level="INFO">Selecting options from selection list 'id:products-orderby' by index 1.</msg>
<arg>${position_l}</arg>
<arg>1</arg>
<doc>Selects options from selection list ``locator`` by ``indexes``.</doc>
<status status="PASS" start="2024-06-02T23:42:54.129317" elapsed="1.585294"/>
</kw>
<status status="PASS" start="2024-06-02T23:42:54.129317" elapsed="1.585294"/>
</branch>
<branch type="EXCEPT">
<kw name="Log To Console" owner="BuiltIn">
<arg>Error clicking sortby option: ${position_l}</arg>
<doc>Logs the given message to the console.</doc>
<status status="NOT RUN" start="2024-06-02T23:42:55.714611" elapsed="0.000000"/>
</kw>
<status status="NOT RUN" start="2024-06-02T23:42:55.714611" elapsed="0.000000"/>
</branch>
<status status="PASS" start="2024-06-02T23:42:54.129317" elapsed="1.585294"/>
</try>
<status status="PASS" start="2024-06-02T23:42:54.129317" elapsed="1.585294"/>
</kw>
<status status="PASS" start="2024-06-02T23:42:51.659984" elapsed="4.054627"/>
</kw>
<kw name="Close Browser Session" owner="GenericResources" type="TEARDOWN">
<kw name="Close Browser" owner="SeleniumLibrary">
<doc>Closes the current browser.</doc>
<status status="PASS" start="2024-06-02T23:42:55.714611" elapsed="2.330341"/>
</kw>
<status status="PASS" start="2024-06-02T23:42:55.714611" elapsed="2.330341"/>
</kw>
<tag>Regressiontest</tag>
<status status="PASS" start="2024-06-02T23:42:41.699951" elapsed="16.345001"/>
</test>
<doc>Test case for Bookmodule to sortby</doc>
<status status="PASS" start="2024-06-02T23:42:41.278738" elapsed="16.767730"/>
</suite>
<suite id="s1-s6" name="TestBookmodulesortbyprice" source="E:\EXPLEO\Git Own Repo\TestCase\TestBookmodulesortbyprice.robot">
<test id="s1-s6-t1" name="To verify sort the product by price" line="14">
<kw name="Open the Browser" owner="GenericResources" type="SETUP">
<kw name="Open Browser" owner="SeleniumLibrary">
<msg time="2024-06-02T23:42:41.683912" level="INFO">Opening browser 'Chrome' to base url 'https://demowebshop.tricentis.com/'.</msg>
<arg>${url}</arg>
<arg>${browser_name}</arg>
<doc>Opens a new browser instance to the optional ``url``.</doc>
<status status="PASS" start="2024-06-02T23:42:41.683912" elapsed="5.393487"/>
</kw>
<kw name="Maximize Browser Window" owner="SeleniumLibrary">
<doc>Maximizes current browser window.</doc>
<status status="PASS" start="2024-06-02T23:42:47.077399" elapsed="2.765340"/>
</kw>
<kw name="Set Selenium Implicit Wait" owner="SeleniumLibrary">
<arg>10 seconds</arg>
<doc>Sets the implicit wait value used by Selenium.</doc>
<status status="PASS" start="2024-06-02T23:42:49.844322" elapsed="0.014637"/>
</kw>
<status status="PASS" start="2024-06-02T23:42:41.683912" elapsed="8.181061"/>
</kw>
<kw name="To sort the product by low to high price option">
<kw name="To click book option" owner="bookmoduleresource">
<try>
<branch type="TRY">
<kw name="Click Link" owner="SeleniumLibrary">
<msg time="2024-06-02T23:42:49.872983" level="INFO">Clicking link 'xpath:(//li/a)[5]'.</msg>
<arg>${book_l}</arg>
<doc>Clicks a link identified by ``locator``.</doc>
<status status="PASS" start="2024-06-02T23:42:49.872983" elapsed="3.234093"/>
</kw>
<status status="PASS" start="2024-06-02T23:42:49.872983" elapsed="3.234093"/>
</branch>
<branch type="EXCEPT">
<kw name="Log To Console" owner="BuiltIn">
<arg>Error clicking book option: ${book_l}</arg>
<doc>Logs the given message to the console.</doc>
<status status="NOT RUN" start="2024-06-02T23:42:53.107076" elapsed="0.004513"/>
</kw>
<status status="NOT RUN" start="2024-06-02T23:42:53.107076" elapsed="0.004513"/>
</branch>
<status status="PASS" start="2024-06-02T23:42:49.872983" elapsed="3.238606"/>
</try>
<status status="PASS" start="2024-06-02T23:42:49.864973" elapsed="3.246616"/>
</kw>
<kw name="click on sortbypricelowtohighoption" owner="bookmoduleresource">
<try>
<branch type="TRY">
<kw name="Select From List By Index" owner="SeleniumLibrary">
<msg time="2024-06-02T23:42:53.111589" level="INFO">Selecting options from selection list 'id:products-orderby' by index 3.</msg>
<arg>${position_l}</arg>
<arg>3</arg>
<doc>Selects options from selection list ``locator`` by ``indexes``.</doc>
<status status="PASS" start="2024-06-02T23:42:53.111589" elapsed="3.215724"/>
</kw>
<status status="PASS" start="2024-06-02T23:42:53.111589" elapsed="3.215724"/>
</branch>
<branch type="EXCEPT">
<kw name="Log To Console" owner="BuiltIn">
<arg>Error clicking sortby price low to high option: ${position_l}</arg>
<doc>Logs the given message to the console.</doc>
<status status="NOT RUN" start="2024-06-02T23:42:56.327313" elapsed="0.001003"/>
</kw>
<status status="NOT RUN" start="2024-06-02T23:42:56.327313" elapsed="0.001003"/>
</branch>
<status status="PASS" start="2024-06-02T23:42:53.111589" elapsed="3.216727"/>
</try>
<status status="PASS" start="2024-06-02T23:42:53.111589" elapsed="3.216727"/>
</kw>
<kw name="bookmoduleresource.Assert Prices in Ascending Order">
<msg time="2024-06-02T23:42:56.331848" level="FAIL">No keyword with name 'bookmoduleresource.Assert Prices in Ascending Order' found.</msg>
<status status="FAIL" start="2024-06-02T23:42:56.331848" elapsed="0.000000">No keyword with name 'bookmoduleresource.Assert Prices in Ascending Order' found.</status>
</kw>
<status status="FAIL" start="2024-06-02T23:42:49.864973" elapsed="6.466875">No keyword with name 'bookmoduleresource.Assert Prices in Ascending Order' found.</status>
</kw>
<kw name="Close Browser Session" owner="GenericResources" type="TEARDOWN">
<kw name="Close Browser" owner="SeleniumLibrary">
<doc>Closes the current browser.</doc>
<status status="PASS" start="2024-06-02T23:42:56.332899" elapsed="2.330986"/>
</kw>
<status status="PASS" start="2024-06-02T23:42:56.332899" elapsed="2.330986"/>
</kw>
<tag>Regressiontest</tag>
<status status="FAIL" start="2024-06-02T23:42:41.680895" elapsed="16.982990">No keyword with name 'bookmoduleresource.Assert Prices in Ascending Order' found.</status>
</test>
<doc>Test case for Bookmodule to verify sort the product by price</doc>
<status status="FAIL" start="2024-06-02T23:42:41.249536" elapsed="17.424365"/>
</suite>
<suite id="s1-s7" name="TestBookmoduleview" source="E:\EXPLEO\Git Own Repo\TestCase\TestBookmoduleview.robot">
<test id="s1-s7-t1" name="To verify view mode of product" line="14">
<kw name="Open the Browser" owner="GenericResources" type="SETUP">
<kw name="Open Browser" owner="SeleniumLibrary">
<msg time="2024-06-02T23:42:41.694435" level="INFO">Opening browser 'Chrome' to base url 'https://demowebshop.tricentis.com/'.</msg>
<arg>${url}</arg>
<arg>${browser_name}</arg>
<doc>Opens a new browser instance to the optional ``url``.</doc>
<status status="PASS" start="2024-06-02T23:42:41.694435" elapsed="7.366959"/>
</kw>
<kw name="Maximize Browser Window" owner="SeleniumLibrary">
<doc>Maximizes current browser window.</doc>
<status status="PASS" start="2024-06-02T23:42:49.077406" elapsed="3.338072"/>
</kw>
<kw name="Set Selenium Implicit Wait" owner="SeleniumLibrary">
<arg>10 seconds</arg>
<doc>Sets the implicit wait value used by Selenium.</doc>
<status status="PASS" start="2024-06-02T23:42:52.415983" elapsed="0.010411"/>
</kw>
<status status="PASS" start="2024-06-02T23:42:41.694435" elapsed="10.731959"/>
</kw>
<kw name="To verify view mode of product in list format">
<kw name="To click book option" owner="bookmoduleresource">
<try>
<branch type="TRY">
<kw name="Click Link" owner="SeleniumLibrary">
<msg time="2024-06-02T23:42:52.431915" level="INFO">Clicking link 'xpath:(//li/a)[5]'.</msg>
<arg>${book_l}</arg>
<doc>Clicks a link identified by ``locator``.</doc>
<status status="PASS" start="2024-06-02T23:42:52.427899" elapsed="3.101238"/>
</kw>
<status status="PASS" start="2024-06-02T23:42:52.427899" elapsed="3.101238"/>
</branch>
<branch type="EXCEPT">
<kw name="Log To Console" owner="BuiltIn">
<arg>Error clicking book option: ${book_l}</arg>
<doc>Logs the given message to the console.</doc>
<status status="NOT RUN" start="2024-06-02T23:42:55.529137" elapsed="0.000000"/>
</kw>
<status status="NOT RUN" start="2024-06-02T23:42:55.529137" elapsed="0.000000"/>
</branch>
<status status="PASS" start="2024-06-02T23:42:52.427899" elapsed="3.101238"/>
</try>
<status status="PASS" start="2024-06-02T23:42:52.427899" elapsed="3.101238"/>
</kw>
<kw name="click on view option" owner="bookmoduleresource">
<try>
<branch type="TRY">
<kw name="Select From List By Index" owner="SeleniumLibrary">
<msg time="2024-06-02T23:42:55.529137" level="INFO">Selecting options from selection list 'id:products-viewmode' by index 1.</msg>
<arg>${view_l}</arg>
<arg>1</arg>
<doc>Selects options from selection list ``locator`` by ``indexes``.</doc>
<status status="PASS" start="2024-06-02T23:42:55.529137" elapsed="0.980541"/>
</kw>
<status status="PASS" start="2024-06-02T23:42:55.529137" elapsed="0.980541"/>
</branch>
<branch type="EXCEPT">
<kw name="Log To Console" owner="BuiltIn">
<arg>Error clicking view option: ${view_l}</arg>
<doc>Logs the given message to the console.</doc>
<status status="NOT RUN" start="2024-06-02T23:42:56.509678" elapsed="0.004895"/>
</kw>
<status status="NOT RUN" start="2024-06-02T23:42:56.509678" elapsed="0.004895"/>
</branch>
<status status="PASS" start="2024-06-02T23:42:55.529137" elapsed="0.985436"/>
</try>
<status status="PASS" start="2024-06-02T23:42:55.529137" elapsed="0.985436"/>
</kw>
<status status="PASS" start="2024-06-02T23:42:52.426394" elapsed="4.088179"/>
</kw>
<kw name="Close Browser Session" owner="GenericResources" type="TEARDOWN">
<kw name="Close Browser" owner="SeleniumLibrary">
<doc>Closes the current browser.</doc>
<status status="PASS" start="2024-06-02T23:42:56.514573" elapsed="2.280433"/>
</kw>
<status status="PASS" start="2024-06-02T23:42:56.514573" elapsed="2.280433"/>
</kw>
<tag>smoketest</tag>
<status status="PASS" start="2024-06-02T23:42:41.694435" elapsed="17.100571"/>
</test>
<doc>Test case for Bookmodule to verify view mode of product</doc>
<status status="PASS" start="2024-06-02T23:42:41.253125" elapsed="17.544375"/>
</suite>
<suite id="s1-s8" name="TestInformationmoduleaboutus" source="E:\EXPLEO\Git Own Repo\TestCase\TestInformationmoduleaboutus.robot">
<test id="s1-s8-t1" name="Verifying for about us page" line="16">
<kw name="Open the Browser" owner="GenericResources" type="SETUP">
<kw name="Open Browser" owner="SeleniumLibrary">
<msg time="2024-06-02T23:42:41.699951" level="INFO">Opening browser 'Chrome' to base url 'https://demowebshop.tricentis.com/'.</msg>
<arg>${url}</arg>
<arg>${browser_name}</arg>
<doc>Opens a new browser instance to the optional ``url``.</doc>
<status status="PASS" start="2024-06-02T23:42:41.699951" elapsed="8.534397"/>
</kw>
<kw name="Maximize Browser Window" owner="SeleniumLibrary">
<doc>Maximizes current browser window.</doc>
<status status="PASS" start="2024-06-02T23:42:50.234348" elapsed="0.265065"/>
</kw>
<kw name="Set Selenium Implicit Wait" owner="SeleniumLibrary">
<arg>10 seconds</arg>
<doc>Sets the implicit wait value used by Selenium.</doc>
<status status="PASS" start="2024-06-02T23:42:50.499413" elapsed="0.008300"/>
</kw>
<status status="PASS" start="2024-06-02T23:42:41.699951" elapsed="8.807762"/>
</kw>
<kw name="To assert the about us page">
<kw name="Run Keyword And Ignore Error" owner="BuiltIn">
<kw name="To click on condition option" owner="Informationmoduleresource">
<kw name="Click Link" owner="SeleniumLibrary">
<msg time="2024-06-02T23:42:50.507713" level="INFO">Clicking link 'xpath://a[text()="Conditions of Use"]'.</msg>
<arg>${condition_l}</arg>
<doc>Clicks a link identified by ``locator``.</doc>
<status status="PASS" start="2024-06-02T23:42:50.507713" elapsed="3.087304"/>
</kw>
<status status="PASS" start="2024-06-02T23:42:50.507713" elapsed="3.092325"/>
</kw>
<arg>Informationmoduleresource.To click on condition option</arg>
<doc>Runs the given keyword with the given arguments and ignores possible error.</doc>
<status status="PASS" start="2024-06-02T23:42:50.507713" elapsed="3.093859"/>
</kw>
<kw name="Run Keyword And Ignore Error" owner="BuiltIn">
<kw name="To verify condtion page" owner="Informationmoduleresource">
<kw name="Element Text Should Be" owner="SeleniumLibrary">
<msg time="2024-06-02T23:42:53.601572" level="INFO">Verifying element 'xpath://a[text()="Conditions of Use"]' contains exact text 'Conditions of Use'.</msg>
<arg>${condition_l}</arg>
<arg>Conditions of Use</arg>
<doc>Verifies that element ``locator`` contains exact the text ``expected``.</doc>
<status status="PASS" start="2024-06-02T23:42:53.601572" elapsed="0.443355"/>
</kw>
<status status="PASS" start="2024-06-02T23:42:53.601572" elapsed="0.443355"/>
</kw>
<arg>Informationmoduleresource.To verify condtion page</arg>
<doc>Runs the given keyword with the given arguments and ignores possible error.</doc>
<status status="PASS" start="2024-06-02T23:42:53.601572" elapsed="0.443355"/>
</kw>
<status status="PASS" start="2024-06-02T23:42:50.507713" elapsed="3.537214"/>
</kw>
<kw name="Close Browser Session" owner="GenericResources" type="TEARDOWN">
<kw name="Close Browser" owner="SeleniumLibrary">
<doc>Closes the current browser.</doc>
<status status="PASS" start="2024-06-02T23:42:54.047017" elapsed="2.544530"/>
</kw>
<status status="PASS" start="2024-06-02T23:42:54.045971" elapsed="2.545576"/>
</kw>
<tag>smoketest</tag>
<status status="PASS" start="2024-06-02T23:42:41.694435" elapsed="14.897112"/>
</test>
<doc>Test case for sitemap page for Verifying for about us page</doc>
<status status="PASS" start="2024-06-02T23:42:41.301135" elapsed="15.290412"/>
</suite>
<suite id="s1-s9" name="TestInformationmodulecondition" source="E:\EXPLEO\Git Own Repo\TestCase\TestInformationmodulecondition.robot">
<test id="s1-s9-t1" name="Verifying for Privacy Condition page" line="18">
<kw name="Open the Browser" owner="GenericResources" type="SETUP">
<kw name="Open Browser" owner="SeleniumLibrary">
<msg time="2024-06-02T23:42:41.713479" level="INFO">Opening browser 'Chrome' to base url 'https://demowebshop.tricentis.com/'.</msg>
<arg>${url}</arg>
<arg>${browser_name}</arg>
<doc>Opens a new browser instance to the optional ``url``.</doc>
<status status="PASS" start="2024-06-02T23:42:41.713479" elapsed="9.566078"/>
</kw>
<kw name="Maximize Browser Window" owner="SeleniumLibrary">
<doc>Maximizes current browser window.</doc>
<status status="PASS" start="2024-06-02T23:42:51.287565" elapsed="0.354870"/>
</kw>
<kw name="Set Selenium Implicit Wait" owner="SeleniumLibrary">
<arg>10 seconds</arg>
<doc>Sets the implicit wait value used by Selenium.</doc>
<status status="PASS" start="2024-06-02T23:42:51.642435" elapsed="0.000000"/>
</kw>
<status status="PASS" start="2024-06-02T23:42:41.713479" elapsed="9.928956"/>
</kw>
<kw name="To assert the Privacy Condition page">
<kw name="Run Keyword And Ignore Error" owner="BuiltIn">
<kw name="To click on condition option" owner="Informationmoduleresource">
<kw name="Click Link" owner="SeleniumLibrary">
<msg time="2024-06-02T23:42:51.650251" level="INFO">Clicking link 'xpath://a[text()="Conditions of Use"]'.</msg>
<arg>${condition_l}</arg>
<doc>Clicks a link identified by ``locator``.</doc>
<status status="PASS" start="2024-06-02T23:42:51.650251" elapsed="2.402147"/>
</kw>
<status status="PASS" start="2024-06-02T23:42:51.650251" elapsed="2.403554"/>
</kw>
<arg>Informationmoduleresource.To click on condition option</arg>
<doc>Runs the given keyword with the given arguments and ignores possible error.</doc>
<status status="PASS" start="2024-06-02T23:42:51.650251" elapsed="2.404654"/>
</kw>
<kw name="Run Keyword And Ignore Error" owner="BuiltIn">
<kw name="To verify condtion page" owner="Informationmoduleresource">
<kw name="Element Text Should Be" owner="SeleniumLibrary">
<msg time="2024-06-02T23:42:54.057791" level="INFO">Verifying element 'xpath://a[text()="Conditions of Use"]' contains exact text 'Conditions of Use'.</msg>
<arg>${condition_l}</arg>
<arg>Conditions of Use</arg>
<doc>Verifies that element ``locator`` contains exact the text ``expected``.</doc>
<status status="PASS" start="2024-06-02T23:42:54.054905" elapsed="0.142766"/>
</kw>
<status status="PASS" start="2024-06-02T23:42:54.054905" elapsed="0.142766"/>
</kw>
<arg>Informationmoduleresource.To verify condtion page</arg>
<doc>Runs the given keyword with the given arguments and ignores possible error.</doc>
<status status="PASS" start="2024-06-02T23:42:54.054905" elapsed="0.142766"/>
</kw>
<status status="PASS" start="2024-06-02T23:42:51.642435" elapsed="2.555236"/>
</kw>
<kw name="Close Browser Session" owner="GenericResources" type="TEARDOWN">
<kw name="Close Browser" owner="SeleniumLibrary">
<doc>Closes the current browser.</doc>
<status status="PASS" start="2024-06-02T23:42:54.199668" elapsed="3.678104"/>
</kw>
<status status="PASS" start="2024-06-02T23:42:54.197671" elapsed="3.680101"/>
</kw>
<tag>smoketest</tag>
<status status="PASS" start="2024-06-02T23:42:41.709972" elapsed="16.167800"/>
</test>
<doc>Test case for sitemap page  to Verifying for Privacy Condition page</doc>
<status status="PASS" start="2024-06-02T23:42:41.301135" elapsed="16.576637"/>
</suite>
<suite id="s1-s10" name="TestInformationmodulecontactus" source="E:\EXPLEO\Git Own Repo\TestCase\TestInformationmodulecontactus.robot">
<test id="s1-s10-t1" name="Verifying for contact us page" line="17">
<kw name="Open the Browser" owner="GenericResources" type="SETUP">
<kw name="Open Browser" owner="SeleniumLibrary">
<msg time="2024-06-02T23:42:41.746677" level="INFO">Opening browser 'Chrome' to base url 'https://demowebshop.tricentis.com/'.</msg>
<arg>${url}</arg>
<arg>${browser_name}</arg>
<doc>Opens a new browser instance to the optional ``url``.</doc>
<status status="PASS" start="2024-06-02T23:42:41.746677" elapsed="7.147096"/>
</kw>
<kw name="Maximize Browser Window" owner="SeleniumLibrary">
<doc>Maximizes current browser window.</doc>
<status status="PASS" start="2024-06-02T23:42:48.893773" elapsed="3.419932"/>
</kw>
<kw name="Set Selenium Implicit Wait" owner="SeleniumLibrary">
<arg>10 seconds</arg>
<doc>Sets the implicit wait value used by Selenium.</doc>
<status status="PASS" start="2024-06-02T23:42:52.316275" elapsed="0.019044"/>
</kw>
<status status="PASS" start="2024-06-02T23:42:41.746677" elapsed="10.588642"/>
</kw>
<kw name="To assert the contact us page">
<kw name="Run Keyword And Ignore Error" owner="BuiltIn">
<kw name="To click on condition option" owner="Informationmoduleresource">
<kw name="Click Link" owner="SeleniumLibrary">
<msg time="2024-06-02T23:42:52.343318" level="INFO">Clicking link 'xpath://a[text()="Conditions of Use"]'.</msg>
<arg>${condition_l}</arg>
<doc>Clicks a link identified by ``locator``.</doc>
<status status="PASS" start="2024-06-02T23:42:52.335319" elapsed="1.710652"/>
</kw>
<status status="PASS" start="2024-06-02T23:42:52.335319" elapsed="1.711698"/>
</kw>
<arg>Informationmoduleresource.To click on condition option</arg>
<doc>Runs the given keyword with the given arguments and ignores possible error.</doc>
<status status="PASS" start="2024-06-02T23:42:52.335319" elapsed="1.711698"/>
</kw>
<kw name="Run Keyword And Ignore Error" owner="BuiltIn">
<kw name="To verify condtion page" owner="Informationmoduleresource">
<kw name="Element Text Should Be" owner="SeleniumLibrary">
<msg time="2024-06-02T23:42:54.050238" level="INFO">Verifying element 'xpath://a[text()="Conditions of Use"]' contains exact text 'Conditions of Use'.</msg>
<arg>${condition_l}</arg>
<arg>Conditions of Use</arg>
<doc>Verifies that element ``locator`` contains exact the text ``expected``.</doc>
<status status="PASS" start="2024-06-02T23:42:54.049179" elapsed="0.173519"/>
</kw>
<status status="PASS" start="2024-06-02T23:42:54.048071" elapsed="0.174627"/>
</kw>
<arg>Informationmoduleresource.To verify condtion page</arg>
<doc>Runs the given keyword with the given arguments and ignores possible error.</doc>
<status status="PASS" start="2024-06-02T23:42:54.047017" elapsed="0.175681"/>
</kw>
<status status="PASS" start="2024-06-02T23:42:52.335319" elapsed="1.887379"/>
</kw>
<kw name="Close Browser Session" owner="GenericResources" type="TEARDOWN">
<kw name="Close Browser" owner="SeleniumLibrary">
<doc>Closes the current browser.</doc>
<status status="PASS" start="2024-06-02T23:42:54.229725" elapsed="2.602410"/>
</kw>
<status status="PASS" start="2024-06-02T23:42:54.228705" elapsed="2.603430"/>
</kw>
<tag>smoketest</tag>
<status status="PASS" start="2024-06-02T23:42:41.745664" elapsed="15.086471"/>
</test>
<doc>Test case for sitemap page</doc>
<status status="PASS" start="2024-06-02T23:42:41.326260" elapsed="15.506924"/>
</suite>
<suite id="s1-s11" name="TestInformationmoduleprivacy" source="E:\EXPLEO\Git Own Repo\TestCase\TestInformationmoduleprivacy.robot">
<test id="s1-s11-t1" name="Verifying for Privacy notice page" line="16">
<kw name="Open the Browser" owner="GenericResources" type="SETUP">
<kw name="Open Browser" owner="SeleniumLibrary">
<msg time="2024-06-02T23:42:41.652336" level="INFO">Opening browser 'Chrome' to base url 'https://demowebshop.tricentis.com/'.</msg>
<arg>${url}</arg>
<arg>${browser_name}</arg>
<doc>Opens a new browser instance to the optional ``url``.</doc>
<status status="PASS" start="2024-06-02T23:42:41.652336" elapsed="5.425063"/>
</kw>
<kw name="Maximize Browser Window" owner="SeleniumLibrary">
<doc>Maximizes current browser window.</doc>
<status status="PASS" start="2024-06-02T23:42:47.077399" elapsed="3.156949"/>
</kw>
<kw name="Set Selenium Implicit Wait" owner="SeleniumLibrary">
<arg>10 seconds</arg>
<doc>Sets the implicit wait value used by Selenium.</doc>
<status status="PASS" start="2024-06-02T23:42:50.234348" elapsed="0.022848"/>
</kw>
<status status="PASS" start="2024-06-02T23:42:41.652336" elapsed="8.604860"/>
</kw>
<kw name="To assert the Privacy notice page">
<kw name="Run Keyword And Ignore Error" owner="BuiltIn">
<kw name="To click on privacy option" owner="Informationmoduleresource">
<kw name="Click Link" owner="SeleniumLibrary">
<msg time="2024-06-02T23:42:50.263215" level="INFO">Clicking link 'xpath://a[text()="Privacy Notice"]'.</msg>
<arg>${privacy_l}</arg>
<doc>Clicks a link identified by ``locator``.</doc>
<status status="PASS" start="2024-06-02T23:42:50.259206" elapsed="2.182876"/>
</kw>
<status status="PASS" start="2024-06-02T23:42:50.259206" elapsed="2.182876"/>
</kw>
<arg>Informationmoduleresource.To click on privacy option</arg>
<doc>Runs the given keyword with the given arguments and ignores possible error.</doc>
<status status="PASS" start="2024-06-02T23:42:50.259206" elapsed="2.182876"/>
</kw>
<kw name="Run Keyword And Ignore Error" owner="BuiltIn">
<kw name="To verify privacy page" owner="Informationmoduleresource">
<kw name="Element Text Should Be" owner="SeleniumLibrary">
<msg time="2024-06-02T23:42:52.448741" level="INFO">Verifying element 'xpath://div[@class="page-title"]/h1' contains exact text 'Privacy policy'.</msg>
<arg>${pagetitle}</arg>
<arg>Privacy policy</arg>
<doc>Verifies that element ``locator`` contains exact the text ``expected``.</doc>
<status status="PASS" start="2024-06-02T23:42:52.442082" elapsed="0.333738"/>
</kw>
<status status="PASS" start="2024-06-02T23:42:52.442082" elapsed="0.338755"/>
</kw>
<arg>Informationmoduleresource.To verify privacy page</arg>
<doc>Runs the given keyword with the given arguments and ignores possible error.</doc>
<status status="PASS" start="2024-06-02T23:42:52.442082" elapsed="0.338755"/>
</kw>
<status status="PASS" start="2024-06-02T23:42:50.259206" elapsed="2.521631"/>
</kw>
<kw name="Close Browser Session" owner="GenericResources" type="TEARDOWN">
<kw name="Close Browser" owner="SeleniumLibrary">
<doc>Closes the current browser.</doc>
<status status="PASS" start="2024-06-02T23:42:52.780837" elapsed="3.482275"/>
</kw>
<status status="PASS" start="2024-06-02T23:42:52.780837" elapsed="3.482275"/>
</kw>
<tag>smoketest</tag>
<status status="PASS" start="2024-06-02T23:42:41.652336" elapsed="14.610776"/>
</test>
<doc>Test case for sitemap page</doc>
<status status="PASS" start="2024-06-02T23:42:41.253125" elapsed="15.009987"/>
</suite>
<suite id="s1-s12" name="TestInformationmoduleshipping" source="E:\EXPLEO\Git Own Repo\TestCase\TestInformationmoduleshipping.robot">
<test id="s1-s12-t1" name="Verifying for shipping and return page" line="15">
<kw name="Open the Browser" owner="GenericResources" type="SETUP">
<kw name="Open Browser" owner="SeleniumLibrary">
<msg time="2024-06-02T23:42:42.998560" level="INFO">Opening browser 'Chrome' to base url 'https://demowebshop.tricentis.com/'.</msg>
<arg>${url}</arg>
<arg>${browser_name}</arg>
<doc>Opens a new browser instance to the optional ``url``.</doc>
<status status="PASS" start="2024-06-02T23:42:42.998560" elapsed="7.886505"/>
</kw>
<kw name="Maximize Browser Window" owner="SeleniumLibrary">
<doc>Maximizes current browser window.</doc>
<status status="PASS" start="2024-06-02T23:42:50.893075" elapsed="0.168573"/>
</kw>
<kw name="Set Selenium Implicit Wait" owner="SeleniumLibrary">
<arg>10 seconds</arg>
<doc>Sets the implicit wait value used by Selenium.</doc>
<status status="PASS" start="2024-06-02T23:42:51.061648" elapsed="0.048056"/>
</kw>
<status status="PASS" start="2024-06-02T23:42:42.995050" elapsed="8.114654"/>
</kw>
<kw name="To assert the shipping and return page">
<kw name="Run Keyword And Ignore Error" owner="BuiltIn">
<kw name="To click on shipping option" owner="Informationmoduleresource">
<kw name="Click Link" owner="SeleniumLibrary">
<msg time="2024-06-02T23:42:51.125739" level="INFO">Clicking link 'xpath://a[text()="Shipping &amp; Returns"]'.</msg>
<msg time="2024-06-02T23:43:01.423947" level="INFO" html="true">&lt;/td&gt;&lt;/tr&gt;&lt;tr&gt;&lt;td colspan="3"&gt;&lt;a href="12-selenium-screenshot-1.png"&gt;&lt;img src="12-selenium-screenshot-1.png" width="800px"&gt;&lt;/a&gt;</msg>
<msg time="2024-06-02T23:43:01.424331" level="FAIL">Link with locator 'xpath://a[text()="Shipping &amp; Returns"]' not found.</msg>
<arg>${shipping_l}</arg>
<doc>Clicks a link identified by ``locator``.</doc>
<status status="FAIL" start="2024-06-02T23:42:51.125739" elapsed="10.303641">Link with locator 'xpath://a[text()="Shipping &amp; Returns"]' not found.</status>
</kw>
<status status="FAIL" start="2024-06-02T23:42:51.125739" elapsed="10.305356">Link with locator 'xpath://a[text()="Shipping &amp; Returns"]' not found.</status>
</kw>
<arg>Informationmoduleresource.To click on shipping option</arg>
<doc>Runs the given keyword with the given arguments and ignores possible error.</doc>
<status status="PASS" start="2024-06-02T23:42:51.122230" elapsed="10.308865"/>
</kw>
<kw name="Run Keyword And Ignore Error" owner="BuiltIn">
<kw name="To verify shipping page" owner="Informationmoduleresource">
<kw name="Element Text Should Be" owner="SeleniumLibrary">
<msg time="2024-06-02T23:43:01.432135" level="INFO">Verifying element 'xpath://div[@class="page-title"]/h1' contains exact text 'Shipping &amp; Returns'.</msg>
<msg time="2024-06-02T23:43:11.601640" level="INFO" html="true">&lt;/td&gt;&lt;/tr&gt;&lt;tr&gt;&lt;td colspan="3"&gt;&lt;a href="12-selenium-screenshot-2.png"&gt;&lt;img src="12-selenium-screenshot-2.png" width="800px"&gt;&lt;/a&gt;</msg>
<msg time="2024-06-02T23:43:11.601640" level="FAIL">Element with locator 'xpath://div[@class="page-title"]/h1' not found.</msg>
<arg>${pagetitle}</arg>
<arg>Shipping &amp; Returns</arg>
<doc>Verifies that element ``locator`` contains exact the text ``expected``.</doc>
<status status="FAIL" start="2024-06-02T23:43:01.432135" elapsed="10.170248">Element with locator 'xpath://div[@class="page-title"]/h1' not found.</status>
</kw>
<status status="FAIL" start="2024-06-02T23:43:01.432135" elapsed="10.170248">Element with locator 'xpath://div[@class="page-title"]/h1' not found.</status>
</kw>
<arg>Informationmoduleresource.To verify shipping page</arg>
<doc>Runs the given keyword with the given arguments and ignores possible error.</doc>
<status status="PASS" start="2024-06-02T23:43:01.431095" elapsed="10.171288"/>
</kw>
<status status="PASS" start="2024-06-02T23:42:51.122230" elapsed="20.480153"/>
</kw>
<kw name="Close Browser Session" owner="GenericResources" type="TEARDOWN">
<kw name="Close Browser" owner="SeleniumLibrary">
<doc>Closes the current browser.</doc>
<status status="PASS" start="2024-06-02T23:43:11.604912" elapsed="2.279235"/>
</kw>
<status status="PASS" start="2024-06-02T23:43:11.604385" elapsed="2.279762"/>
</kw>
<tag>smoketest</tag>
<status status="PASS" start="2024-06-02T23:42:42.995050" elapsed="30.889097"/>
</test>
<doc>Test case to click shipping and return page</doc>
<status status="PASS" start="2024-06-02T23:42:42.714282" elapsed="31.169865"/>
</suite>
<suite id="s1-s13" name="TestInformationmodulesitemap" source="E:\EXPLEO\Git Own Repo\TestCase\TestInformationmodulesitemap.robot">
<test id="s1-s13-t1" name="Verifying for site map page" line="15">
<kw name="Open the Browser" owner="GenericResources" type="SETUP">
<kw name="Open Browser" owner="SeleniumLibrary">
<msg time="2024-06-02T23:43:01.879494" level="INFO">Opening browser 'Chrome' to base url 'https://demowebshop.tricentis.com/'.</msg>
<arg>${url}</arg>
<arg>${browser_name}</arg>
<doc>Opens a new browser instance to the optional ``url``.</doc>
<status status="PASS" start="2024-06-02T23:43:01.879494" elapsed="5.300345"/>
</kw>
<kw name="Maximize Browser Window" owner="SeleniumLibrary">
<doc>Maximizes current browser window.</doc>
<status status="PASS" start="2024-06-02T23:43:07.180840" elapsed="0.060384"/>
</kw>
<kw name="Set Selenium Implicit Wait" owner="SeleniumLibrary">
<arg>10 seconds</arg>
<doc>Sets the implicit wait value used by Selenium.</doc>
<status status="PASS" start="2024-06-02T23:43:07.241224" elapsed="0.003000"/>
</kw>
<status status="PASS" start="2024-06-02T23:43:01.879494" elapsed="5.364730"/>
</kw>
<kw name="To assert the site map page">
<kw name="Run Keyword And Ignore Error" owner="BuiltIn">
<kw name="To click on sitemap option" owner="Informationmoduleresource">
<kw name="Click Link" owner="SeleniumLibrary">
<msg time="2024-06-02T23:43:07.246345" level="INFO">Clicking link 'xpath://a[text()="Sitemap"]'.</msg>
<arg>${sitemap_l}</arg>
<doc>Clicks a link identified by ``locator``.</doc>
<status status="PASS" start="2024-06-02T23:43:07.246345" elapsed="0.619955"/>
</kw>
<status status="PASS" start="2024-06-02T23:43:07.245225" elapsed="0.621075"/>
</kw>
<arg>Informationmoduleresource.To click on sitemap option</arg>
<doc>Runs the given keyword with the given arguments and ignores possible error.</doc>
<status status="PASS" start="2024-06-02T23:43:07.245225" elapsed="0.621075"/>
</kw>
<kw name="Run Keyword And Ignore Error" owner="BuiltIn">
<kw name="To verify sitepage" owner="Informationmoduleresource">
<kw name="Element Text Should Be" owner="SeleniumLibrary">
<msg time="2024-06-02T23:43:07.866300" level="INFO">Verifying element 'xpath://div[@class="page-title"]/h1' contains exact text 'Sitemap'.</msg>
<arg>${pagetitle}</arg>
<arg>Sitemap</arg>
<doc>Verifies that element ``locator`` contains exact the text ``expected``.</doc>
<status status="PASS" start="2024-06-02T23:43:07.866300" elapsed="0.038187"/>
</kw>
<status status="PASS" start="2024-06-02T23:43:07.866300" elapsed="0.038720"/>
</kw>
<arg>Informationmoduleresource.To verify sitepage</arg>
<doc>Runs the given keyword with the given arguments and ignores possible error.</doc>
<status status="PASS" start="2024-06-02T23:43:07.866300" elapsed="0.038720"/>
</kw>
<kw name="Run Keyword And Ignore Error" owner="BuiltIn">
<kw name="To click book option" owner="bookmoduleresource">
<try>
<branch type="TRY">
<kw name="Click Link" owner="SeleniumLibrary">
<msg time="2024-06-02T23:43:07.906037" level="INFO">Clicking link 'xpath:(//li/a)[5]'.</msg>
<arg>${book_l}</arg>
<doc>Clicks a link identified by ``locator``.</doc>
<status status="PASS" start="2024-06-02T23:43:07.906037" elapsed="1.020438"/>
</kw>
<status status="PASS" start="2024-06-02T23:43:07.906037" elapsed="1.020438"/>
</branch>
<branch type="EXCEPT">
<kw name="Log To Console" owner="BuiltIn">
<arg>Error clicking book option: ${book_l}</arg>
<doc>Logs the given message to the console.</doc>
<status status="NOT RUN" start="2024-06-02T23:43:08.926475" elapsed="0.000000"/>
</kw>
<status status="NOT RUN" start="2024-06-02T23:43:08.926475" elapsed="0.002113"/>
</branch>
<status status="PASS" start="2024-06-02T23:43:07.906037" elapsed="1.022551"/>
</try>
<status status="PASS" start="2024-06-02T23:43:07.906037" elapsed="1.022551"/>
</kw>
<arg>bookmoduleresource.To click book option</arg>
<doc>Runs the given keyword with the given arguments and ignores possible error.</doc>
<status status="PASS" start="2024-06-02T23:43:07.905020" elapsed="1.023568"/>
</kw>
<kw name="Run Keyword And Ignore Error" owner="BuiltIn">
<kw name="To click book option" owner="bookmoduleresource">
<try>
<branch type="TRY">
<kw name="Click Link" owner="SeleniumLibrary">
<msg time="2024-06-02T23:43:08.928588" level="INFO">Clicking link 'xpath:(//li/a)[5]'.</msg>
<arg>${book_l}</arg>
<doc>Clicks a link identified by ``locator``.</doc>
<status status="PASS" start="2024-06-02T23:43:08.928588" elapsed="0.620482"/>
</kw>
<status status="PASS" start="2024-06-02T23:43:08.928588" elapsed="0.620482"/>
</branch>
<branch type="EXCEPT">
<kw name="Log To Console" owner="BuiltIn">
<arg>Error clicking book option: ${book_l}</arg>
<doc>Logs the given message to the console.</doc>
<status status="NOT RUN" start="2024-06-02T23:43:09.550828" elapsed="0.000000"/>
</kw>
<status status="NOT RUN" start="2024-06-02T23:43:09.549070" elapsed="0.001758"/>
</branch>
<status status="PASS" start="2024-06-02T23:43:08.928588" elapsed="0.622240"/>
</try>
<status status="PASS" start="2024-06-02T23:43:08.928588" elapsed="0.622240"/>
</kw>
<arg>bookmoduleresource.To click book option</arg>
<doc>Runs the given keyword with the given arguments and ignores possible error.</doc>
<status status="PASS" start="2024-06-02T23:43:08.928588" elapsed="0.622240"/>
</kw>
<status status="PASS" start="2024-06-02T23:43:07.244224" elapsed="2.306604"/>
</kw>
<kw name="Close Browser Session" owner="GenericResources" type="TEARDOWN">
<kw name="Close Browser" owner="SeleniumLibrary">
<doc>Closes the current browser.</doc>
<status status="PASS" start="2024-06-02T23:43:09.551882" elapsed="2.195644"/>
</kw>
<status status="PASS" start="2024-06-02T23:43:09.551882" elapsed="2.195644"/>
</kw>
<tag>smoketest</tag>
<status status="PASS" start="2024-06-02T23:43:01.878425" elapsed="9.869101"/>
</test>
<doc>Test case for sitemap page</doc>
<status status="PASS" start="2024-06-02T23:43:01.454914" elapsed="10.292612"/>
</suite>
<suite id="s1-s14" name="TestBookmoduleclickshoppingcart" source="E:\EXPLEO\Git Own Repo\TestCase\TestBookmoduleclickshoppingcart.robot">
<test id="s1-s14-t1" name="Login test template" line="18">
<kw name="Open the Browser" owner="GenericResources" type="SETUP">
<kw name="Open Browser" owner="SeleniumLibrary">
<msg time="2024-06-02T23:43:02.153289" level="INFO">Opening browser 'Chrome' to base url 'https://demowebshop.tricentis.com/'.</msg>
<arg>${url}</arg>
<arg>${browser_name}</arg>
<doc>Opens a new browser instance to the optional ``url``.</doc>
<status status="PASS" start="2024-06-02T23:43:02.152540" elapsed="5.523347"/>
</kw>
<kw name="Maximize Browser Window" owner="SeleniumLibrary">
<doc>Maximizes current browser window.</doc>
<status status="PASS" start="2024-06-02T23:43:07.675887" elapsed="0.063281"/>
</kw>
<kw name="Set Selenium Implicit Wait" owner="SeleniumLibrary">
<arg>10 seconds</arg>
<doc>Sets the implicit wait value used by Selenium.</doc>
<status status="PASS" start="2024-06-02T23:43:07.739168" elapsed="0.000000"/>
</kw>
<status status="PASS" start="2024-06-02T23:43:02.150505" elapsed="5.591763"/>
</kw>
<kw name="Login postive testcase1">
<kw name=" Click on login element" owner="Loginresourcebook">
<kw name="Click Element" owner="SeleniumLibrary">
<msg time="2024-06-02T23:43:07.742268" level="INFO">Clicking element 'xpath=//a[text()='Log in']'.</msg>
<arg>${login}</arg>
<doc>Click the element identified by ``locator``.</doc>
<status status="PASS" start="2024-06-02T23:43:07.742268" elapsed="0.616024"/>
</kw>
<status status="PASS" start="2024-06-02T23:43:07.742268" elapsed="0.616024"/>
</kw>
<kw name=" Fill Login credentials" owner="Loginresourcebook">
<kw name="Input Text" owner="SeleniumLibrary">
<msg time="2024-06-02T23:43:08.359545" level="INFO">Typing text '' into text field 'xpath=//input[@class='email']'.</msg>
<arg>${email}</arg>
<arg>${username}</arg>
<doc>Types the given ``text`` into the text field identified by ``locator``.</doc>
<status status="PASS" start="2024-06-02T23:43:08.359545" elapsed="0.096951"/>
</kw>
<kw name="Input Text" owner="SeleniumLibrary">
<msg time="2024-06-02T23:43:08.456496" level="INFO">Typing text '' into text field 'xpath=//input[@class='password']'.</msg>
<arg>${passwords}</arg>
<arg>${password}</arg>
<doc>Types the given ``text`` into the text field identified by ``locator``.</doc>
<status status="PASS" start="2024-06-02T23:43:08.456496" elapsed="0.103032"/>
</kw>
<arg>${username}</arg>
<arg>${password}</arg>
<status status="PASS" start="2024-06-02T23:43:08.358292" elapsed="0.201236"/>
</kw>
<kw name=" Click the login button" owner="Loginresourcebook">
<kw name="Click Element" owner="SeleniumLibrary">
<msg time="2024-06-02T23:43:08.559528" level="INFO">Clicking element 'xpath=//input[@class='button-1 login-button']'.</msg>
<arg>${login_btn}</arg>
<doc>Click the element identified by ``locator``.</doc>
<status status="PASS" start="2024-06-02T23:43:08.559528" elapsed="0.569502"/>
</kw>
<status status="PASS" start="2024-06-02T23:43:08.559528" elapsed="0.569502"/>
</kw>
<kw name=" Check the login page message" owner="Loginresourcebook">
<kw name="Element Text Should Be" owner="SeleniumLibrary">
<msg time="2024-06-02T23:43:09.129030" level="INFO">Verifying element 'xpath=//a[text()='jsuriy@gmail.com']' contains exact text ''.</msg>
<msg time="2024-06-02T23:43:19.323904" level="INFO" html="true">&lt;/td&gt;&lt;/tr&gt;&lt;tr&gt;&lt;td colspan="3"&gt;&lt;a href="14-selenium-screenshot-1.png"&gt;&lt;img src="14-selenium-screenshot-1.png" width="800px"&gt;&lt;/a&gt;</msg>
<msg time="2024-06-02T23:43:19.323904" level="FAIL">Element with locator 'xpath=//a[text()='jsuriy@gmail.com']' not found.</msg>
<arg>${login_msg}</arg>
<arg>${username}</arg>
<doc>Verifies that element ``locator`` contains exact the text ``expected``.</doc>
<status status="FAIL" start="2024-06-02T23:43:09.129030" elapsed="10.194874">Element with locator 'xpath=//a[text()='jsuriy@gmail.com']' not found.</status>
</kw>
<arg>${username}</arg>
<status status="FAIL" start="2024-06-02T23:43:09.129030" elapsed="10.194874">Element with locator 'xpath=//a[text()='jsuriy@gmail.com']' not found.</status>
</kw>
<kw name="click on shopping cart button" owner="bookmoduleresource">
<status status="NOT RUN" start="2024-06-02T23:43:19.323904" elapsed="0.000000"/>
</kw>
<arg>${username}</arg>
<arg>${password}</arg>
<status status="FAIL" start="2024-06-02T23:43:07.742268" elapsed="11.581636">Element with locator 'xpath=//a[text()='jsuriy@gmail.com']' not found.</status>
</kw>
<kw name="Close Browser Session" owner="GenericResources" type="TEARDOWN">
<kw name="Close Browser" owner="SeleniumLibrary">
<doc>Closes the current browser.</doc>
<status status="PASS" start="2024-06-02T23:43:19.323904" elapsed="2.371320"/>
</kw>
<status status="PASS" start="2024-06-02T23:43:19.323904" elapsed="2.371320"/>
</kw>
<status status="FAIL" start="2024-06-02T23:43:02.142501" elapsed="19.552723">Element with locator 'xpath=//a[text()='jsuriy@gmail.com']' not found.</status>
</test>
<doc>Test the Valid information to the login page</doc>
<status status="FAIL" start="2024-06-02T23:43:01.736822" elapsed="19.959519"/>
</suite>
<suite id="s1-s15" name="TestBookmodulelogin" source="E:\EXPLEO\Git Own Repo\TestCase\TestBookmodulelogin.robot">
<test id="s1-s15-t1" name="Login test template" line="18">
<kw name="Open the Browser" owner="GenericResources" type="SETUP">
<kw name="Open Browser" owner="SeleniumLibrary">
<msg time="2024-06-02T23:43:02.297758" level="INFO">Opening browser 'Chrome' to base url 'https://demowebshop.tricentis.com/'.</msg>
<arg>${url}</arg>
<arg>${browser_name}</arg>
<doc>Opens a new browser instance to the optional ``url``.</doc>
<status status="PASS" start="2024-06-02T23:43:02.297758" elapsed="5.646359"/>
</kw>
<kw name="Maximize Browser Window" owner="SeleniumLibrary">
<doc>Maximizes current browser window.</doc>
<status status="PASS" start="2024-06-02T23:43:07.944117" elapsed="0.070277"/>
</kw>
<kw name="Set Selenium Implicit Wait" owner="SeleniumLibrary">
<arg>10 seconds</arg>
<doc>Sets the implicit wait value used by Selenium.</doc>
<status status="PASS" start="2024-06-02T23:43:08.014394" elapsed="0.001312"/>
</kw>
<status status="PASS" start="2024-06-02T23:43:02.295753" elapsed="5.719953"/>
</kw>
<kw name="Login postive testcase1">
<kw name=" Click on login element" owner="Loginresourcebook">
<kw name="Click Element" owner="SeleniumLibrary">
<msg time="2024-06-02T23:43:08.018480" level="INFO">Clicking element 'xpath=//a[text()='Log in']'.</msg>
<arg>${login}</arg>
<doc>Click the element identified by ``locator``.</doc>
<status status="PASS" start="2024-06-02T23:43:08.018480" elapsed="0.597998"/>
</kw>
<status status="PASS" start="2024-06-02T23:43:08.017021" elapsed="0.599457"/>
</kw>
<kw name=" Fill Login credentials" owner="Loginresourcebook">
<kw name="Input Text" owner="SeleniumLibrary">
<msg time="2024-06-02T23:43:08.617483" level="INFO">Typing text '' into text field 'xpath=//input[@class='email']'.</msg>
<arg>${email}</arg>
<arg>${username}</arg>
<doc>Types the given ``text`` into the text field identified by ``locator``.</doc>
<status status="PASS" start="2024-06-02T23:43:08.617483" elapsed="0.098936"/>
</kw>
<kw name="Input Text" owner="SeleniumLibrary">
<msg time="2024-06-02T23:43:08.717430" level="INFO">Typing text '' into text field 'xpath=//input[@class='password']'.</msg>
<arg>${passwords}</arg>
<arg>${password}</arg>
<doc>Types the given ``text`` into the text field identified by ``locator``.</doc>
<status status="PASS" start="2024-06-02T23:43:08.716419" elapsed="0.107806"/>
</kw>
<arg>${username}</arg>
<arg>${password}</arg>
<status status="PASS" start="2024-06-02T23:43:08.617483" elapsed="0.206742"/>
</kw>
<kw name=" Click the login button" owner="Loginresourcebook">
<kw name="Click Element" owner="SeleniumLibrary">
<msg time="2024-06-02T23:43:08.826283" level="INFO">Clicking element 'xpath=//input[@class='button-1 login-button']'.</msg>
<arg>${login_btn}</arg>
<doc>Click the element identified by ``locator``.</doc>
<status status="PASS" start="2024-06-02T23:43:08.826283" elapsed="0.574518"/>
</kw>
<status status="PASS" start="2024-06-02T23:43:08.825751" elapsed="0.575050"/>
</kw>
<kw name=" Check the login page message" owner="Loginresourcebook">
<kw name="Element Text Should Be" owner="SeleniumLibrary">
<msg time="2024-06-02T23:43:09.403367" level="INFO">Verifying element 'xpath=//a[text()='jsuriy@gmail.com']' contains exact text ''.</msg>
<msg time="2024-06-02T23:43:19.632527" level="INFO" html="true">&lt;/td&gt;&lt;/tr&gt;&lt;tr&gt;&lt;td colspan="3"&gt;&lt;a href="15-selenium-screenshot-1.png"&gt;&lt;img src="15-selenium-screenshot-1.png" width="800px"&gt;&lt;/a&gt;</msg>
<msg time="2024-06-02T23:43:19.633837" level="FAIL">Element with locator 'xpath=//a[text()='jsuriy@gmail.com']' not found.</msg>
<arg>${login_msg}</arg>
<arg>${username}</arg>
<doc>Verifies that element ``locator`` contains exact the text ``expected``.</doc>
<status status="FAIL" start="2024-06-02T23:43:09.403367" elapsed="10.232349">Element with locator 'xpath=//a[text()='jsuriy@gmail.com']' not found.</status>
</kw>
<arg>${username}</arg>
<status status="FAIL" start="2024-06-02T23:43:09.400801" elapsed="10.234915">Element with locator 'xpath=//a[text()='jsuriy@gmail.com']' not found.</status>
</kw>
<kw name="To click book option" owner="bookmoduleresource">
<status status="NOT RUN" start="2024-06-02T23:43:19.635716" elapsed="0.000000"/>
</kw>
<kw name="Verifiying in book page" owner="bookmoduleresource">
<status status="NOT RUN" start="2024-06-02T23:43:19.635716" elapsed="0.000000"/>
</kw>
<arg>${username}</arg>
<arg>${password}</arg>
<status status="FAIL" start="2024-06-02T23:43:08.017021" elapsed="11.618695">Element with locator 'xpath=//a[text()='jsuriy@gmail.com']' not found.</status>
</kw>
<kw name="Close Browser Session" owner="GenericResources" type="TEARDOWN">
<kw name="Close Browser" owner="SeleniumLibrary">
<doc>Closes the current browser.</doc>
<status status="PASS" start="2024-06-02T23:43:19.640504" elapsed="2.323661"/>
</kw>
<status status="PASS" start="2024-06-02T23:43:19.640504" elapsed="2.323661"/>
</kw>
<status status="FAIL" start="2024-06-02T23:43:02.293459" elapsed="19.670706">Element with locator 'xpath=//a[text()='jsuriy@gmail.com']' not found.</status>
</test>
<doc>Test the Valid information to the login page</doc>
<status status="FAIL" start="2024-06-02T23:43:01.914683" elapsed="20.050655"/>
</suite>
<doc>[https://pabot.org/?ref=log|Pabot] result from 15 executions.</doc>
<status status="FAIL" start="2024-06-02T23:42:41.220000" elapsed="15.802090"/>
</suite>
<statistics>
<total>
<stat pass="12" fail="3" skip="0">All Tests</stat>
</total>
<tag>
<stat pass="2" fail="1" skip="0">Regressiontest</stat>
<stat pass="1" fail="0" skip="0">retest</stat>
<stat pass="9" fail="0" skip="0">smoketest</stat>
</tag>
<suite>
<stat pass="12" fail="3" skip="0" id="s1" name="TestCase">TestCase</stat>
<stat pass="1" fail="0" skip="0" id="s1-s1" name="TestBookmoduleaddtocart">TestCase.TestBookmoduleaddtocart</stat>
<stat pass="1" fail="0" skip="0" id="s1-s2" name="TestBookmoduleclickproduct">TestCase.TestBookmoduleclickproduct</stat>
<stat pass="1" fail="0" skip="0" id="s1-s3" name="TestBookmoduledisplay">TestCase.TestBookmoduledisplay</stat>
<stat pass="1" fail="0" skip="0" id="s1-s4" name="TestBookmoduleremovefilter">TestCase.TestBookmoduleremovefilter</stat>
<stat pass="1" fail="0" skip="0" id="s1-s5" name="TestBookmodulesortby">TestCase.TestBookmodulesortby</stat>
<stat pass="0" fail="1" skip="0" id="s1-s6" name="TestBookmodulesortbyprice">TestCase.TestBookmodulesortbyprice</stat>
<stat pass="1" fail="0" skip="0" id="s1-s7" name="TestBookmoduleview">TestCase.TestBookmoduleview</stat>
<stat pass="1" fail="0" skip="0" id="s1-s8" name="TestInformationmoduleaboutus">TestCase.TestInformationmoduleaboutus</stat>
<stat pass="1" fail="0" skip="0" id="s1-s9" name="TestInformationmodulecondition">TestCase.TestInformationmodulecondition</stat>
<stat pass="1" fail="0" skip="0" id="s1-s10" name="TestInformationmodulecontactus">TestCase.TestInformationmodulecontactus</stat>
<stat pass="1" fail="0" skip="0" id="s1-s11" name="TestInformationmoduleprivacy">TestCase.TestInformationmoduleprivacy</stat>
<stat pass="1" fail="0" skip="0" id="s1-s12" name="TestInformationmoduleshipping">TestCase.TestInformationmoduleshipping</stat>
<stat pass="1" fail="0" skip="0" id="s1-s13" name="TestInformationmodulesitemap">TestCase.TestInformationmodulesitemap</stat>
<stat pass="0" fail="1" skip="0" id="s1-s14" name="TestBookmoduleclickshoppingcart">TestCase.TestBookmoduleclickshoppingcart</stat>
<stat pass="0" fail="1" skip="0" id="s1-s15" name="TestBookmodulelogin">TestCase.TestBookmodulelogin</stat>
</suite>
</statistics>
<errors>
<msg time="2024-06-02T23:43:02.124679" level="ERROR">[ DataDriver ] Error in robot file:
  File "E:\EXPLEO\Git Own Repo\TestCase\TestBookmoduleclickshoppingcart.robot", line 0</msg>
<msg time="2024-06-02T23:43:02.124679" level="ERROR">In source file:
  File "../TestData/Login_Data.xlsx", line 0</msg>
<msg time="2024-06-02T23:43:02.142501" level="ERROR">Calling method '_start_suite' of listener 'DataDriver' failed: FileNotFoundError: File attribute was not a full path. Tried to find E:\EXPLEO\Git Own Repo\TestCase\..\TestData\Login_Data.xlsx but file does not exist.</msg>
<msg time="2024-06-02T23:43:02.289437" level="ERROR">[ DataDriver ] Error in robot file:
  File "E:\EXPLEO\Git Own Repo\TestCase\TestBookmodulelogin.robot", line 0</msg>
<msg time="2024-06-02T23:43:02.289437" level="ERROR">In source file:
  File "../TestData/Login_Data.xlsx", line 0</msg>
<msg time="2024-06-02T23:43:02.293459" level="ERROR">Calling method '_start_suite' of listener 'DataDriver' failed: FileNotFoundError: File attribute was not a full path. Tried to find E:\EXPLEO\Git Own Repo\TestCase\..\TestData\Login_Data.xlsx but file does not exist.</msg>
</errors>
</robot>
