<?xml version="1.0" encoding="UTF-8"?>
<robot generator="Robot 7.0 (Python 3.12.2 on win32)" generated="2024-05-27T22:24:54.447066" rpa="false" schemaversion="5">
<suite id="s1" name="TestCase" source="E:\EXPLEO\Git Own Repo\TestCase">
<suite id="s1-s1" name="TestInformationmodulecondition" source="E:\EXPLEO\Git Own Repo\TestCase\TestInformationmodulecondition.robot">
<test id="s1-s1-t1" name="Verifying for Privacy Condition page" line="16">
<kw name="Open a browser with url" owner="Genericresource" type="SETUP">
<kw name="Create Webdriver" owner="SeleniumLibrary">
<msg time="2024-05-27T22:24:55.119618" level="INFO">Creating an instance of the Chrome WebDriver.</msg>
<arg>${browser}</arg>
<doc>Creates an instance of Selenium WebDriver.</doc>
<status status="PASS" start="2024-05-27T22:24:55.119618" elapsed="55.442536"/>
</kw>
<kw name="Go To" owner="SeleniumLibrary">
<msg time="2024-05-27T22:25:50.568667" level="INFO">Opening url 'https://demowebshop.tricentis.com/'</msg>
<arg>${url}</arg>
<doc>Navigates the current browser window to the provided ``url``.</doc>
<status status="PASS" start="2024-05-27T22:25:50.568667" elapsed="29.170603"/>
</kw>
<kw name="Set Selenium Implicit Wait" owner="SeleniumLibrary">
<arg>10</arg>
<doc>Sets the implicit wait value used by Selenium.</doc>
<status status="PASS" start="2024-05-27T22:26:19.739270" elapsed="0.004834"/>
</kw>
<status status="PASS" start="2024-05-27T22:24:55.119618" elapsed="84.624486"/>
</kw>
<kw name="To assert the Privacy Condition page">
<kw name="Run Keyword And Ignore Error" owner="BuiltIn">
<kw name="To click on condition option" owner="Informationmoduleresource">
<kw name="Run Keyword And Ignore Error" owner="BuiltIn">
<kw name="Click Link" owner="SeleniumLibrary">
<msg time="2024-05-27T22:26:19.750114" level="INFO">Clicking link 'xpath://a[text()="Conditions of Use"]'.</msg>
<arg>${condition_l}</arg>
<doc>Clicks a link identified by ``locator``.</doc>
<status status="PASS" start="2024-05-27T22:26:19.744104" elapsed="5.045667"/>
</kw>
<arg>Click Link</arg>
<arg>${condition_l}</arg>
<doc>Runs the given keyword with the given arguments and ignores possible error.</doc>
<status status="PASS" start="2024-05-27T22:26:19.744104" elapsed="5.045667"/>
</kw>
<status status="PASS" start="2024-05-27T22:26:19.744104" elapsed="5.045667"/>
</kw>
<arg>Informationmoduleresource.To click on condition option</arg>
<doc>Runs the given keyword with the given arguments and ignores possible error.</doc>
<status status="PASS" start="2024-05-27T22:26:19.744104" elapsed="5.045667"/>
</kw>
<kw name="Run Keyword And Ignore Error" owner="BuiltIn">
<kw name="To verify condtion page" owner="Informationmoduleresource">
<kw name="Element Text Should Be" owner="SeleniumLibrary">
<msg time="2024-05-27T22:26:24.789771" level="INFO">Verifying element 'xpath://a[text()="Conditions of Use"]' contains exact text 'Conditions of Use'.</msg>
<arg>${condition_l}</arg>
<arg>Conditions of Use</arg>
<doc>Verifies that element ``locator`` contains exact the text ``expected``.</doc>
<status status="PASS" start="2024-05-27T22:26:24.789771" elapsed="0.049173"/>
</kw>
<status status="PASS" start="2024-05-27T22:26:24.789771" elapsed="0.049173"/>
</kw>
<arg>Informationmoduleresource.To verify condtion page</arg>
<doc>Runs the given keyword with the given arguments and ignores possible error.</doc>
<status status="PASS" start="2024-05-27T22:26:24.789771" elapsed="0.049173"/>
</kw>
<status status="PASS" start="2024-05-27T22:26:19.744104" elapsed="5.096395"/>
</kw>
<kw name="Close the browser" owner="Genericresource" type="TEARDOWN">
<kw name="Close Browser" owner="SeleniumLibrary">
<doc>Closes the current browser.</doc>
<status status="PASS" start="2024-05-27T22:26:24.841801" elapsed="2.674691"/>
</kw>
<status status="PASS" start="2024-05-27T22:26:24.840499" elapsed="2.675993"/>
</kw>
<tag>smoketest</tag>
<status status="PASS" start="2024-05-27T22:24:55.113988" elapsed="92.402504"/>
</test>
<doc>Test case for sitemap page</doc>
<status status="PASS" start="2024-05-27T22:24:54.524799" elapsed="92.991693"/>
</suite>
<status status="PASS" start="2024-05-27T22:24:54.486529" elapsed="93.034822"/>
</suite>
<statistics>
<total>
<stat pass="1" fail="0" skip="0">All Tests</stat>
</total>
<tag>
<stat pass="1" fail="0" skip="0">smoketest</stat>
</tag>
<suite>
<stat pass="1" fail="0" skip="0" id="s1" name="TestCase">TestCase</stat>
<stat pass="1" fail="0" skip="0" id="s1-s1" name="TestInformationmodulecondition">TestCase.TestInformationmodulecondition</stat>
</suite>
</statistics>
<errors>
</errors>
</robot>
