<?xml version="1.0" encoding="UTF-8"?>
<robot generator="Robot 7.0 (Python 3.12.2 on win32)" generated="2024-06-02T15:08:59.685443" rpa="false" schemaversion="5">
<suite id="s1" name="TestCase" source="E:\EXPLEO\Git Own Repo\TestCase">
<suite id="s1-s1" name="TestInformationmoduleprivacy" source="E:\EXPLEO\Git Own Repo\TestCase\TestInformationmoduleprivacy.robot">
<test id="s1-s1-t1" name="Verifying for Privacy notice page" line="16">
<kw name="Open the Browser" owner="GenericResources" type="SETUP">
<kw name="Open Browser" owner="SeleniumLibrary">
<msg time="2024-06-02T15:09:00.212864" level="INFO">Opening browser 'Chrome' to base url 'https://demowebshop.tricentis.com/'.</msg>
<arg>${url}</arg>
<arg>${browser_name}</arg>
<doc>Opens a new browser instance to the optional ``url``.</doc>
<status status="PASS" start="2024-06-02T15:09:00.212864" elapsed="9.404130"/>
</kw>
<kw name="Maximize Browser Window" owner="SeleniumLibrary">
<doc>Maximizes current browser window.</doc>
<status status="PASS" start="2024-06-02T15:09:09.619511" elapsed="0.636240"/>
</kw>
<kw name="Set Selenium Implicit Wait" owner="SeleniumLibrary">
<arg>10 seconds</arg>
<doc>Sets the implicit wait value used by Selenium.</doc>
<status status="PASS" start="2024-06-02T15:09:10.255751" elapsed="0.032506"/>
</kw>
<status status="PASS" start="2024-06-02T15:09:00.212864" elapsed="10.075393"/>
</kw>
<kw name="To assert the Privacy notice page">
<kw name="Run Keyword And Ignore Error" owner="BuiltIn">
<kw name="To click on privacy option" owner="Informationmoduleresource">
<kw name="Click Link" owner="SeleniumLibrary">
<msg time="2024-06-02T15:09:10.296274" level="INFO">Clicking link 'xpath://a[text()="Privacy Notice"]'.</msg>
<arg>${privacy_l}</arg>
<doc>Clicks a link identified by ``locator``.</doc>
<status status="PASS" start="2024-06-02T15:09:10.296274" elapsed="1.551892"/>
</kw>
<status status="PASS" start="2024-06-02T15:09:10.294767" elapsed="1.553399"/>
</kw>
<arg>Informationmoduleresource.To click on privacy option</arg>
<doc>Runs the given keyword with the given arguments and ignores possible error.</doc>
<status status="PASS" start="2024-06-02T15:09:10.294767" elapsed="1.553399"/>
</kw>
<kw name="Run Keyword And Ignore Error" owner="BuiltIn">
<kw name="To verify privacy page" owner="Informationmoduleresource">
<kw name="Element Text Should Be" owner="SeleniumLibrary">
<msg time="2024-06-02T15:09:11.848166" level="INFO">Verifying element 'xpath://div[@class="page-title"]/h1' contains exact text 'Privacy policy'.</msg>
<arg>${pagetitle}</arg>
<arg>Privacy policy</arg>
<doc>Verifies that element ``locator`` contains exact the text ``expected``.</doc>
<status status="PASS" start="2024-06-02T15:09:11.848166" elapsed="0.520420"/>
</kw>
<status status="PASS" start="2024-06-02T15:09:11.848166" elapsed="0.520420"/>
</kw>
<arg>Informationmoduleresource.To verify privacy page</arg>
<doc>Runs the given keyword with the given arguments and ignores possible error.</doc>
<status status="PASS" start="2024-06-02T15:09:11.848166" elapsed="0.520420"/>
</kw>
<status status="PASS" start="2024-06-02T15:09:10.294767" elapsed="2.073819"/>
</kw>
<kw name="Close Browser Session" owner="GenericResources" type="TEARDOWN">
<kw name="Close Browser" owner="SeleniumLibrary">
<doc>Closes the current browser.</doc>
<status status="PASS" start="2024-06-02T15:09:12.373096" elapsed="4.922248"/>
</kw>
<status status="PASS" start="2024-06-02T15:09:12.373096" elapsed="4.922248"/>
</kw>
<tag>smoketest</tag>
<status status="PASS" start="2024-06-02T15:09:00.199271" elapsed="17.096073"/>
</test>
<doc>Test case for sitemap page</doc>
<status status="PASS" start="2024-06-02T15:08:59.782580" elapsed="17.514143"/>
</suite>
<status status="PASS" start="2024-06-02T15:08:59.745739" elapsed="17.551558"/>
</suite>
<statistics>
<total>
<stat pass="1" fail="0" skip="0">All Tests</stat>
</total>
<tag>
<stat pass="1" fail="0" skip="0">smoketest</stat>
</tag>
<suite>
<stat pass="1" fail="0" skip="0" id="s1" name="TestCase">TestCase</stat>
<stat pass="1" fail="0" skip="0" id="s1-s1" name="TestInformationmoduleprivacy">TestCase.TestInformationmoduleprivacy</stat>
</suite>
</statistics>
<errors>
</errors>
</robot>
