<?xml version="1.0" encoding="UTF-8"?>
<robot generator="Robot 7.0 (Python 3.12.2 on win32)" generated="2024-06-02T19:12:16.780837" rpa="false" schemaversion="5">
<suite id="s1" name="TestBookmoduleclickshoppingcart" source="E:\EXPLEO\Git Own Repo\TestCase\TestBookmoduleclickshoppingcart.robot">
<test id="s1-t1" name="Login test template" line="18">
<kw name="Open the Browser" owner="GenericResources" type="SETUP">
<kw name="Open Browser" owner="SeleniumLibrary">
<msg time="2024-06-02T19:12:18.071361" level="INFO">Opening browser 'Chrome' to base url 'https://demowebshop.tricentis.com/'.</msg>
<arg>${url}</arg>
<arg>${browser_name}</arg>
<doc>Opens a new browser instance to the optional ``url``.</doc>
<status status="PASS" start="2024-06-02T19:12:18.071361" elapsed="5.234965"/>
</kw>
<kw name="Maximize Browser Window" owner="SeleniumLibrary">
<doc>Maximizes current browser window.</doc>
<status status="PASS" start="2024-06-02T19:12:23.306326" elapsed="0.049947"/>
</kw>
<kw name="Set Selenium Implicit Wait" owner="SeleniumLibrary">
<arg>10 seconds</arg>
<doc>Sets the implicit wait value used by Selenium.</doc>
<status status="PASS" start="2024-06-02T19:12:23.356273" elapsed="0.000000"/>
</kw>
<status status="PASS" start="2024-06-02T19:12:18.070855" elapsed="5.285418"/>
</kw>
<kw name="Login postive testcase1">
<kw name=" Click on login element" owner="Loginresourcebook">
<kw name="Click Element" owner="SeleniumLibrary">
<msg time="2024-06-02T19:12:23.364704" level="INFO">Clicking element 'xpath=//a[text()='Log in']'.</msg>
<arg>${login}</arg>
<doc>Click the element identified by ``locator``.</doc>
<status status="PASS" start="2024-06-02T19:12:23.364704" elapsed="0.580324"/>
</kw>
<status status="PASS" start="2024-06-02T19:12:23.364704" elapsed="0.580324"/>
</kw>
<kw name=" Fill Login credentials" owner="Loginresourcebook">
<kw name="Input Text" owner="SeleniumLibrary">
<msg time="2024-06-02T19:12:23.945028" level="INFO">Typing text 'jsuriy@gmail.com' into text field 'xpath=//input[@class='email']'.</msg>
<arg>${email}</arg>
<arg>${username}</arg>
<doc>Types the given ``text`` into the text field identified by ``locator``.</doc>
<status status="PASS" start="2024-06-02T19:12:23.945028" elapsed="0.147397"/>
</kw>
<kw name="Input Text" owner="SeleniumLibrary">
<msg time="2024-06-02T19:12:24.092425" level="INFO">Typing text 'Suriy@07' into text field 'xpath=//input[@class='password']'.</msg>
<arg>${passwords}</arg>
<arg>${password}</arg>
<doc>Types the given ``text`` into the text field identified by ``locator``.</doc>
<status status="PASS" start="2024-06-02T19:12:24.092425" elapsed="0.145742"/>
</kw>
<arg>${username}</arg>
<arg>${password}</arg>
<status status="PASS" start="2024-06-02T19:12:23.945028" elapsed="0.294307"/>
</kw>
<kw name=" Click the login button" owner="Loginresourcebook">
<kw name="Click Element" owner="SeleniumLibrary">
<msg time="2024-06-02T19:12:24.240853" level="INFO">Clicking element 'xpath=//input[@class='button-1 login-button']'.</msg>
<arg>${login_btn}</arg>
<doc>Click the element identified by ``locator``.</doc>
<status status="PASS" start="2024-06-02T19:12:24.239335" elapsed="0.952822"/>
</kw>
<status status="PASS" start="2024-06-02T19:12:24.239335" elapsed="0.954495"/>
</kw>
<kw name=" Check the login page message" owner="Loginresourcebook">
<kw name="Element Text Should Be" owner="SeleniumLibrary">
<msg time="2024-06-02T19:12:25.196136" level="INFO">Verifying element 'xpath=//a[text()='jsuriy@gmail.com']' contains exact text 'jsuriy@gmail.com'.</msg>
<arg>${login_msg}</arg>
<arg>${username}</arg>
<doc>Verifies that element ``locator`` contains exact the text ``expected``.</doc>
<status status="PASS" start="2024-06-02T19:12:25.193830" elapsed="0.044064"/>
</kw>
<arg>${username}</arg>
<status status="PASS" start="2024-06-02T19:12:25.193830" elapsed="0.044064"/>
</kw>
<kw name="click on shopping cart button" owner="bookmoduleresource">
<kw name="Wait Until Element Is Visible" owner="SeleniumLibrary">
<arg>${click_shoppingcart}</arg>
<arg>timeout=20</arg>
<doc>Waits until the element ``locator`` is visible.</doc>
<status status="PASS" start="2024-06-02T19:12:25.237894" elapsed="0.033986"/>
</kw>
<kw name="Click Link" owner="SeleniumLibrary">
<msg time="2024-06-02T19:12:25.271880" level="INFO">Clicking link 'xpath:(//a[@class="ico-cart"])[1]'.</msg>
<arg>${click_shoppingcart}</arg>
<doc>Clicks a link identified by ``locator``.</doc>
<status status="PASS" start="2024-06-02T19:12:25.271880" elapsed="0.722660"/>
</kw>
<kw name="Wait Until Element Contains" owner="SeleniumLibrary">
<arg>${verify_shopping}</arg>
<arg>Shopping cart</arg>
<doc>Waits until the element ``locator`` contains ``text``.</doc>
<status status="PASS" start="2024-06-02T19:12:25.994540" elapsed="0.026962"/>
</kw>
<status status="PASS" start="2024-06-02T19:12:25.237894" elapsed="0.787093"/>
</kw>
<arg>username=jsuriy@gmail.com</arg>
<arg>password=Suriy@07</arg>
<status status="PASS" start="2024-06-02T19:12:23.364704" elapsed="2.660283"/>
</kw>
<kw name="Close Browser Session" owner="GenericResources" type="TEARDOWN">
<kw name="Close Browser" owner="SeleniumLibrary">
<doc>Closes the current browser.</doc>
<status status="PASS" start="2024-06-02T19:12:26.025493" elapsed="2.335937"/>
</kw>
<status status="PASS" start="2024-06-02T19:12:26.025493" elapsed="2.335937"/>
</kw>
<status status="PASS" start="2024-06-02T19:12:18.059384" elapsed="10.302046"/>
</test>
<doc>Test the Valid information to the login page</doc>
<status status="PASS" start="2024-06-02T19:12:16.795849" elapsed="11.565581"/>
</suite>
<statistics>
<total>
<stat pass="1" fail="0" skip="0">All Tests</stat>
</total>
<tag>
</tag>
<suite>
<stat pass="1" fail="0" skip="0" id="s1" name="TestBookmoduleclickshoppingcart">TestBookmoduleclickshoppingcart</stat>
</suite>
</statistics>
<errors>
</errors>
</robot>
