<?xml version="1.0" encoding="UTF-8"?>
<robot generator="Robot 7.0 (Python 3.12.2 on win32)" generated="2024-05-28T09:41:00.786179" rpa="false" schemaversion="5">
<suite id="s1" name="Git Own Repo" source="E:\EXPLEO\Git Own Repo">
<suite id="s1-s1" name="TestCase" source="E:\EXPLEO\Git Own Repo\TestCase">
<suite id="s1-s1-s1" name="TestInformationmoduleshipping" source="E:\EXPLEO\Git Own Repo\TestCase\TestInformationmoduleshipping.robot">
<test id="s1-s1-s1-t1" name="Verifying for shipping and return page" line="14">
<kw name="Open a browser with url" owner="Genericresource" type="SETUP">
<kw name="Create Webdriver" owner="SeleniumLibrary">
<msg time="2024-05-28T09:41:01.379898" level="INFO">Creating an instance of the Chrome WebDriver.</msg>
<arg>${browser}</arg>
<doc>Creates an instance of Selenium WebDriver.</doc>
<status status="PASS" start="2024-05-28T09:41:01.379898" elapsed="1.560796"/>
</kw>
<kw name="Go To" owner="SeleniumLibrary">
<msg time="2024-05-28T09:41:02.942223" level="INFO">Opening url 'https://demowebshop.tricentis.com/'</msg>
<arg>${url}</arg>
<doc>Navigates the current browser window to the provided ``url``.</doc>
<status status="PASS" start="2024-05-28T09:41:02.942223" elapsed="26.097008"/>
</kw>
<kw name="Set Selenium Implicit Wait" owner="SeleniumLibrary">
<arg>10</arg>
<doc>Sets the implicit wait value used by Selenium.</doc>
<status status="PASS" start="2024-05-28T09:41:29.040270" elapsed="0.005158"/>
</kw>
<status status="PASS" start="2024-05-28T09:41:01.379898" elapsed="27.665530"/>
</kw>
<kw name="To assert the shipping and return page">
<kw name="Run Keyword And Ignore Error" owner="BuiltIn">
<kw name="To click on shipping option" owner="Informationmoduleresource">
<kw name="Run Keyword And Ignore Error" owner="BuiltIn">
<kw name="Click Link" owner="SeleniumLibrary">
<msg time="2024-05-28T09:41:29.045428" level="INFO">Clicking link 'xpath://a[text()="Shipping &amp; Returns"]'.</msg>
<arg>${shipping_l}</arg>
<doc>Clicks a link identified by ``locator``.</doc>
<status status="PASS" start="2024-05-28T09:41:29.045428" elapsed="0.937797"/>
</kw>
<arg>Click Link</arg>
<arg>${shipping_l}</arg>
<doc>Runs the given keyword with the given arguments and ignores possible error.</doc>
<status status="PASS" start="2024-05-28T09:41:29.045428" elapsed="0.937797"/>
</kw>
<status status="PASS" start="2024-05-28T09:41:29.045428" elapsed="0.937797"/>
</kw>
<arg>Informationmoduleresource.To click on shipping option</arg>
<doc>Runs the given keyword with the given arguments and ignores possible error.</doc>
<status status="PASS" start="2024-05-28T09:41:29.045428" elapsed="0.937797"/>
</kw>
<kw name="Run Keyword And Ignore Error" owner="BuiltIn">
<kw name="To verify shipping page" owner="Informationmoduleresource">
<kw name="Run Keyword And Ignore Error" owner="BuiltIn">
<kw name="Element Text Should Be" owner="SeleniumLibrary">
<msg time="2024-05-28T09:41:29.983225" level="INFO">Verifying element 'xpath://div[@class="page-title"]/h1' contains exact text 'Shipping &amp; Returns'.</msg>
<arg>${pagetitle}</arg>
<arg>Shipping &amp; Returns</arg>
<doc>Verifies that element ``locator`` contains exact the text ``expected``.</doc>
<status status="PASS" start="2024-05-28T09:41:29.983225" elapsed="0.032677"/>
</kw>
<arg>Element Text Should Be</arg>
<arg>${pagetitle}</arg>
<arg>Shipping &amp; Returns</arg>
<doc>Runs the given keyword with the given arguments and ignores possible error.</doc>
<status status="PASS" start="2024-05-28T09:41:29.983225" elapsed="0.032677"/>
</kw>
<status status="PASS" start="2024-05-28T09:41:29.983225" elapsed="0.032677"/>
</kw>
<arg>Informationmoduleresource.To verify shipping page</arg>
<doc>Runs the given keyword with the given arguments and ignores possible error.</doc>
<status status="PASS" start="2024-05-28T09:41:29.983225" elapsed="0.032677"/>
</kw>
<status status="PASS" start="2024-05-28T09:41:29.045428" elapsed="0.975519"/>
</kw>
<kw name="Close the browser" owner="Genericresource" type="TEARDOWN">
<kw name="Close Browser" owner="SeleniumLibrary">
<doc>Closes the current browser.</doc>
<status status="PASS" start="2024-05-28T09:41:30.020947" elapsed="2.233522"/>
</kw>
<status status="PASS" start="2024-05-28T09:41:30.020947" elapsed="2.233522"/>
</kw>
<tag>smoketest</tag>
<status status="PASS" start="2024-05-28T09:41:01.379898" elapsed="30.875889"/>
</test>
<doc>Test case to click shipping and return page</doc>
<status status="PASS" start="2024-05-28T09:41:00.843359" elapsed="31.421392"/>
</suite>
<status status="PASS" start="2024-05-28T09:41:00.842335" elapsed="31.422416"/>
</suite>
<status status="PASS" start="2024-05-28T09:41:00.803990" elapsed="31.460761"/>
</suite>
<statistics>
<total>
<stat pass="1" fail="0" skip="0">All Tests</stat>
</total>
<tag>
<stat pass="1" fail="0" skip="0">smoketest</stat>
</tag>
<suite>
<stat pass="1" fail="0" skip="0" id="s1" name="Git Own Repo">Git Own Repo</stat>
<stat pass="1" fail="0" skip="0" id="s1-s1" name="TestCase">Git Own Repo.TestCase</stat>
<stat pass="1" fail="0" skip="0" id="s1-s1-s1" name="TestInformationmoduleshipping">Git Own Repo.TestCase.TestInformationmoduleshipping</stat>
</suite>
</statistics>
<errors>
</errors>
</robot>
