<?xml version="1.0" encoding="UTF-8"?>
<robot generator="Robot 7.0 (Python 3.12.2 on win32)" generated="2024-06-02T15:08:59.764849" rpa="false" schemaversion="5">
<suite id="s1" name="TestCase" source="E:\EXPLEO\Git Own Repo\TestCase">
<suite id="s1-s1" name="TestBookmoduleaddtocart" source="E:\EXPLEO\Git Own Repo\TestCase\TestBookmoduleaddtocart.robot">
<test id="s1-s1-t1" name="To click product and select add to cart option" line="15">
<kw name="Open a browser with url" owner="Genericresource" type="SETUP">
<kw name="Create Webdriver" owner="SeleniumLibrary">
<msg time="2024-06-02T15:09:00.378249" level="INFO">Creating an instance of the Chrome WebDriver.</msg>
<arg>${browser}</arg>
<doc>Creates an instance of Selenium WebDriver.</doc>
<status status="PASS" start="2024-06-02T15:09:00.368743" elapsed="6.081578"/>
</kw>
<kw name="Go To" owner="SeleniumLibrary">
<msg time="2024-06-02T15:09:06.450321" level="INFO">Opening url 'https://demowebshop.tricentis.com/'</msg>
<arg>${url}</arg>
<doc>Navigates the current browser window to the provided ``url``.</doc>
<status status="PASS" start="2024-06-02T15:09:06.450321" elapsed="7.002289"/>
</kw>
<kw name="Set Selenium Implicit Wait" owner="SeleniumLibrary">
<arg>10</arg>
<doc>Sets the implicit wait value used by Selenium.</doc>
<status status="PASS" start="2024-06-02T15:09:13.452610" elapsed="0.009202"/>
</kw>
<status status="PASS" start="2024-06-02T15:09:00.368743" elapsed="13.093069"/>
</kw>
<kw name="To click on book option">
<kw name="To click book option" owner="bookmoduleresource">
<try>
<branch type="TRY">
<kw name="Click Link" owner="SeleniumLibrary">
<msg time="2024-06-02T15:09:13.461812" level="INFO">Clicking link 'xpath:(//li/a)[5]'.</msg>
<arg>${book_l}</arg>
<doc>Clicks a link identified by ``locator``.</doc>
<status status="PASS" start="2024-06-02T15:09:13.461812" elapsed="1.411615"/>
</kw>
<status status="PASS" start="2024-06-02T15:09:13.461812" elapsed="1.411615"/>
</branch>
<branch type="EXCEPT">
<kw name="Log To Console" owner="BuiltIn">
<arg>Error clicking book option: ${book_l}</arg>
<doc>Logs the given message to the console.</doc>
<status status="NOT RUN" start="2024-06-02T15:09:14.873427" elapsed="0.003148"/>
</kw>
<status status="NOT RUN" start="2024-06-02T15:09:14.873427" elapsed="0.003148"/>
</branch>
<status status="PASS" start="2024-06-02T15:09:13.461812" elapsed="1.414763"/>
</try>
<status status="PASS" start="2024-06-02T15:09:13.461812" elapsed="1.414763"/>
</kw>
<status status="PASS" start="2024-06-02T15:09:13.461812" elapsed="1.414763"/>
</kw>
<kw name="To verify shows book details">
<kw name="Verifiying in book page" owner="bookmoduleresource">
<try>
<branch type="TRY">
<kw name="Element Text Should Be" owner="SeleniumLibrary">
<msg time="2024-06-02T15:09:14.883733" level="INFO">Verifying element 'xpath:(//li/a)[5]' contains exact text 'BOOKS'.</msg>
<arg>${book_l}</arg>
<arg>BOOKS</arg>
<doc>Verifies that element ``locator`` contains exact the text ``expected``.</doc>
<status status="PASS" start="2024-06-02T15:09:14.882362" elapsed="0.035052"/>
</kw>
<status status="PASS" start="2024-06-02T15:09:14.881581" elapsed="0.035833"/>
</branch>
<branch type="EXCEPT">
<kw name="Log To Console" owner="BuiltIn">
<arg>Error verifying book page navigation: ${book_l}</arg>
<doc>Logs the given message to the console.</doc>
<status status="NOT RUN" start="2024-06-02T15:09:14.918465" elapsed="0.000000"/>
</kw>
<status status="NOT RUN" start="2024-06-02T15:09:14.918465" elapsed="0.000000"/>
</branch>
<status status="PASS" start="2024-06-02T15:09:14.881581" elapsed="0.036884"/>
</try>
<status status="PASS" start="2024-06-02T15:09:14.876575" elapsed="0.042932"/>
</kw>
<status status="PASS" start="2024-06-02T15:09:14.876575" elapsed="0.042932"/>
</kw>
<kw name="To select add to cart">
<kw name="click on add to card button" owner="bookmoduleresource">
<try>
<branch type="TRY">
<kw name="Click Element" owner="SeleniumLibrary">
<msg time="2024-06-02T15:09:14.922182" level="INFO">Clicking element 'xpath:(//input[@class="button-2 product-box-add-to-cart-button"])[1]'.</msg>
<arg>${addtocard_l}</arg>
<doc>Click the element identified by ``locator``.</doc>
<status status="PASS" start="2024-06-02T15:09:14.921178" elapsed="0.151165"/>
</kw>
<status status="PASS" start="2024-06-02T15:09:14.920088" elapsed="0.152255"/>
</branch>
<branch type="EXCEPT">
<kw name="Log To Console" owner="BuiltIn">
<arg>Error clicking add to cart button: ${addtocard_l}</arg>
<doc>Logs the given message to the console.</doc>
<status status="NOT RUN" start="2024-06-02T15:09:15.073451" elapsed="0.000000"/>
</kw>
<status status="NOT RUN" start="2024-06-02T15:09:15.072343" elapsed="0.001108"/>
</branch>
<status status="PASS" start="2024-06-02T15:09:14.920088" elapsed="0.153363"/>
</try>
<status status="PASS" start="2024-06-02T15:09:14.920088" elapsed="0.153363"/>
</kw>
<status status="PASS" start="2024-06-02T15:09:14.919507" elapsed="0.153944"/>
</kw>
<kw name="Close the browser" owner="Genericresource" type="TEARDOWN">
<kw name="Close Browser" owner="SeleniumLibrary">
<doc>Closes the current browser.</doc>
<status status="PASS" start="2024-06-02T15:09:15.074454" elapsed="2.328697"/>
</kw>
<status status="PASS" start="2024-06-02T15:09:15.074454" elapsed="2.328697"/>
</kw>
<tag>retest</tag>
<status status="PASS" start="2024-06-02T15:09:00.368743" elapsed="17.034408"/>
</test>
<doc>Test case for Bookmodule to click product and select add to cart option</doc>
<status status="PASS" start="2024-06-02T15:08:59.821827" elapsed="17.581324"/>
</suite>
<status status="PASS" start="2024-06-02T15:08:59.797738" elapsed="17.607027"/>
</suite>
<statistics>
<total>
<stat pass="1" fail="0" skip="0">All Tests</stat>
</total>
<tag>
<stat pass="1" fail="0" skip="0">retest</stat>
</tag>
<suite>
<stat pass="1" fail="0" skip="0" id="s1" name="TestCase">TestCase</stat>
<stat pass="1" fail="0" skip="0" id="s1-s1" name="TestBookmoduleaddtocart">TestCase.TestBookmoduleaddtocart</stat>
</suite>
</statistics>
<errors>
</errors>
</robot>
