<?xml version="1.0" encoding="UTF-8"?>
<robot generator="Robot 7.0 (Python 3.12.2 on win32)" generated="2024-05-28T09:40:38.384601" rpa="false" schemaversion="5">
<suite id="s1" name="Git Own Repo" source="E:\EXPLEO\Git Own Repo">
<suite id="s1-s1" name="TestCase" source="E:\EXPLEO\Git Own Repo\TestCase">
<suite id="s1-s1-s1" name="TestBookmoduleaddtocart" source="E:\EXPLEO\Git Own Repo\TestCase\TestBookmoduleaddtocart.robot">
<test id="s1-s1-s1-t1" name="To click product and select add to cart option" line="15">
<kw name="Open a browser with url" owner="Genericresource" type="SETUP">
<kw name="Create Webdriver" owner="SeleniumLibrary">
<msg time="2024-05-28T09:40:38.859972" level="INFO">Creating an instance of the Chrome WebDriver.</msg>
<arg>${browser}</arg>
<doc>Creates an instance of Selenium WebDriver.</doc>
<status status="PASS" start="2024-05-28T09:40:38.859972" elapsed="5.537292"/>
</kw>
<kw name="Go To" owner="SeleniumLibrary">
<msg time="2024-05-28T09:40:44.397264" level="INFO">Opening url 'https://demowebshop.tricentis.com/'</msg>
<arg>${url}</arg>
<doc>Navigates the current browser window to the provided ``url``.</doc>
<status status="PASS" start="2024-05-28T09:40:44.397264" elapsed="1.600383"/>
</kw>
<kw name="Set Selenium Implicit Wait" owner="SeleniumLibrary">
<arg>10</arg>
<doc>Sets the implicit wait value used by Selenium.</doc>
<status status="PASS" start="2024-05-28T09:40:45.997647" elapsed="0.004507"/>
</kw>
<status status="PASS" start="2024-05-28T09:40:38.859972" elapsed="7.149712"/>
</kw>
<kw name="To click on book option">
<kw name="To click book option" owner="bookmoduleresource">
<kw name="Run Keyword And Ignore Error" owner="BuiltIn">
<kw name="Click Link" owner="SeleniumLibrary">
<msg time="2024-05-28T09:40:46.017333" level="INFO">Clicking link 'xpath:(//li/a)[5]'.</msg>
<arg>${book_l}</arg>
<doc>Clicks a link identified by ``locator``.</doc>
<status status="PASS" start="2024-05-28T09:40:46.009684" elapsed="4.199738"/>
</kw>
<arg>Click Link</arg>
<arg>${book_l}</arg>
<doc>Runs the given keyword with the given arguments and ignores possible error.</doc>
<status status="PASS" start="2024-05-28T09:40:46.009684" elapsed="4.199738"/>
</kw>
<status status="PASS" start="2024-05-28T09:40:46.009684" elapsed="4.199738"/>
</kw>
<status status="PASS" start="2024-05-28T09:40:46.009684" elapsed="4.199738"/>
</kw>
<kw name="To verify shows book details">
<kw name="Verifiying in book page" owner="bookmoduleresource">
<kw name="Run Keyword And Ignore Error" owner="BuiltIn">
<kw name="Element Text Should Be" owner="SeleniumLibrary">
<msg time="2024-05-28T09:40:50.214932" level="INFO">Verifying element 'xpath:(//li/a)[5]' contains exact text 'BOOKS'.</msg>
<arg>${book_l}</arg>
<arg>BOOKS</arg>
<doc>Verifies that element ``locator`` contains exact the text ``expected``.</doc>
<status status="PASS" start="2024-05-28T09:40:50.214932" elapsed="0.220286"/>
</kw>
<arg>Element Text Should Be</arg>
<arg>${book_l}</arg>
<arg>BOOKS</arg>
<doc>Runs the given keyword with the given arguments and ignores possible error.</doc>
<status status="PASS" start="2024-05-28T09:40:50.214932" elapsed="0.220286"/>
</kw>
<status status="PASS" start="2024-05-28T09:40:50.214932" elapsed="0.220286"/>
</kw>
<status status="PASS" start="2024-05-28T09:40:50.209422" elapsed="0.225796"/>
</kw>
<kw name="To select add to cart">
<kw name="click on add to card button" owner="bookmoduleresource">
<kw name="Click Element" owner="SeleniumLibrary">
<msg time="2024-05-28T09:40:50.441229" level="INFO">Clicking element 'xpath:(//input[@class="button-2 product-box-add-to-cart-button"])[1]'.</msg>
<arg>${addtocard_l}</arg>
<doc>Click the element identified by ``locator``.</doc>
<status status="PASS" start="2024-05-28T09:40:50.441229" elapsed="1.047429"/>
</kw>
<status status="PASS" start="2024-05-28T09:40:50.441229" elapsed="1.047429"/>
</kw>
<status status="PASS" start="2024-05-28T09:40:50.441229" elapsed="1.047429"/>
</kw>
<kw name="Close the browser" owner="Genericresource" type="TEARDOWN">
<kw name="Close Browser" owner="SeleniumLibrary">
<doc>Closes the current browser.</doc>
<status status="PASS" start="2024-05-28T09:40:51.488658" elapsed="3.965603"/>
</kw>
<status status="PASS" start="2024-05-28T09:40:51.488658" elapsed="3.965603"/>
</kw>
<tag>retest</tag>
<status status="PASS" start="2024-05-28T09:40:38.859972" elapsed="16.594289"/>
</test>
<doc>Test case for Bookmodule</doc>
<status status="PASS" start="2024-05-28T09:40:38.453373" elapsed="17.000888"/>
</suite>
<status status="PASS" start="2024-05-28T09:40:38.446854" elapsed="17.007407"/>
</suite>
<status status="PASS" start="2024-05-28T09:40:38.409254" elapsed="17.045007"/>
</suite>
<statistics>
<total>
<stat pass="1" fail="0" skip="0">All Tests</stat>
</total>
<tag>
<stat pass="1" fail="0" skip="0">retest</stat>
</tag>
<suite>
<stat pass="1" fail="0" skip="0" id="s1" name="Git Own Repo">Git Own Repo</stat>
<stat pass="1" fail="0" skip="0" id="s1-s1" name="TestCase">Git Own Repo.TestCase</stat>
<stat pass="1" fail="0" skip="0" id="s1-s1-s1" name="TestBookmoduleaddtocart">Git Own Repo.TestCase.TestBookmoduleaddtocart</stat>
</suite>
</statistics>
<errors>
</errors>
</robot>
