<?xml version="1.0" encoding="UTF-8"?>
<robot generator="Robot 7.0 (Python 3.12.2 on win32)" generated="2024-06-02T23:42:41.230107" rpa="false" schemaversion="5">
<suite id="s1" name="TestCase" source="E:\EXPLEO\Git Own Repo\TestCase">
<suite id="s1-s1" name="TestBookmoduleaddtocart" source="E:\EXPLEO\Git Own Repo\TestCase\TestBookmoduleaddtocart.robot">
<test id="s1-s1-t1" name="To click product and select add to cart option" line="15">
<kw name="Open a browser with url" owner="Genericresource" type="SETUP">
<kw name="Create Webdriver" owner="SeleniumLibrary">
<msg time="2024-06-02T23:42:41.745664" level="INFO">Creating an instance of the Chrome WebDriver.</msg>
<arg>${browser}</arg>
<doc>Creates an instance of Selenium WebDriver.</doc>
<status status="PASS" start="2024-06-02T23:42:41.745147" elapsed="5.820788"/>
</kw>
<kw name="Go To" owner="SeleniumLibrary">
<msg time="2024-06-02T23:42:47.565935" level="INFO">Opening url 'https://demowebshop.tricentis.com/'</msg>
<arg>${url}</arg>
<doc>Navigates the current browser window to the provided ``url``.</doc>
<status status="PASS" start="2024-06-02T23:42:47.565935" elapsed="1.583610"/>
</kw>
<kw name="Set Selenium Implicit Wait" owner="SeleniumLibrary">
<arg>10</arg>
<doc>Sets the implicit wait value used by Selenium.</doc>
<status status="PASS" start="2024-06-02T23:42:49.149545" elapsed="0.016021"/>
</kw>
<status status="PASS" start="2024-06-02T23:42:41.741636" elapsed="7.423930"/>
</kw>
<kw name="To click on book option">
<kw name="To click book option" owner="bookmoduleresource">
<try>
<branch type="TRY">
<kw name="Click Link" owner="SeleniumLibrary">
<msg time="2024-06-02T23:42:49.173567" level="INFO">Clicking link 'xpath:(//li/a)[5]'.</msg>
<arg>${book_l}</arg>
<doc>Clicks a link identified by ``locator``.</doc>
<status status="PASS" start="2024-06-02T23:42:49.165566" elapsed="5.545338"/>
</kw>
<status status="PASS" start="2024-06-02T23:42:49.165566" elapsed="5.545338"/>
</branch>
<branch type="EXCEPT">
<kw name="Log To Console" owner="BuiltIn">
<arg>Error clicking book option: ${book_l}</arg>
<doc>Logs the given message to the console.</doc>
<status status="NOT RUN" start="2024-06-02T23:42:54.710904" elapsed="0.005005"/>
</kw>
<status status="NOT RUN" start="2024-06-02T23:42:54.710904" elapsed="0.005005"/>
</branch>
<status status="PASS" start="2024-06-02T23:42:49.165566" elapsed="5.550343"/>
</try>
<status status="PASS" start="2024-06-02T23:42:49.165566" elapsed="5.550343"/>
</kw>
<status status="PASS" start="2024-06-02T23:42:49.165566" elapsed="5.550343"/>
</kw>
<kw name="To verify shows book details">
<kw name="Verifiying in book page" owner="bookmoduleresource">
<try>
<branch type="TRY">
<kw name="Element Text Should Be" owner="SeleniumLibrary">
<msg time="2024-06-02T23:42:54.720416" level="INFO">Verifying element 'xpath:(//li/a)[5]' contains exact text 'BOOKS'.</msg>
<arg>${book_l}</arg>
<arg>BOOKS</arg>
<doc>Verifies that element ``locator`` contains exact the text ``expected``.</doc>
<status status="PASS" start="2024-06-02T23:42:54.720416" elapsed="0.041697"/>
</kw>
<status status="PASS" start="2024-06-02T23:42:54.720416" elapsed="0.041697"/>
</branch>
<branch type="EXCEPT">
<kw name="Log To Console" owner="BuiltIn">
<arg>Error verifying book page navigation: ${book_l}</arg>
<doc>Logs the given message to the console.</doc>
<status status="NOT RUN" start="2024-06-02T23:42:54.762113" elapsed="0.000000"/>
</kw>
<status status="NOT RUN" start="2024-06-02T23:42:54.762113" elapsed="0.002262"/>
</branch>
<status status="PASS" start="2024-06-02T23:42:54.720416" elapsed="0.043959"/>
</try>
<status status="PASS" start="2024-06-02T23:42:54.720416" elapsed="0.043959"/>
</kw>
<status status="PASS" start="2024-06-02T23:42:54.715909" elapsed="0.048466"/>
</kw>
<kw name="To select add to cart">
<kw name="click on add to card button" owner="bookmoduleresource">
<try>
<branch type="TRY">
<kw name="Click Element" owner="SeleniumLibrary">
<msg time="2024-06-02T23:42:54.765674" level="INFO">Clicking element 'xpath:(//input[@class="button-2 product-box-add-to-cart-button"])[1]'.</msg>
<arg>${addtocard_l}</arg>
<doc>Click the element identified by ``locator``.</doc>
<status status="PASS" start="2024-06-02T23:42:54.765674" elapsed="0.100183"/>
</kw>
<status status="PASS" start="2024-06-02T23:42:54.765674" elapsed="0.100183"/>
</branch>
<branch type="EXCEPT">
<kw name="Log To Console" owner="BuiltIn">
<arg>Error clicking add to cart button: ${addtocard_l}</arg>
<doc>Logs the given message to the console.</doc>
<status status="NOT RUN" start="2024-06-02T23:42:54.865857" elapsed="0.000000"/>
</kw>
<status status="NOT RUN" start="2024-06-02T23:42:54.865857" elapsed="0.001004"/>
</branch>
<status status="PASS" start="2024-06-02T23:42:54.765378" elapsed="0.101483"/>
</try>
<status status="PASS" start="2024-06-02T23:42:54.764375" elapsed="0.102486"/>
</kw>
<status status="PASS" start="2024-06-02T23:42:54.764375" elapsed="0.102870"/>
</kw>
<kw name="Close the browser" owner="Genericresource" type="TEARDOWN">
<kw name="Close Browser" owner="SeleniumLibrary">
<doc>Closes the current browser.</doc>
<status status="PASS" start="2024-06-02T23:42:54.868249" elapsed="2.194420"/>
</kw>
<status status="PASS" start="2024-06-02T23:42:54.868249" elapsed="2.194962"/>
</kw>
<tag>retest</tag>
<status status="PASS" start="2024-06-02T23:42:41.741636" elapsed="15.321575"/>
</test>
<doc>Test case for Bookmodule to click product and select add to cart option</doc>
<status status="PASS" start="2024-06-02T23:42:41.294273" elapsed="15.768938"/>
</suite>
<status status="PASS" start="2024-06-02T23:42:41.262134" elapsed="15.802090"/>
</suite>
<statistics>
<total>
<stat pass="1" fail="0" skip="0">All Tests</stat>
</total>
<tag>
<stat pass="1" fail="0" skip="0">retest</stat>
</tag>
<suite>
<stat pass="1" fail="0" skip="0" id="s1" name="TestCase">TestCase</stat>
<stat pass="1" fail="0" skip="0" id="s1-s1" name="TestBookmoduleaddtocart">TestCase.TestBookmoduleaddtocart</stat>
</suite>
</statistics>
<errors>
</errors>
</robot>
