<?xml version="1.0" encoding="UTF-8"?>
<robot generator="Robot 7.0 (Python 3.12.2 on win32)" generated="2024-05-28T09:40:38.435786" rpa="false" schemaversion="5">
<suite id="s1" name="Git Own Repo" source="E:\EXPLEO\Git Own Repo">
<suite id="s1-s1" name="TestCase" source="E:\EXPLEO\Git Own Repo\TestCase">
<suite id="s1-s1-s1" name="TestBookmodulefilterprice" source="E:\EXPLEO\Git Own Repo\TestCase\TestBookmodulefilterprice.robot">
<test id="s1-s1-s1-t1" name="To verify for selecting price filter &quot;over 50.00&quot; option" line="14">
<kw name="Open a browser with url" owner="Genericresource" type="SETUP">
<kw name="Create Webdriver" owner="SeleniumLibrary">
<msg time="2024-05-28T09:40:38.921593" level="INFO">Creating an instance of the Chrome WebDriver.</msg>
<arg>${browser}</arg>
<doc>Creates an instance of Selenium WebDriver.</doc>
<status status="PASS" start="2024-05-28T09:40:38.921593" elapsed="6.982161"/>
</kw>
<kw name="Go To" owner="SeleniumLibrary">
<msg time="2024-05-28T09:40:45.905694" level="INFO">Opening url 'https://demowebshop.tricentis.com/'</msg>
<arg>${url}</arg>
<doc>Navigates the current browser window to the provided ``url``.</doc>
<status status="PASS" start="2024-05-28T09:40:45.903754" elapsed="4.820040"/>
</kw>
<kw name="Set Selenium Implicit Wait" owner="SeleniumLibrary">
<arg>10</arg>
<doc>Sets the implicit wait value used by Selenium.</doc>
<status status="PASS" start="2024-05-28T09:40:50.731805" elapsed="0.038164"/>
</kw>
<status status="PASS" start="2024-05-28T09:40:38.921593" elapsed="11.848376"/>
</kw>
<kw name="To verify for select price filter &quot;over 50.00&quot; option">
<kw name="To click book option" owner="bookmoduleresource">
<kw name="Run Keyword And Ignore Error" owner="BuiltIn">
<kw name="Click Link" owner="SeleniumLibrary">
<msg time="2024-05-28T09:40:50.780275" level="INFO">Clicking link 'xpath:(//li/a)[5]'.</msg>
<arg>${book_l}</arg>
<doc>Clicks a link identified by ``locator``.</doc>
<status status="PASS" start="2024-05-28T09:40:50.780275" elapsed="2.418724"/>
</kw>
<arg>Click Link</arg>
<arg>${book_l}</arg>
<doc>Runs the given keyword with the given arguments and ignores possible error.</doc>
<status status="PASS" start="2024-05-28T09:40:50.780275" elapsed="2.418724"/>
</kw>
<status status="PASS" start="2024-05-28T09:40:50.772264" elapsed="2.426735"/>
</kw>
<kw name="click on filter button" owner="bookmoduleresource">
<kw name="Click Element" owner="SeleniumLibrary">
<msg time="2024-05-28T09:40:53.206999" level="INFO">Clicking element '(//span[text()="50.00"])[2]'.</msg>
<arg>${pricefilter_l}</arg>
<doc>Click the element identified by ``locator``.</doc>
<status status="PASS" start="2024-05-28T09:40:53.206999" elapsed="1.830495"/>
</kw>
<status status="PASS" start="2024-05-28T09:40:53.198999" elapsed="1.838495"/>
</kw>
<kw name="Assert Filter Price Option Over 50" owner="bookmoduleresource">
<kw name="Wait Until Page Contains Element" owner="SeleniumLibrary">
<arg>${productitle_l}</arg>
<arg>10s</arg>
<doc>Waits until the element ``locator`` appears on the current page.</doc>
<status status="PASS" start="2024-05-28T09:40:55.037494" elapsed="0.026672"/>
</kw>
<kw name="Get WebElements" owner="SeleniumLibrary">
<msg time="2024-05-28T09:40:55.086928" level="INFO">@{product_elements} = [ &lt;selenium.webdriver.remote.webelement.WebElement (session="a227b06692fb48851c773bb097cc0080", element="f.01878FBCAB528341D5D9A8222BF4F96F.d.6CB9E4C7B44EFB407C79CED05BA49E31.e.70")&gt; ]</msg>
<var>@{product_elements}</var>
<arg>${actualprice_l}</arg>
<doc>Returns a list of WebElement objects matching the ``locator``.</doc>
<status status="PASS" start="2024-05-28T09:40:55.064166" elapsed="0.022762"/>
</kw>
<for flavor="IN">
<iter>
<kw name="Get Text" owner="SeleniumLibrary">
<msg time="2024-05-28T09:40:55.109867" level="INFO">${price} = 51.00</msg>
<var>${price}</var>
<arg>${element}</arg>
<doc>Returns the text value of the element identified by ``locator``.</doc>
<status status="PASS" start="2024-05-28T09:40:55.086928" elapsed="0.026470"/>
</kw>
<kw name="Run Keyword If" owner="BuiltIn">
<arg>'${price}' &lt;= '$50.00'</arg>
<arg>Fail</arg>
<arg>Product price '${price}' is not over $50.00</arg>
<doc>Runs the given keyword with the given arguments, if ``condition`` is true.</doc>
<status status="PASS" start="2024-05-28T09:40:55.113398" elapsed="0.000000"/>
</kw>
<var name="${element}">&lt;selenium.webdriver.remote.webelement.WebElement (session="a227b06692fb48851c773bb097cc0080", element="f.01878FBCAB528341D5D9A8222BF4F96F.d.6CB9E4C7B44EFB407C79CED05BA49E31.e.70")&gt;</var>
<status status="PASS" start="2024-05-28T09:40:55.086928" elapsed="0.026470"/>
</iter>
<var>${element}</var>
<value>@{product_elements}</value>
<status status="PASS" start="2024-05-28T09:40:55.086928" elapsed="0.026470"/>
</for>
<status status="PASS" start="2024-05-28T09:40:55.037494" elapsed="0.075904"/>
</kw>
<status status="PASS" start="2024-05-28T09:40:50.772264" elapsed="4.341134"/>
</kw>
<kw name="Close the browser" owner="Genericresource" type="TEARDOWN">
<kw name="Close Browser" owner="SeleniumLibrary">
<doc>Closes the current browser.</doc>
<status status="PASS" start="2024-05-28T09:40:55.113398" elapsed="2.309147"/>
</kw>
<status status="PASS" start="2024-05-28T09:40:55.113398" elapsed="2.310154"/>
</kw>
<tag>Regression test</tag>
<status status="PASS" start="2024-05-28T09:40:38.921593" elapsed="18.501959"/>
</test>
<doc>Test case for Bookmodule</doc>
<status status="PASS" start="2024-05-28T09:40:38.505343" elapsed="18.918209"/>
</suite>
<status status="PASS" start="2024-05-28T09:40:38.498836" elapsed="18.927836"/>
</suite>
<status status="PASS" start="2024-05-28T09:40:38.473482" elapsed="18.953190"/>
</suite>
<statistics>
<total>
<stat pass="1" fail="0" skip="0">All Tests</stat>
</total>
<tag>
<stat pass="1" fail="0" skip="0">Regression test</stat>
</tag>
<suite>
<stat pass="1" fail="0" skip="0" id="s1" name="Git Own Repo">Git Own Repo</stat>
<stat pass="1" fail="0" skip="0" id="s1-s1" name="TestCase">Git Own Repo.TestCase</stat>
<stat pass="1" fail="0" skip="0" id="s1-s1-s1" name="TestBookmodulefilterprice">Git Own Repo.TestCase.TestBookmodulefilterprice</stat>
</suite>
</statistics>
<errors>
</errors>
</robot>
