<?xml version="1.0" encoding="UTF-8"?>
<robot generator="Robot 7.0 (Python 3.12.2 on win32)" generated="2024-06-02T23:42:41.220101" rpa="false" schemaversion="5">
<suite id="s1" name="TestCase" source="E:\EXPLEO\Git Own Repo\TestCase">
<suite id="s1-s1" name="TestBookmoduleremovefilter" source="E:\EXPLEO\Git Own Repo\TestCase\TestBookmoduleremovefilter.robot">
<test id="s1-s1-t1" name="To verify for removing filter price option" line="14">
<kw name="Open the Browser" owner="GenericResources" type="SETUP">
<kw name="Open Browser" owner="SeleniumLibrary">
<msg time="2024-06-02T23:42:41.699951" level="INFO">Opening browser 'Chrome' to base url 'https://demowebshop.tricentis.com/'.</msg>
<arg>${url}</arg>
<arg>${browser_name}</arg>
<doc>Opens a new browser instance to the optional ``url``.</doc>
<status status="PASS" start="2024-06-02T23:42:41.699951" elapsed="9.927473"/>
</kw>
<kw name="Maximize Browser Window" owner="SeleniumLibrary">
<doc>Maximizes current browser window.</doc>
<status status="PASS" start="2024-06-02T23:42:51.627424" elapsed="0.312862"/>
</kw>
<kw name="Set Selenium Implicit Wait" owner="SeleniumLibrary">
<arg>10 seconds</arg>
<doc>Sets the implicit wait value used by Selenium.</doc>
<status status="PASS" start="2024-06-02T23:42:51.940286" elapsed="0.000000"/>
</kw>
<status status="PASS" start="2024-06-02T23:42:41.699951" elapsed="10.240335"/>
</kw>
<kw name="To verify remove filter option">
<kw name="To click book option" owner="bookmoduleresource">
<try>
<branch type="TRY">
<kw name="Click Link" owner="SeleniumLibrary">
<msg time="2024-06-02T23:42:51.940286" level="INFO">Clicking link 'xpath:(//li/a)[5]'.</msg>
<arg>${book_l}</arg>
<doc>Clicks a link identified by ``locator``.</doc>
<status status="PASS" start="2024-06-02T23:42:51.940286" elapsed="2.437926"/>
</kw>
<status status="PASS" start="2024-06-02T23:42:51.940286" elapsed="2.437926"/>
</branch>
<branch type="EXCEPT">
<kw name="Log To Console" owner="BuiltIn">
<arg>Error clicking book option: ${book_l}</arg>
<doc>Logs the given message to the console.</doc>
<status status="NOT RUN" start="2024-06-02T23:42:54.378212" elapsed="0.000000"/>
</kw>
<status status="NOT RUN" start="2024-06-02T23:42:54.378212" elapsed="0.000000"/>
</branch>
<status status="PASS" start="2024-06-02T23:42:51.940286" elapsed="2.437926"/>
</try>
<status status="PASS" start="2024-06-02T23:42:51.940286" elapsed="2.437926"/>
</kw>
<kw name="click on filter button" owner="bookmoduleresource">
<try>
<branch type="TRY">
<kw name="Click Element" owner="SeleniumLibrary">
<msg time="2024-06-02T23:42:54.378212" level="INFO">Clicking element '(//span[text()="50.00"])[2]'.</msg>
<arg>${pricefilter_l}</arg>
<doc>Click the element identified by ``locator``.</doc>
<status status="PASS" start="2024-06-02T23:42:54.378212" elapsed="1.197476"/>
</kw>
<status status="PASS" start="2024-06-02T23:42:54.378212" elapsed="1.197476"/>
</branch>
<branch type="EXCEPT">
<kw name="Log To Console" owner="BuiltIn">
<arg>Error clicking filter button: ${pricefilter_l}</arg>
<doc>Logs the given message to the console.</doc>
<status status="NOT RUN" start="2024-06-02T23:42:55.575688" elapsed="0.000000"/>
</kw>
<status status="NOT RUN" start="2024-06-02T23:42:55.575688" elapsed="0.000000"/>
</branch>
<status status="PASS" start="2024-06-02T23:42:54.378212" elapsed="1.197476"/>
</try>
<status status="PASS" start="2024-06-02T23:42:54.378212" elapsed="1.197476"/>
</kw>
<kw name="click on remove filter" owner="bookmoduleresource">
<try>
<branch type="TRY">
<kw name="Click Element" owner="SeleniumLibrary">
<msg time="2024-06-02T23:42:55.583774" level="INFO">Clicking element 'xpath://a[text()="Remove Filter"]'.</msg>
<arg>${removefilter_l}</arg>
<doc>Click the element identified by ``locator``.</doc>
<status status="PASS" start="2024-06-02T23:42:55.575688" elapsed="0.826461"/>
</kw>
<status status="PASS" start="2024-06-02T23:42:55.575688" elapsed="0.826461"/>
</branch>
<branch type="EXCEPT">
<kw name="Log To Console" owner="BuiltIn">
<arg>Error clicking remove filter: ${removefilter_l}</arg>
<doc>Logs the given message to the console.</doc>
<status status="NOT RUN" start="2024-06-02T23:42:56.402149" elapsed="0.000000"/>
</kw>
<status status="NOT RUN" start="2024-06-02T23:42:56.402149" elapsed="0.007010"/>
</branch>
<status status="PASS" start="2024-06-02T23:42:55.575688" elapsed="0.833471"/>
</try>
<status status="PASS" start="2024-06-02T23:42:55.575688" elapsed="0.833471"/>
</kw>
<kw name="Asserting remove filter option" owner="bookmoduleresource">
<try>
<branch type="TRY">
<kw name="Element Text Should Be" owner="SeleniumLibrary">
<msg time="2024-06-02T23:42:56.410167" level="INFO">Verifying element '(//span[text()="50.00"])[2]' contains exact text '50.00'.</msg>
<arg>${pricefilter_l}</arg>
<arg>50.00</arg>
<doc>Verifies that element ``locator`` contains exact the text ``expected``.</doc>
<status status="PASS" start="2024-06-02T23:42:56.410167" elapsed="0.032137"/>
</kw>
<status status="PASS" start="2024-06-02T23:42:56.410167" elapsed="0.034079"/>
</branch>
<branch type="EXCEPT">
<kw name="Log To Console" owner="BuiltIn">
<arg>Error asserting remove filter option: ${pricefilter_l}</arg>
<doc>Logs the given message to the console.</doc>
<status status="NOT RUN" start="2024-06-02T23:42:56.444246" elapsed="0.000000"/>
</kw>
<status status="NOT RUN" start="2024-06-02T23:42:56.444246" elapsed="0.000000"/>
</branch>
<status status="PASS" start="2024-06-02T23:42:56.410167" elapsed="0.034079"/>
</try>
<status status="PASS" start="2024-06-02T23:42:56.409159" elapsed="0.035087"/>
</kw>
<status status="PASS" start="2024-06-02T23:42:51.940286" elapsed="4.503960"/>
</kw>
<kw name="Close Browser Session" owner="GenericResources" type="TEARDOWN">
<kw name="Close Browser" owner="SeleniumLibrary">
<doc>Closes the current browser.</doc>
<status status="PASS" start="2024-06-02T23:42:56.444246" elapsed="2.235081"/>
</kw>
<status status="PASS" start="2024-06-02T23:42:56.444246" elapsed="2.235585"/>
</kw>
<tag>Regressiontest</tag>
<status status="PASS" start="2024-06-02T23:42:41.699951" elapsed="16.979880"/>
</test>
<status status="PASS" start="2024-06-02T23:42:41.278738" elapsed="17.401093"/>
</suite>
<status status="PASS" start="2024-06-02T23:42:41.253125" elapsed="17.426706"/>
</suite>
<statistics>
<total>
<stat pass="1" fail="0" skip="0">All Tests</stat>
</total>
<tag>
<stat pass="1" fail="0" skip="0">Regressiontest</stat>
</tag>
<suite>
<stat pass="1" fail="0" skip="0" id="s1" name="TestCase">TestCase</stat>
<stat pass="1" fail="0" skip="0" id="s1-s1" name="TestBookmoduleremovefilter">TestCase.TestBookmoduleremovefilter</stat>
</suite>
</statistics>
<errors>
</errors>
</robot>
