<?xml version="1.0" encoding="UTF-8"?>
<robot generator="Robot 7.0 (Python 3.12.2 on win32)" generated="2024-05-27T22:24:54.520289" rpa="false" schemaversion="5">
<suite id="s1" name="TestCase" source="E:\EXPLEO\Git Own Repo\TestCase">
<suite id="s1-s1" name="TestBookmoduleremovefilter" source="E:\EXPLEO\Git Own Repo\TestCase\TestBookmoduleremovefilter.robot">
<test id="s1-s1-t1" name="To verify for removing filter price option" line="15">
<kw name="Open a browser with url" owner="Genericresource" type="SETUP">
<kw name="Create Webdriver" owner="SeleniumLibrary">
<msg time="2024-05-27T22:24:55.203083" level="INFO">Creating an instance of the Chrome WebDriver.</msg>
<arg>${browser}</arg>
<doc>Creates an instance of Selenium WebDriver.</doc>
<status status="PASS" start="2024-05-27T22:24:55.199782" elapsed="38.224102"/>
</kw>
<kw name="Go To" owner="SeleniumLibrary">
<msg time="2024-05-27T22:25:33.423884" level="INFO">Opening url 'https://demowebshop.tricentis.com/'</msg>
<arg>${url}</arg>
<doc>Navigates the current browser window to the provided ``url``.</doc>
<status status="PASS" start="2024-05-27T22:25:33.423884" elapsed="20.776439"/>
</kw>
<kw name="Set Selenium Implicit Wait" owner="SeleniumLibrary">
<arg>10</arg>
<doc>Sets the implicit wait value used by Selenium.</doc>
<status status="PASS" start="2024-05-27T22:25:54.209158" elapsed="0.003530"/>
</kw>
<status status="PASS" start="2024-05-27T22:24:55.196270" elapsed="59.016418"/>
</kw>
<kw name="To verify remove filter option">
<kw name="To click book option" owner="bookmoduleresource">
<kw name="Run Keyword And Ignore Error" owner="BuiltIn">
<kw name="Click Link" owner="SeleniumLibrary">
<msg time="2024-05-27T22:25:54.218229" level="INFO">Clicking link 'xpath:(//li/a)[5]'.</msg>
<arg>${book_l}</arg>
<doc>Clicks a link identified by ``locator``.</doc>
<status status="PASS" start="2024-05-27T22:25:54.216719" elapsed="6.832223"/>
</kw>
<arg>Click Link</arg>
<arg>${book_l}</arg>
<doc>Runs the given keyword with the given arguments and ignores possible error.</doc>
<status status="PASS" start="2024-05-27T22:25:54.212688" elapsed="6.838366"/>
</kw>
<status status="PASS" start="2024-05-27T22:25:54.212688" elapsed="6.838366"/>
</kw>
<kw name="click on filter button" owner="bookmoduleresource">
<kw name="Click Element" owner="SeleniumLibrary">
<msg time="2024-05-27T22:26:01.051054" level="INFO">Clicking element '(//span[text()="50.00"])[2]'.</msg>
<arg>${pricefilter_l}</arg>
<doc>Click the element identified by ``locator``.</doc>
<status status="PASS" start="2024-05-27T22:26:01.051054" elapsed="5.646937"/>
</kw>
<status status="PASS" start="2024-05-27T22:26:01.051054" elapsed="5.646937"/>
</kw>
<kw name="click on remove filter" owner="bookmoduleresource">
<kw name="Click Element" owner="SeleniumLibrary">
<msg time="2024-05-27T22:26:06.697991" level="INFO">Clicking element 'xpath://a[text()="Remove Filter"]'.</msg>
<arg>${removefilter_l}</arg>
<doc>Click the element identified by ``locator``.</doc>
<status status="PASS" start="2024-05-27T22:26:06.697991" elapsed="5.016326"/>
</kw>
<status status="PASS" start="2024-05-27T22:26:06.697991" elapsed="5.017330"/>
</kw>
<kw name="Asserting remove filter option" owner="bookmoduleresource">
<kw name="Element Text Should Be" owner="SeleniumLibrary">
<msg time="2024-05-27T22:26:11.715321" level="INFO">Verifying element '(//span[text()="50.00"])[2]' contains exact text '50.00'.</msg>
<arg>${pricefilter_l}</arg>
<arg>50.00</arg>
<doc>Verifies that element ``locator`` contains exact the text ``expected``.</doc>
<status status="PASS" start="2024-05-27T22:26:11.715321" elapsed="0.055852"/>
</kw>
<status status="PASS" start="2024-05-27T22:26:11.715321" elapsed="0.055852"/>
</kw>
<status status="PASS" start="2024-05-27T22:25:54.212688" elapsed="17.558485"/>
</kw>
<kw name="Close the browser" owner="Genericresource" type="TEARDOWN">
<kw name="Close Browser" owner="SeleniumLibrary">
<doc>Closes the current browser.</doc>
<status status="PASS" start="2024-05-27T22:26:11.772182" elapsed="2.414808"/>
</kw>
<status status="PASS" start="2024-05-27T22:26:11.772182" elapsed="2.415312"/>
</kw>
<tag>Regressiontest</tag>
<status status="PASS" start="2024-05-27T22:24:55.196270" elapsed="78.991224"/>
</test>
<doc>Test case for Bookmodule</doc>
<status status="PASS" start="2024-05-27T22:24:54.599609" elapsed="79.588909"/>
</suite>
<status status="PASS" start="2024-05-27T22:24:54.561685" elapsed="79.628349"/>
</suite>
<statistics>
<total>
<stat pass="1" fail="0" skip="0">All Tests</stat>
</total>
<tag>
<stat pass="1" fail="0" skip="0">Regressiontest</stat>
</tag>
<suite>
<stat pass="1" fail="0" skip="0" id="s1" name="TestCase">TestCase</stat>
<stat pass="1" fail="0" skip="0" id="s1-s1" name="TestBookmoduleremovefilter">TestCase.TestBookmoduleremovefilter</stat>
</suite>
</statistics>
<errors>
</errors>
</robot>
