<?xml version="1.0" encoding="UTF-8"?>
<robot generator="Robot 7.0 (Python 3.12.2 on win32)" generated="2024-05-28T09:40:38.505343" rpa="false" schemaversion="5">
<suite id="s1" name="Git Own Repo" source="E:\EXPLEO\Git Own Repo">
<suite id="s1-s1" name="TestCase" source="E:\EXPLEO\Git Own Repo\TestCase">
<suite id="s1-s1-s1" name="TestBookmoduleremovefilter" source="E:\EXPLEO\Git Own Repo\TestCase\TestBookmoduleremovefilter.robot">
<test id="s1-s1-s1-t1" name="To verify for removing filter price option" line="15">
<kw name="Open a browser with url" owner="Genericresource" type="SETUP">
<kw name="Create Webdriver" owner="SeleniumLibrary">
<msg time="2024-05-28T09:40:38.999873" level="INFO">Creating an instance of the Chrome WebDriver.</msg>
<arg>${browser}</arg>
<doc>Creates an instance of Selenium WebDriver.</doc>
<status status="PASS" start="2024-05-28T09:40:38.999873" elapsed="8.058240"/>
</kw>
<kw name="Go To" owner="SeleniumLibrary">
<msg time="2024-05-28T09:40:47.059755" level="INFO">Opening url 'https://demowebshop.tricentis.com/'</msg>
<arg>${url}</arg>
<doc>Navigates the current browser window to the provided ``url``.</doc>
<status status="PASS" start="2024-05-28T09:40:47.059151" elapsed="4.857016"/>
</kw>
<kw name="Set Selenium Implicit Wait" owner="SeleniumLibrary">
<arg>10</arg>
<doc>Sets the implicit wait value used by Selenium.</doc>
<status status="PASS" start="2024-05-28T09:40:51.916167" elapsed="0.008001"/>
</kw>
<status status="PASS" start="2024-05-28T09:40:38.999873" elapsed="12.924295"/>
</kw>
<kw name="To verify remove filter option">
<kw name="To click book option" owner="bookmoduleresource">
<kw name="Run Keyword And Ignore Error" owner="BuiltIn">
<kw name="Click Link" owner="SeleniumLibrary">
<msg time="2024-05-28T09:40:51.932174" level="INFO">Clicking link 'xpath:(//li/a)[5]'.</msg>
<arg>${book_l}</arg>
<doc>Clicks a link identified by ``locator``.</doc>
<status status="PASS" start="2024-05-28T09:40:51.932174" elapsed="3.111803"/>
</kw>
<arg>Click Link</arg>
<arg>${book_l}</arg>
<doc>Runs the given keyword with the given arguments and ignores possible error.</doc>
<status status="PASS" start="2024-05-28T09:40:51.932174" elapsed="3.111803"/>
</kw>
<status status="PASS" start="2024-05-28T09:40:51.932174" elapsed="3.111803"/>
</kw>
<kw name="click on filter button" owner="bookmoduleresource">
<kw name="Click Element" owner="SeleniumLibrary">
<msg time="2024-05-28T09:40:55.050157" level="INFO">Clicking element '(//span[text()="50.00"])[2]'.</msg>
<arg>${pricefilter_l}</arg>
<doc>Click the element identified by ``locator``.</doc>
<status status="PASS" start="2024-05-28T09:40:55.043977" elapsed="1.257909"/>
</kw>
<status status="PASS" start="2024-05-28T09:40:55.043977" elapsed="1.257909"/>
</kw>
<kw name="click on remove filter" owner="bookmoduleresource">
<kw name="Click Element" owner="SeleniumLibrary">
<msg time="2024-05-28T09:40:56.303390" level="INFO">Clicking element 'xpath://a[text()="Remove Filter"]'.</msg>
<arg>${removefilter_l}</arg>
<doc>Click the element identified by ``locator``.</doc>
<status status="PASS" start="2024-05-28T09:40:56.303390" elapsed="1.012716"/>
</kw>
<status status="PASS" start="2024-05-28T09:40:56.303390" elapsed="1.012716"/>
</kw>
<kw name="Asserting remove filter option" owner="bookmoduleresource">
<kw name="Element Text Should Be" owner="SeleniumLibrary">
<msg time="2024-05-28T09:40:57.319818" level="INFO">Verifying element '(//span[text()="50.00"])[2]' contains exact text '50.00'.</msg>
<arg>${pricefilter_l}</arg>
<arg>50.00</arg>
<doc>Verifies that element ``locator`` contains exact the text ``expected``.</doc>
<status status="PASS" start="2024-05-28T09:40:57.319818" elapsed="0.021102"/>
</kw>
<status status="PASS" start="2024-05-28T09:40:57.316106" elapsed="0.024814"/>
</kw>
<status status="PASS" start="2024-05-28T09:40:51.924168" elapsed="5.416752"/>
</kw>
<kw name="Close the browser" owner="Genericresource" type="TEARDOWN">
<kw name="Close Browser" owner="SeleniumLibrary">
<doc>Closes the current browser.</doc>
<status status="PASS" start="2024-05-28T09:40:57.342935" elapsed="2.243564"/>
</kw>
<status status="PASS" start="2024-05-28T09:40:57.342424" elapsed="2.244075"/>
</kw>
<tag>Regressiontest</tag>
<status status="PASS" start="2024-05-28T09:40:38.999873" elapsed="20.586626"/>
</test>
<doc>Test case for Bookmodule</doc>
<status status="PASS" start="2024-05-28T09:40:38.558568" elapsed="21.027931"/>
</suite>
<status status="PASS" start="2024-05-28T09:40:38.558568" elapsed="21.029847"/>
</suite>
<status status="PASS" start="2024-05-28T09:40:38.525166" elapsed="21.063249"/>
</suite>
<statistics>
<total>
<stat pass="1" fail="0" skip="0">All Tests</stat>
</total>
<tag>
<stat pass="1" fail="0" skip="0">Regressiontest</stat>
</tag>
<suite>
<stat pass="1" fail="0" skip="0" id="s1" name="Git Own Repo">Git Own Repo</stat>
<stat pass="1" fail="0" skip="0" id="s1-s1" name="TestCase">Git Own Repo.TestCase</stat>
<stat pass="1" fail="0" skip="0" id="s1-s1-s1" name="TestBookmoduleremovefilter">Git Own Repo.TestCase.TestBookmoduleremovefilter</stat>
</suite>
</statistics>
<errors>
</errors>
</robot>
