<?xml version="1.0" encoding="UTF-8"?>
<robot generator="Robot 7.0 (Python 3.12.2 on win32)" generated="2024-05-28T09:40:38.441328" rpa="false" schemaversion="5">
<suite id="s1" name="Git Own Repo" source="E:\EXPLEO\Git Own Repo">
<suite id="s1-s1" name="TestCase" source="E:\EXPLEO\Git Own Repo\TestCase">
<suite id="s1-s1-s1" name="TestBookmoduleclickproduct" source="E:\EXPLEO\Git Own Repo\TestCase\TestBookmoduleclickproduct.robot">
<test id="s1-s1-s1-t1" name="To verify product page" line="16">
<kw name="Open a browser with url" owner="Genericresource" type="SETUP">
<kw name="Create Webdriver" owner="SeleniumLibrary">
<msg time="2024-05-28T09:40:38.935138" level="INFO">Creating an instance of the Chrome WebDriver.</msg>
<arg>${browser}</arg>
<doc>Creates an instance of Selenium WebDriver.</doc>
<status status="PASS" start="2024-05-28T09:40:38.935138" elapsed="7.583056"/>
</kw>
<kw name="Go To" owner="SeleniumLibrary">
<msg time="2024-05-28T09:40:46.519732" level="INFO">Opening url 'https://demowebshop.tricentis.com/'</msg>
<arg>${url}</arg>
<doc>Navigates the current browser window to the provided ``url``.</doc>
<status status="PASS" start="2024-05-28T09:40:46.519212" elapsed="2.779000"/>
</kw>
<kw name="Set Selenium Implicit Wait" owner="SeleniumLibrary">
<arg>10</arg>
<doc>Sets the implicit wait value used by Selenium.</doc>
<status status="PASS" start="2024-05-28T09:40:49.298212" elapsed="0.055670"/>
</kw>
<status status="PASS" start="2024-05-28T09:40:38.935138" elapsed="10.434771"/>
</kw>
<kw name="To click on product and verify it shows product details">
<kw name="To click book option" owner="bookmoduleresource">
<kw name="Run Keyword And Ignore Error" owner="BuiltIn">
<kw name="Click Link" owner="SeleniumLibrary">
<msg time="2024-05-28T09:40:49.377438" level="INFO">Clicking link 'xpath:(//li/a)[5]'.</msg>
<arg>${book_l}</arg>
<doc>Clicks a link identified by ``locator``.</doc>
<status status="PASS" start="2024-05-28T09:40:49.374418" elapsed="6.136726"/>
</kw>
<arg>Click Link</arg>
<arg>${book_l}</arg>
<doc>Runs the given keyword with the given arguments and ignores possible error.</doc>
<status status="PASS" start="2024-05-28T09:40:49.369909" elapsed="6.141235"/>
</kw>
<status status="PASS" start="2024-05-28T09:40:49.369909" elapsed="6.141235"/>
</kw>
<kw name="click on product" owner="bookmoduleresource">
<kw name="Run Keyword And Ignore Error" owner="BuiltIn">
<kw name="Click Link" owner="SeleniumLibrary">
<msg time="2024-05-28T09:40:55.513372" level="INFO">Clicking link 'xpath:(//h2/a)[1]'.</msg>
<arg>${product_l}</arg>
<doc>Clicks a link identified by ``locator``.</doc>
<status status="PASS" start="2024-05-28T09:40:55.513372" elapsed="2.485056"/>
</kw>
<arg>Click Link</arg>
<arg>${product_l}</arg>
<doc>Runs the given keyword with the given arguments and ignores possible error.</doc>
<status status="PASS" start="2024-05-28T09:40:55.513372" elapsed="2.485056"/>
</kw>
<status status="PASS" start="2024-05-28T09:40:55.511144" elapsed="2.487284"/>
</kw>
<kw name="Asserting product page" owner="bookmoduleresource">
<kw name="Element Text Should Be" owner="SeleniumLibrary">
<msg time="2024-05-28T09:40:57.998428" level="INFO">Verifying element 'xpath://div/h1' contains exact text 'Computing and Internet'.</msg>
<arg>${asserting_product}</arg>
<arg>Computing and Internet</arg>
<doc>Verifies that element ``locator`` contains exact the text ``expected``.</doc>
<status status="PASS" start="2024-05-28T09:40:57.998428" elapsed="0.024612"/>
</kw>
<status status="PASS" start="2024-05-28T09:40:57.998428" elapsed="0.024612"/>
</kw>
<status status="PASS" start="2024-05-28T09:40:49.369909" elapsed="8.653131"/>
</kw>
<kw name="Close the browser" owner="Genericresource" type="TEARDOWN">
<kw name="Close Browser" owner="SeleniumLibrary">
<doc>Closes the current browser.</doc>
<status status="PASS" start="2024-05-28T09:40:58.025310" elapsed="2.165881"/>
</kw>
<status status="PASS" start="2024-05-28T09:40:58.023040" elapsed="2.168151"/>
</kw>
<tag>smoketest</tag>
<status status="PASS" start="2024-05-28T09:40:38.935138" elapsed="21.256053"/>
</test>
<doc>Test case for Bookmodule</doc>
<status status="PASS" start="2024-05-28T09:40:38.505343" elapsed="21.686996"/>
</suite>
<status status="PASS" start="2024-05-28T09:40:38.498836" elapsed="21.695448"/>
</suite>
<status status="PASS" start="2024-05-28T09:40:38.473482" elapsed="21.720802"/>
</suite>
<statistics>
<total>
<stat pass="1" fail="0" skip="0">All Tests</stat>
</total>
<tag>
<stat pass="1" fail="0" skip="0">smoketest</stat>
</tag>
<suite>
<stat pass="1" fail="0" skip="0" id="s1" name="Git Own Repo">Git Own Repo</stat>
<stat pass="1" fail="0" skip="0" id="s1-s1" name="TestCase">Git Own Repo.TestCase</stat>
<stat pass="1" fail="0" skip="0" id="s1-s1-s1" name="TestBookmoduleclickproduct">Git Own Repo.TestCase.TestBookmoduleclickproduct</stat>
</suite>
</statistics>
<errors>
</errors>
</robot>
