<?xml version="1.0" encoding="UTF-8"?>
<robot generator="Robot 7.0 (Python 3.12.2 on win32)" generated="2024-06-02T15:08:59.685443" rpa="false" schemaversion="5">
<suite id="s1" name="TestCase" source="E:\EXPLEO\Git Own Repo\TestCase">
<suite id="s1-s1" name="TestBookmoduleclickproduct" source="E:\EXPLEO\Git Own Repo\TestCase\TestBookmoduleclickproduct.robot">
<test id="s1-s1-t1" name="To verify product page" line="16">
<kw name="Open the Browser" owner="GenericResources" type="SETUP">
<kw name="Open Browser" owner="SeleniumLibrary">
<msg time="2024-06-02T15:09:00.252705" level="INFO">Opening browser 'Chrome' to base url 'https://demowebshop.tricentis.com/'.</msg>
<arg>${url}</arg>
<arg>${browser_name}</arg>
<doc>Opens a new browser instance to the optional ``url``.</doc>
<status status="PASS" start="2024-06-02T15:09:00.252705" elapsed="7.152789"/>
</kw>
<kw name="Maximize Browser Window" owner="SeleniumLibrary">
<doc>Maximizes current browser window.</doc>
<status status="PASS" start="2024-06-02T15:09:07.406559" elapsed="3.170083"/>
</kw>
<kw name="Set Selenium Implicit Wait" owner="SeleniumLibrary">
<arg>10 seconds</arg>
<doc>Sets the implicit wait value used by Selenium.</doc>
<status status="PASS" start="2024-06-02T15:09:10.576642" elapsed="0.008007"/>
</kw>
<status status="PASS" start="2024-06-02T15:09:00.252705" elapsed="10.331944"/>
</kw>
<kw name="To click on product and verify it shows product details">
<kw name="To click book option" owner="bookmoduleresource">
<try>
<branch type="TRY">
<kw name="Click Link" owner="SeleniumLibrary">
<msg time="2024-06-02T15:09:10.584649" level="INFO">Clicking link 'xpath:(//li/a)[5]'.</msg>
<arg>${book_l}</arg>
<doc>Clicks a link identified by ``locator``.</doc>
<status status="PASS" start="2024-06-02T15:09:10.584649" elapsed="3.835685"/>
</kw>
<status status="PASS" start="2024-06-02T15:09:10.584649" elapsed="3.835685"/>
</branch>
<branch type="EXCEPT">
<kw name="Log To Console" owner="BuiltIn">
<arg>Error clicking book option: ${book_l}</arg>
<doc>Logs the given message to the console.</doc>
<status status="NOT RUN" start="2024-06-02T15:09:14.420334" elapsed="0.000000"/>
</kw>
<status status="NOT RUN" start="2024-06-02T15:09:14.420334" elapsed="0.000000"/>
</branch>
<status status="PASS" start="2024-06-02T15:09:10.584649" elapsed="3.835685"/>
</try>
<status status="PASS" start="2024-06-02T15:09:10.584649" elapsed="3.835685"/>
</kw>
<kw name="click on product" owner="bookmoduleresource">
<try>
<branch type="TRY">
<kw name="Click Link" owner="SeleniumLibrary">
<msg time="2024-06-02T15:09:14.422840" level="INFO">Clicking link 'xpath:(//h2/a)[1]'.</msg>
<arg>${product_l}</arg>
<doc>Clicks a link identified by ``locator``.</doc>
<status status="PASS" start="2024-06-02T15:09:14.422840" elapsed="1.648080"/>
</kw>
<status status="PASS" start="2024-06-02T15:09:14.422840" elapsed="1.648080"/>
</branch>
<branch type="EXCEPT">
<kw name="Log To Console" owner="BuiltIn">
<arg>Error clicking product: ${product_l}</arg>
<doc>Logs the given message to the console.</doc>
<status status="NOT RUN" start="2024-06-02T15:09:16.076060" elapsed="0.000000"/>
</kw>
<status status="NOT RUN" start="2024-06-02T15:09:16.070920" elapsed="0.005140"/>
</branch>
<status status="PASS" start="2024-06-02T15:09:14.422840" elapsed="1.653220"/>
</try>
<status status="PASS" start="2024-06-02T15:09:14.420334" elapsed="1.655726"/>
</kw>
<kw name="Asserting product page" owner="bookmoduleresource">
<kw name="Element Text Should Be" owner="SeleniumLibrary">
<msg time="2024-06-02T15:09:16.077568" level="INFO">Verifying element 'xpath://div/h1' contains exact text 'Computing and Internet'.</msg>
<arg>${asserting_product}</arg>
<arg>Computing and Internet</arg>
<doc>Verifies that element ``locator`` contains exact the text ``expected``.</doc>
<status status="PASS" start="2024-06-02T15:09:16.076060" elapsed="0.036271"/>
</kw>
<status status="PASS" start="2024-06-02T15:09:16.076060" elapsed="0.036271"/>
</kw>
<status status="PASS" start="2024-06-02T15:09:10.584649" elapsed="5.527682"/>
</kw>
<kw name="Close Browser Session" owner="GenericResources" type="TEARDOWN">
<kw name="Close Browser" owner="SeleniumLibrary">
<doc>Closes the current browser.</doc>
<status status="PASS" start="2024-06-02T15:09:16.112331" elapsed="2.272672"/>
</kw>
<status status="PASS" start="2024-06-02T15:09:16.112331" elapsed="2.272672"/>
</kw>
<tag>smoketest</tag>
<status status="PASS" start="2024-06-02T15:09:00.250184" elapsed="18.134819"/>
</test>
<doc>Test case for Bookmodule</doc>
<status status="PASS" start="2024-06-02T15:08:59.764849" elapsed="18.622182"/>
</suite>
<status status="PASS" start="2024-06-02T15:08:59.727050" elapsed="18.660491"/>
</suite>
<statistics>
<total>
<stat pass="1" fail="0" skip="0">All Tests</stat>
</total>
<tag>
<stat pass="1" fail="0" skip="0">smoketest</stat>
</tag>
<suite>
<stat pass="1" fail="0" skip="0" id="s1" name="TestCase">TestCase</stat>
<stat pass="1" fail="0" skip="0" id="s1-s1" name="TestBookmoduleclickproduct">TestCase.TestBookmoduleclickproduct</stat>
</suite>
</statistics>
<errors>
</errors>
</robot>
