<?xml version="1.0" encoding="UTF-8"?>
<robot generator="Robot 7.0 (Python 3.12.2 on win32)" generated="2024-05-28T09:40:38.384601" rpa="false" schemaversion="5">
<suite id="s1" name="Git Own Repo" source="E:\EXPLEO\Git Own Repo">
<suite id="s1-s1" name="TestCase" source="E:\EXPLEO\Git Own Repo\TestCase">
<suite id="s1-s1-s1" name="TestBookmoduleremoveproduct" source="E:\EXPLEO\Git Own Repo\TestCase\TestBookmoduleremoveproduct.robot">
<test id="s1-s1-s1-t1" name="To remove the product from shopping cart" line="14">
<kw name="Open a browser with url" owner="Genericresource" type="SETUP">
<kw name="Create Webdriver" owner="SeleniumLibrary">
<msg time="2024-05-28T09:40:38.855952" level="INFO">Creating an instance of the Chrome WebDriver.</msg>
<arg>${browser}</arg>
<doc>Creates an instance of Selenium WebDriver.</doc>
<status status="PASS" start="2024-05-28T09:40:38.848934" elapsed="6.192870"/>
</kw>
<kw name="Go To" owner="SeleniumLibrary">
<msg time="2024-05-28T09:40:45.047594" level="INFO">Opening url 'https://demowebshop.tricentis.com/'</msg>
<arg>${url}</arg>
<doc>Navigates the current browser window to the provided ``url``.</doc>
<status status="PASS" start="2024-05-28T09:40:45.046539" elapsed="4.428087"/>
</kw>
<kw name="Set Selenium Implicit Wait" owner="SeleniumLibrary">
<arg>10</arg>
<doc>Sets the implicit wait value used by Selenium.</doc>
<status status="PASS" start="2024-05-28T09:40:49.484717" elapsed="0.006164"/>
</kw>
<status status="PASS" start="2024-05-28T09:40:38.848934" elapsed="10.649954"/>
</kw>
<kw name="To remove the product from the shopping cart">
<kw name="To click book option" owner="bookmoduleresource">
<kw name="Run Keyword And Ignore Error" owner="BuiltIn">
<kw name="Click Link" owner="SeleniumLibrary">
<msg time="2024-05-28T09:40:49.498888" level="INFO">Clicking link 'xpath:(//li/a)[5]'.</msg>
<arg>${book_l}</arg>
<doc>Clicks a link identified by ``locator``.</doc>
<status status="PASS" start="2024-05-28T09:40:49.498888" elapsed="2.046295"/>
</kw>
<arg>Click Link</arg>
<arg>${book_l}</arg>
<doc>Runs the given keyword with the given arguments and ignores possible error.</doc>
<status status="PASS" start="2024-05-28T09:40:49.498888" elapsed="2.046295"/>
</kw>
<status status="PASS" start="2024-05-28T09:40:49.498888" elapsed="2.046295"/>
</kw>
<kw name="click on add to card button" owner="bookmoduleresource">
<kw name="Click Element" owner="SeleniumLibrary">
<msg time="2024-05-28T09:40:51.545183" level="INFO">Clicking element 'xpath:(//input[@class="button-2 product-box-add-to-cart-button"])[1]'.</msg>
<arg>${addtocard_l}</arg>
<doc>Click the element identified by ``locator``.</doc>
<status status="PASS" start="2024-05-28T09:40:51.545183" elapsed="0.218728"/>
</kw>
<status status="PASS" start="2024-05-28T09:40:51.545183" elapsed="0.218728"/>
</kw>
<kw name="click on shopping cart button" owner="bookmoduleresource">
<kw name="Click Link" owner="SeleniumLibrary">
<msg time="2024-05-28T09:40:51.772466" level="INFO">Clicking link 'javascript:document.querySelector('a.ico-cart &gt; span')'.</msg>
<msg time="2024-05-28T09:41:02.071527" level="INFO" html="true">&lt;/td&gt;&lt;/tr&gt;&lt;tr&gt;&lt;td colspan="3"&gt;&lt;a href="selenium-screenshot-1.png"&gt;&lt;img src="selenium-screenshot-1.png" width="800px"&gt;&lt;/a&gt;</msg>
<msg time="2024-05-28T09:41:02.079534" level="FAIL">Link with locator 'javascript:document.querySelector('a.ico-cart &gt; span')' not found.</msg>
<arg>${shopping_cardbutton_l}</arg>
<doc>Clicks a link identified by ``locator``.</doc>
<status status="FAIL" start="2024-05-28T09:40:51.763911" elapsed="10.315623">Link with locator 'javascript:document.querySelector('a.ico-cart &gt; span')' not found.</status>
</kw>
<status status="FAIL" start="2024-05-28T09:40:51.763911" elapsed="10.315623">Link with locator 'javascript:document.querySelector('a.ico-cart &gt; span')' not found.</status>
</kw>
<status status="FAIL" start="2024-05-28T09:40:49.498888" elapsed="12.580646">Link with locator 'javascript:document.querySelector('a.ico-cart &gt; span')' not found.</status>
</kw>
<kw name="Close the browser" owner="Genericresource" type="TEARDOWN">
<kw name="Close Browser" owner="SeleniumLibrary">
<doc>Closes the current browser.</doc>
<status status="PASS" start="2024-05-28T09:41:02.079534" elapsed="2.366530"/>
</kw>
<status status="PASS" start="2024-05-28T09:41:02.079534" elapsed="2.366530"/>
</kw>
<tag>Regressiontest</tag>
<status status="FAIL" start="2024-05-28T09:40:38.848934" elapsed="25.597130">Link with locator 'javascript:document.querySelector('a.ico-cart &gt; span')' not found.</status>
</test>
<doc>Test case for Bookmodule</doc>
<status status="FAIL" start="2024-05-28T09:40:38.438310" elapsed="26.008910"/>
</suite>
<status status="FAIL" start="2024-05-28T09:40:38.437303" elapsed="26.012637"/>
</suite>
<status status="FAIL" start="2024-05-28T09:40:38.393622" elapsed="26.056318"/>
</suite>
<statistics>
<total>
<stat pass="0" fail="1" skip="0">All Tests</stat>
</total>
<tag>
<stat pass="0" fail="1" skip="0">Regressiontest</stat>
</tag>
<suite>
<stat pass="0" fail="1" skip="0" id="s1" name="Git Own Repo">Git Own Repo</stat>
<stat pass="0" fail="1" skip="0" id="s1-s1" name="TestCase">Git Own Repo.TestCase</stat>
<stat pass="0" fail="1" skip="0" id="s1-s1-s1" name="TestBookmoduleremoveproduct">Git Own Repo.TestCase.TestBookmoduleremoveproduct</stat>
</suite>
</statistics>
<errors>
</errors>
</robot>
