<?xml version="1.0" encoding="UTF-8"?>
<robot generator="Robot 7.0 (Python 3.12.2 on win32)" generated="2024-06-02T15:08:59.716041" rpa="false" schemaversion="5">
<suite id="s1" name="TestCase" source="E:\EXPLEO\Git Own Repo\TestCase">
<suite id="s1-s1" name="TestBookmodulesortby" source="E:\EXPLEO\Git Own Repo\TestCase\TestBookmodulesortby.robot">
<test id="s1-s1-t1" name="To verify sorting functionality" line="13">
<kw name="Open the Browser" owner="GenericResources" type="SETUP">
<kw name="Open Browser" owner="SeleniumLibrary">
<msg time="2024-06-02T15:09:00.257213" level="INFO">Opening browser 'Chrome' to base url 'https://demowebshop.tricentis.com/'.</msg>
<arg>${url}</arg>
<arg>${browser_name}</arg>
<doc>Opens a new browser instance to the optional ``url``.</doc>
<status status="PASS" start="2024-06-02T15:09:00.257213" elapsed="9.300213"/>
</kw>
<kw name="Maximize Browser Window" owner="SeleniumLibrary">
<doc>Maximizes current browser window.</doc>
<status status="PASS" start="2024-06-02T15:09:09.565436" elapsed="0.690315"/>
</kw>
<kw name="Set Selenium Implicit Wait" owner="SeleniumLibrary">
<arg>10 seconds</arg>
<doc>Sets the implicit wait value used by Selenium.</doc>
<status status="PASS" start="2024-06-02T15:09:10.255751" elapsed="0.032506"/>
</kw>
<status status="PASS" start="2024-06-02T15:09:00.257213" elapsed="10.031044"/>
</kw>
<kw name="To verify sorting by selecting &quot;A-Z&quot; option">
<kw name="To click book option" owner="bookmoduleresource">
<try>
<branch type="TRY">
<kw name="Click Link" owner="SeleniumLibrary">
<msg time="2024-06-02T15:09:10.296274" level="INFO">Clicking link 'xpath:(//li/a)[5]'.</msg>
<arg>${book_l}</arg>
<doc>Clicks a link identified by ``locator``.</doc>
<status status="PASS" start="2024-06-02T15:09:10.296274" elapsed="2.256467"/>
</kw>
<status status="PASS" start="2024-06-02T15:09:10.296274" elapsed="2.256467"/>
</branch>
<branch type="EXCEPT">
<kw name="Log To Console" owner="BuiltIn">
<arg>Error clicking book option: ${book_l}</arg>
<doc>Logs the given message to the console.</doc>
<status status="NOT RUN" start="2024-06-02T15:09:12.552741" elapsed="0.000000"/>
</kw>
<status status="NOT RUN" start="2024-06-02T15:09:12.552741" elapsed="0.000000"/>
</branch>
<status status="PASS" start="2024-06-02T15:09:10.296274" elapsed="2.256467"/>
</try>
<status status="PASS" start="2024-06-02T15:09:10.294767" elapsed="2.257974"/>
</kw>
<kw name="click on sortbyoption" owner="bookmoduleresource">
<try>
<branch type="TRY">
<kw name="Select From List By Index" owner="SeleniumLibrary">
<msg time="2024-06-02T15:09:12.552741" level="INFO">Selecting options from selection list 'id:products-orderby' by index 1.</msg>
<arg>${position_l}</arg>
<arg>1</arg>
<doc>Selects options from selection list ``locator`` by ``indexes``.</doc>
<status status="PASS" start="2024-06-02T15:09:12.552741" elapsed="1.783840"/>
</kw>
<status status="PASS" start="2024-06-02T15:09:12.552741" elapsed="1.783840"/>
</branch>
<branch type="EXCEPT">
<kw name="Log To Console" owner="BuiltIn">
<arg>Error clicking sortby option: ${position_l}</arg>
<doc>Logs the given message to the console.</doc>
<status status="NOT RUN" start="2024-06-02T15:09:14.336581" elapsed="0.000000"/>
</kw>
<status status="NOT RUN" start="2024-06-02T15:09:14.336581" elapsed="0.000000"/>
</branch>
<status status="PASS" start="2024-06-02T15:09:12.552741" elapsed="1.783840"/>
</try>
<status status="PASS" start="2024-06-02T15:09:12.552741" elapsed="1.783840"/>
</kw>
<status status="PASS" start="2024-06-02T15:09:10.294767" elapsed="4.041814"/>
</kw>
<kw name="Close Browser Session" owner="GenericResources" type="TEARDOWN">
<kw name="Close Browser" owner="SeleniumLibrary">
<doc>Closes the current browser.</doc>
<status status="PASS" start="2024-06-02T15:09:14.336581" elapsed="4.730393"/>
</kw>
<status status="PASS" start="2024-06-02T15:09:14.336581" elapsed="4.730393"/>
</kw>
<tag>Regressiontest</tag>
<status status="PASS" start="2024-06-02T15:09:00.252705" elapsed="18.814269"/>
</test>
<doc>Test case for Bookmodule to sortby</doc>
<status status="PASS" start="2024-06-02T15:08:59.782580" elapsed="19.284394"/>
</suite>
<status status="PASS" start="2024-06-02T15:08:59.747315" elapsed="19.319659"/>
</suite>
<statistics>
<total>
<stat pass="1" fail="0" skip="0">All Tests</stat>
</total>
<tag>
<stat pass="1" fail="0" skip="0">Regressiontest</stat>
</tag>
<suite>
<stat pass="1" fail="0" skip="0" id="s1" name="TestCase">TestCase</stat>
<stat pass="1" fail="0" skip="0" id="s1-s1" name="TestBookmodulesortby">TestCase.TestBookmodulesortby</stat>
</suite>
</statistics>
<errors>
</errors>
</robot>
