<?xml version="1.0" encoding="UTF-8"?>
<robot generator="Robot 7.0 (Python 3.12.2 on win32)" generated="2024-06-02T15:08:59.685443" rpa="false" schemaversion="5">
<suite id="s1" name="TestCase" source="E:\EXPLEO\Git Own Repo\TestCase">
<suite id="s1-s1" name="TestBookmodulesortbyprice" source="E:\EXPLEO\Git Own Repo\TestCase\TestBookmodulesortbyprice.robot">
<test id="s1-s1-t1" name="To verify sort the product by price" line="14">
<kw name="Open the Browser" owner="GenericResources" type="SETUP">
<kw name="Open Browser" owner="SeleniumLibrary">
<msg time="2024-06-02T15:09:00.300735" level="INFO">Opening browser 'Chrome' to base url 'https://demowebshop.tricentis.com/'.</msg>
<arg>${url}</arg>
<arg>${browser_name}</arg>
<doc>Opens a new browser instance to the optional ``url``.</doc>
<status status="PASS" start="2024-06-02T15:09:00.300735" elapsed="6.767976"/>
</kw>
<kw name="Maximize Browser Window" owner="SeleniumLibrary">
<doc>Maximizes current browser window.</doc>
<status status="PASS" start="2024-06-02T15:09:07.068711" elapsed="2.723771"/>
</kw>
<kw name="Set Selenium Implicit Wait" owner="SeleniumLibrary">
<arg>10 seconds</arg>
<doc>Sets the implicit wait value used by Selenium.</doc>
<status status="PASS" start="2024-06-02T15:09:09.793019" elapsed="0.182888"/>
</kw>
<status status="PASS" start="2024-06-02T15:09:00.297034" elapsed="9.678873"/>
</kw>
<kw name="To sort the product by low to high price option">
<kw name="To click book option" owner="bookmoduleresource">
<try>
<branch type="TRY">
<kw name="Click Link" owner="SeleniumLibrary">
<msg time="2024-06-02T15:09:09.982413" level="INFO">Clicking link 'xpath:(//li/a)[5]'.</msg>
<arg>${book_l}</arg>
<doc>Clicks a link identified by ``locator``.</doc>
<status status="PASS" start="2024-06-02T15:09:09.975907" elapsed="2.184774"/>
</kw>
<status status="PASS" start="2024-06-02T15:09:09.975907" elapsed="2.184774"/>
</branch>
<branch type="EXCEPT">
<kw name="Log To Console" owner="BuiltIn">
<arg>Error clicking book option: ${book_l}</arg>
<doc>Logs the given message to the console.</doc>
<status status="NOT RUN" start="2024-06-02T15:09:12.163189" elapsed="0.000000"/>
</kw>
<status status="NOT RUN" start="2024-06-02T15:09:12.160681" elapsed="0.002508"/>
</branch>
<status status="PASS" start="2024-06-02T15:09:09.975907" elapsed="2.187282"/>
</try>
<status status="PASS" start="2024-06-02T15:09:09.975907" elapsed="2.187282"/>
</kw>
<kw name="click on sortbypricelowtohighoption" owner="bookmoduleresource">
<try>
<branch type="TRY">
<kw name="Select From List By Index" owner="SeleniumLibrary">
<msg time="2024-06-02T15:09:12.163189" level="INFO">Selecting options from selection list 'id:products-orderby' by index 3.</msg>
<arg>${position_l}</arg>
<arg>3</arg>
<doc>Selects options from selection list ``locator`` by ``indexes``.</doc>
<status status="PASS" start="2024-06-02T15:09:12.163189" elapsed="3.005201"/>
</kw>
<status status="PASS" start="2024-06-02T15:09:12.163189" elapsed="3.005201"/>
</branch>
<branch type="EXCEPT">
<kw name="Log To Console" owner="BuiltIn">
<arg>Error clicking sortby price low to high option: ${position_l}</arg>
<doc>Logs the given message to the console.</doc>
<status status="NOT RUN" start="2024-06-02T15:09:15.168390" elapsed="0.000000"/>
</kw>
<status status="NOT RUN" start="2024-06-02T15:09:15.168390" elapsed="0.000000"/>
</branch>
<status status="PASS" start="2024-06-02T15:09:12.163189" elapsed="3.005201"/>
</try>
<status status="PASS" start="2024-06-02T15:09:12.163189" elapsed="3.005201"/>
</kw>
<status status="PASS" start="2024-06-02T15:09:09.975907" elapsed="5.197000"/>
</kw>
<kw name="Close Browser Session" owner="GenericResources" type="TEARDOWN">
<kw name="Close Browser" owner="SeleniumLibrary">
<doc>Closes the current browser.</doc>
<status status="PASS" start="2024-06-02T15:09:15.172907" elapsed="2.800262"/>
</kw>
<status status="PASS" start="2024-06-02T15:09:15.172907" elapsed="2.800262"/>
</kw>
<tag>Regressiontest</tag>
<status status="PASS" start="2024-06-02T15:09:00.297034" elapsed="17.676135"/>
</test>
<doc>Test case for Bookmodule to verify sort the product by price</doc>
<status status="PASS" start="2024-06-02T15:08:59.774389" elapsed="18.198780"/>
</suite>
<status status="PASS" start="2024-06-02T15:08:59.742622" elapsed="18.230547"/>
</suite>
<statistics>
<total>
<stat pass="1" fail="0" skip="0">All Tests</stat>
</total>
<tag>
<stat pass="1" fail="0" skip="0">Regressiontest</stat>
</tag>
<suite>
<stat pass="1" fail="0" skip="0" id="s1" name="TestCase">TestCase</stat>
<stat pass="1" fail="0" skip="0" id="s1-s1" name="TestBookmodulesortbyprice">TestCase.TestBookmodulesortbyprice</stat>
</suite>
</statistics>
<errors>
</errors>
</robot>
