<?xml version="1.0" encoding="UTF-8"?>
<robot generator="Robot 7.0 (Python 3.12.2 on win32)" generated="2024-06-02T23:42:41.198067" rpa="false" schemaversion="5">
<suite id="s1" name="TestCase" source="E:\EXPLEO\Git Own Repo\TestCase">
<suite id="s1-s1" name="TestBookmodulesortbyprice" source="E:\EXPLEO\Git Own Repo\TestCase\TestBookmodulesortbyprice.robot">
<test id="s1-s1-t1" name="To verify sort the product by price" line="14">
<kw name="Open the Browser" owner="GenericResources" type="SETUP">
<kw name="Open Browser" owner="SeleniumLibrary">
<msg time="2024-06-02T23:42:41.683912" level="INFO">Opening browser 'Chrome' to base url 'https://demowebshop.tricentis.com/'.</msg>
<arg>${url}</arg>
<arg>${browser_name}</arg>
<doc>Opens a new browser instance to the optional ``url``.</doc>
<status status="PASS" start="2024-06-02T23:42:41.683912" elapsed="5.393487"/>
</kw>
<kw name="Maximize Browser Window" owner="SeleniumLibrary">
<doc>Maximizes current browser window.</doc>
<status status="PASS" start="2024-06-02T23:42:47.077399" elapsed="2.765340"/>
</kw>
<kw name="Set Selenium Implicit Wait" owner="SeleniumLibrary">
<arg>10 seconds</arg>
<doc>Sets the implicit wait value used by Selenium.</doc>
<status status="PASS" start="2024-06-02T23:42:49.844322" elapsed="0.014637"/>
</kw>
<status status="PASS" start="2024-06-02T23:42:41.683912" elapsed="8.181061"/>
</kw>
<kw name="To sort the product by low to high price option">
<kw name="To click book option" owner="bookmoduleresource">
<try>
<branch type="TRY">
<kw name="Click Link" owner="SeleniumLibrary">
<msg time="2024-06-02T23:42:49.872983" level="INFO">Clicking link 'xpath:(//li/a)[5]'.</msg>
<arg>${book_l}</arg>
<doc>Clicks a link identified by ``locator``.</doc>
<status status="PASS" start="2024-06-02T23:42:49.872983" elapsed="3.234093"/>
</kw>
<status status="PASS" start="2024-06-02T23:42:49.872983" elapsed="3.234093"/>
</branch>
<branch type="EXCEPT">
<kw name="Log To Console" owner="BuiltIn">
<arg>Error clicking book option: ${book_l}</arg>
<doc>Logs the given message to the console.</doc>
<status status="NOT RUN" start="2024-06-02T23:42:53.107076" elapsed="0.004513"/>
</kw>
<status status="NOT RUN" start="2024-06-02T23:42:53.107076" elapsed="0.004513"/>
</branch>
<status status="PASS" start="2024-06-02T23:42:49.872983" elapsed="3.238606"/>
</try>
<status status="PASS" start="2024-06-02T23:42:49.864973" elapsed="3.246616"/>
</kw>
<kw name="click on sortbypricelowtohighoption" owner="bookmoduleresource">
<try>
<branch type="TRY">
<kw name="Select From List By Index" owner="SeleniumLibrary">
<msg time="2024-06-02T23:42:53.111589" level="INFO">Selecting options from selection list 'id:products-orderby' by index 3.</msg>
<arg>${position_l}</arg>
<arg>3</arg>
<doc>Selects options from selection list ``locator`` by ``indexes``.</doc>
<status status="PASS" start="2024-06-02T23:42:53.111589" elapsed="3.215724"/>
</kw>
<status status="PASS" start="2024-06-02T23:42:53.111589" elapsed="3.215724"/>
</branch>
<branch type="EXCEPT">
<kw name="Log To Console" owner="BuiltIn">
<arg>Error clicking sortby price low to high option: ${position_l}</arg>
<doc>Logs the given message to the console.</doc>
<status status="NOT RUN" start="2024-06-02T23:42:56.327313" elapsed="0.001003"/>
</kw>
<status status="NOT RUN" start="2024-06-02T23:42:56.327313" elapsed="0.001003"/>
</branch>
<status status="PASS" start="2024-06-02T23:42:53.111589" elapsed="3.216727"/>
</try>
<status status="PASS" start="2024-06-02T23:42:53.111589" elapsed="3.216727"/>
</kw>
<kw name="bookmoduleresource.Assert Prices in Ascending Order">
<msg time="2024-06-02T23:42:56.331848" level="FAIL">No keyword with name 'bookmoduleresource.Assert Prices in Ascending Order' found.</msg>
<status status="FAIL" start="2024-06-02T23:42:56.331848" elapsed="0.000000">No keyword with name 'bookmoduleresource.Assert Prices in Ascending Order' found.</status>
</kw>
<status status="FAIL" start="2024-06-02T23:42:49.864973" elapsed="6.466875">No keyword with name 'bookmoduleresource.Assert Prices in Ascending Order' found.</status>
</kw>
<kw name="Close Browser Session" owner="GenericResources" type="TEARDOWN">
<kw name="Close Browser" owner="SeleniumLibrary">
<doc>Closes the current browser.</doc>
<status status="PASS" start="2024-06-02T23:42:56.332899" elapsed="2.330986"/>
</kw>
<status status="PASS" start="2024-06-02T23:42:56.332899" elapsed="2.330986"/>
</kw>
<tag>Regressiontest</tag>
<status status="FAIL" start="2024-06-02T23:42:41.680895" elapsed="16.982990">No keyword with name 'bookmoduleresource.Assert Prices in Ascending Order' found.</status>
</test>
<doc>Test case for Bookmodule to verify sort the product by price</doc>
<status status="FAIL" start="2024-06-02T23:42:41.249536" elapsed="17.424365"/>
</suite>
<status status="FAIL" start="2024-06-02T23:42:41.220101" elapsed="17.453800"/>
</suite>
<statistics>
<total>
<stat pass="0" fail="1" skip="0">All Tests</stat>
</total>
<tag>
<stat pass="0" fail="1" skip="0">Regressiontest</stat>
</tag>
<suite>
<stat pass="0" fail="1" skip="0" id="s1" name="TestCase">TestCase</stat>
<stat pass="0" fail="1" skip="0" id="s1-s1" name="TestBookmodulesortbyprice">TestCase.TestBookmodulesortbyprice</stat>
</suite>
</statistics>
<errors>
</errors>
</robot>
