<?xml version="1.0" encoding="UTF-8"?>
<robot generator="Robot 7.0 (Python 3.12.2 on win32)" generated="2024-05-27T22:24:54.663744" rpa="false" schemaversion="5">
<suite id="s1" name="TestCase" source="E:\EXPLEO\Git Own Repo\TestCase">
<suite id="s1-s1" name="TestBookmodulesortby" source="E:\EXPLEO\Git Own Repo\TestCase\TestBookmodulesortby.robot">
<test id="s1-s1-t1" name="To verify sorting functionality" line="14">
<kw name="Open a browser with url" owner="Genericresource" type="SETUP">
<kw name="Create Webdriver" owner="SeleniumLibrary">
<msg time="2024-05-27T22:24:55.431413" level="INFO">Creating an instance of the Chrome WebDriver.</msg>
<arg>${browser}</arg>
<doc>Creates an instance of Selenium WebDriver.</doc>
<status status="PASS" start="2024-05-27T22:24:55.431413" elapsed="37.819039"/>
</kw>
<kw name="Go To" owner="SeleniumLibrary">
<msg time="2024-05-27T22:25:33.252060" level="INFO">Opening url 'https://demowebshop.tricentis.com/'</msg>
<arg>${url}</arg>
<doc>Navigates the current browser window to the provided ``url``.</doc>
<status status="PASS" start="2024-05-27T22:25:33.250452" elapsed="21.263360"/>
</kw>
<kw name="Set Selenium Implicit Wait" owner="SeleniumLibrary">
<arg>10</arg>
<doc>Sets the implicit wait value used by Selenium.</doc>
<status status="PASS" start="2024-05-27T22:25:54.513812" elapsed="0.005614"/>
</kw>
<status status="PASS" start="2024-05-27T22:24:55.431413" elapsed="59.088013"/>
</kw>
<kw name="To verify sorting by selecting &quot;A-Z&quot; option">
<kw name="To click book option" owner="bookmoduleresource">
<kw name="Run Keyword And Ignore Error" owner="BuiltIn">
<kw name="Click Link" owner="SeleniumLibrary">
<msg time="2024-05-27T22:25:54.527458" level="INFO">Clicking link 'xpath:(//li/a)[5]'.</msg>
<arg>${book_l}</arg>
<doc>Clicks a link identified by ``locator``.</doc>
<status status="PASS" start="2024-05-27T22:25:54.527458" elapsed="7.025677"/>
</kw>
<arg>Click Link</arg>
<arg>${book_l}</arg>
<doc>Runs the given keyword with the given arguments and ignores possible error.</doc>
<status status="PASS" start="2024-05-27T22:25:54.526434" elapsed="7.026701"/>
</kw>
<status status="PASS" start="2024-05-27T22:25:54.519426" elapsed="7.035217"/>
</kw>
<kw name="click on sortbyoption" owner="bookmoduleresource">
<kw name="Select From List By Index" owner="SeleniumLibrary">
<msg time="2024-05-27T22:26:01.555650" level="INFO">Selecting options from selection list 'id:products-orderby' by index 1.</msg>
<arg>${position_l}</arg>
<arg>1</arg>
<doc>Selects options from selection list ``locator`` by ``indexes``.</doc>
<status status="PASS" start="2024-05-27T22:26:01.555650" elapsed="8.911921"/>
</kw>
<status status="PASS" start="2024-05-27T22:26:01.554643" elapsed="8.912928"/>
</kw>
<status status="PASS" start="2024-05-27T22:25:54.519426" elapsed="15.948145"/>
</kw>
<kw name="Close the browser" owner="Genericresource" type="TEARDOWN">
<kw name="Close Browser" owner="SeleniumLibrary">
<doc>Closes the current browser.</doc>
<status status="PASS" start="2024-05-27T22:26:10.467571" elapsed="2.452080"/>
</kw>
<status status="PASS" start="2024-05-27T22:26:10.467571" elapsed="2.452080"/>
</kw>
<tag>Regressiontest</tag>
<status status="PASS" start="2024-05-27T22:24:55.431413" elapsed="77.488238"/>
</test>
<doc>Test case for Bookmodule</doc>
<status status="PASS" start="2024-05-27T22:24:54.730399" elapsed="78.191350"/>
</suite>
<status status="PASS" start="2024-05-27T22:24:54.693466" elapsed="78.228283"/>
</suite>
<statistics>
<total>
<stat pass="1" fail="0" skip="0">All Tests</stat>
</total>
<tag>
<stat pass="1" fail="0" skip="0">Regressiontest</stat>
</tag>
<suite>
<stat pass="1" fail="0" skip="0" id="s1" name="TestCase">TestCase</stat>
<stat pass="1" fail="0" skip="0" id="s1-s1" name="TestBookmodulesortby">TestCase.TestBookmodulesortby</stat>
</suite>
</statistics>
<errors>
</errors>
</robot>
